[0.030s] Invoking command in '/home/t5ai/unitree_go2_ws/src/unitree-go2-ros2/build/champ_bringup': AMENT_PREFIX_PATH=/home/t5ai/unitree_go2_ws/src/unitree-go2-ros2/install/champ_base:/home/t5ai/unitree_go2_ws/src/unitree-go2-ros2/install/champ_msgs:/home/t5ai/unitree_go2_ws/src/unitree-go2-ros2/install/champ_description:/home/t5ai/unitree_go2_ws/src/unitree-go2-ros2/install/champ:${AMENT_PREFIX_PATH} CMAKE_PREFIX_PATH=/home/t5ai/unitree_go2_ws/src/unitree-go2-ros2/install/champ_base:/home/t5ai/unitree_go2_ws/src/unitree-go2-ros2/install/champ_msgs:/home/t5ai/unitree_go2_ws/src/unitree-go2-ros2/install/champ_description:/home/t5ai/unitree_go2_ws/src/unitree-go2-ros2/install/champ:/home/t5ai/unitree_go2_ws/install/go2_helloworld:/home/t5ai/unitree_go2_ws/install/go2_description:/home/t5ai/unitree_go2_ws/install/go2_config:/home/t5ai/unitree_go2_ws/install/champ_teleop:/home/t5ai/unitree_go2_ws/install/champ_navigation:/home/t5ai/unitree_go2_ws/install/champ_gazebo:/home/t5ai/unitree_go2_ws/install/champ_bringup:/home/t5ai/unitree_go2_ws/install/champ_base:/home/t5ai/unitree_go2_ws/install/champ_msgs:/home/t5ai/unitree_go2_ws/install/champ_description:/home/t5ai/unitree_go2_ws/install/champ_config:/home/t5ai/unitree_go2_ws/install/champ:/home/t5ai/unitree_ros2/cyclonedds_ws/install/unitree_hg:/home/t5ai/unitree_ros2/cyclonedds_ws/install/unitree_go:/home/t5ai/unitree_ros2/cyclonedds_ws/install/unitree_api:/home/t5ai/unitree_ros2/cyclonedds_ws/install/rmw_cyclonedds_cpp:/home/t5ai/unitree_ros2/cyclonedds_ws/install/cyclonedds:/home/t5ai/unitree_go2_ws/install/go2_helloworld_py:/home/t5ai/unitree_go2_ws/install/go2_gait_tools:/opt/ros/humble LD_LIBRARY_PATH=/home/t5ai/unitree_go2_ws/src/unitree-go2-ros2/install/champ_base/lib:/home/t5ai/unitree_go2_ws/src/unitree-go2-ros2/install/champ_msgs/lib:${LD_LIBRARY_PATH} PATH=/home/t5ai/unitree_go2_ws/src/unitree-go2-ros2/install/champ_base/bin:${PATH} PYTHONPATH=/home/t5ai/unitree_go2_ws/src/unitree-go2-ros2/install/champ_msgs/local/lib/python3.10/dist-packages:${PYTHONPATH} /usr/bin/cmake /home/t5ai/unitree_go2_ws/src/unitree-go2-ros2/champ/champ_bringup -DCMAKE_INSTALL_PREFIX=/home/t5ai/unitree_go2_ws/src/unitree-go2-ros2/install/champ_bringup
[0.124s] -- The C compiler identification is GNU 11.4.0
[0.181s] -- The CXX compiler identification is GNU 11.4.0
[0.200s] -- Detecting C compiler ABI info
[0.294s] -- Detecting C compiler ABI info - done
[0.301s] -- Check for working C compiler: /usr/bin/cc - skipped
[0.302s] -- Detecting C compile features
[0.302s] -- Detecting C compile features - done
[0.306s] -- Detecting CXX compiler ABI info
[0.386s] -- Detecting CXX compiler ABI info - done
[0.392s] -- Check for working CXX compiler: /usr/bin/c++ - skipped
[0.393s] -- Detecting CXX compile features
[0.393s] -- Detecting CXX compile features - done
[0.405s] -- Found ament_cmake: 1.3.11 (/opt/ros/humble/share/ament_cmake/cmake)
[0.582s] -- Found Python3: /usr/bin/python3 (found version "3.10.12") found components: Interpreter 
[0.892s] -- Configuring done
[0.897s] -- Generating done
[0.901s] -- Build files have been written to: /home/t5ai/unitree_go2_ws/src/unitree-go2-ros2/build/champ_bringup
[0.907s] Invoked command in '/home/t5ai/unitree_go2_ws/src/unitree-go2-ros2/build/champ_bringup' returned '0': AMENT_PREFIX_PATH=/home/t5ai/unitree_go2_ws/src/unitree-go2-ros2/install/champ_base:/home/t5ai/unitree_go2_ws/src/unitree-go2-ros2/install/champ_msgs:/home/t5ai/unitree_go2_ws/src/unitree-go2-ros2/install/champ_description:/home/t5ai/unitree_go2_ws/src/unitree-go2-ros2/install/champ:${AMENT_PREFIX_PATH} CMAKE_PREFIX_PATH=/home/t5ai/unitree_go2_ws/src/unitree-go2-ros2/install/champ_base:/home/t5ai/unitree_go2_ws/src/unitree-go2-ros2/install/champ_msgs:/home/t5ai/unitree_go2_ws/src/unitree-go2-ros2/install/champ_description:/home/t5ai/unitree_go2_ws/src/unitree-go2-ros2/install/champ:/home/t5ai/unitree_go2_ws/install/go2_helloworld:/home/t5ai/unitree_go2_ws/install/go2_description:/home/t5ai/unitree_go2_ws/install/go2_config:/home/t5ai/unitree_go2_ws/install/champ_teleop:/home/t5ai/unitree_go2_ws/install/champ_navigation:/home/t5ai/unitree_go2_ws/install/champ_gazebo:/home/t5ai/unitree_go2_ws/install/champ_bringup:/home/t5ai/unitree_go2_ws/install/champ_base:/home/t5ai/unitree_go2_ws/install/champ_msgs:/home/t5ai/unitree_go2_ws/install/champ_description:/home/t5ai/unitree_go2_ws/install/champ_config:/home/t5ai/unitree_go2_ws/install/champ:/home/t5ai/unitree_ros2/cyclonedds_ws/install/unitree_hg:/home/t5ai/unitree_ros2/cyclonedds_ws/install/unitree_go:/home/t5ai/unitree_ros2/cyclonedds_ws/install/unitree_api:/home/t5ai/unitree_ros2/cyclonedds_ws/install/rmw_cyclonedds_cpp:/home/t5ai/unitree_ros2/cyclonedds_ws/install/cyclonedds:/home/t5ai/unitree_go2_ws/install/go2_helloworld_py:/home/t5ai/unitree_go2_ws/install/go2_gait_tools:/opt/ros/humble LD_LIBRARY_PATH=/home/t5ai/unitree_go2_ws/src/unitree-go2-ros2/install/champ_base/lib:/home/t5ai/unitree_go2_ws/src/unitree-go2-ros2/install/champ_msgs/lib:${LD_LIBRARY_PATH} PATH=/home/t5ai/unitree_go2_ws/src/unitree-go2-ros2/install/champ_base/bin:${PATH} PYTHONPATH=/home/t5ai/unitree_go2_ws/src/unitree-go2-ros2/install/champ_msgs/local/lib/python3.10/dist-packages:${PYTHONPATH} /usr/bin/cmake /home/t5ai/unitree_go2_ws/src/unitree-go2-ros2/champ/champ_bringup -DCMAKE_INSTALL_PREFIX=/home/t5ai/unitree_go2_ws/src/unitree-go2-ros2/install/champ_bringup
[0.909s] Invoking command in '/home/t5ai/unitree_go2_ws/src/unitree-go2-ros2/build/champ_bringup': AMENT_PREFIX_PATH=/home/t5ai/unitree_go2_ws/src/unitree-go2-ros2/install/champ_base:/home/t5ai/unitree_go2_ws/src/unitree-go2-ros2/install/champ_msgs:/home/t5ai/unitree_go2_ws/src/unitree-go2-ros2/install/champ_description:/home/t5ai/unitree_go2_ws/src/unitree-go2-ros2/install/champ:${AMENT_PREFIX_PATH} CMAKE_PREFIX_PATH=/home/t5ai/unitree_go2_ws/src/unitree-go2-ros2/install/champ_base:/home/t5ai/unitree_go2_ws/src/unitree-go2-ros2/install/champ_msgs:/home/t5ai/unitree_go2_ws/src/unitree-go2-ros2/install/champ_description:/home/t5ai/unitree_go2_ws/src/unitree-go2-ros2/install/champ:/home/t5ai/unitree_go2_ws/install/go2_helloworld:/home/t5ai/unitree_go2_ws/install/go2_description:/home/t5ai/unitree_go2_ws/install/go2_config:/home/t5ai/unitree_go2_ws/install/champ_teleop:/home/t5ai/unitree_go2_ws/install/champ_navigation:/home/t5ai/unitree_go2_ws/install/champ_gazebo:/home/t5ai/unitree_go2_ws/install/champ_bringup:/home/t5ai/unitree_go2_ws/install/champ_base:/home/t5ai/unitree_go2_ws/install/champ_msgs:/home/t5ai/unitree_go2_ws/install/champ_description:/home/t5ai/unitree_go2_ws/install/champ_config:/home/t5ai/unitree_go2_ws/install/champ:/home/t5ai/unitree_ros2/cyclonedds_ws/install/unitree_hg:/home/t5ai/unitree_ros2/cyclonedds_ws/install/unitree_go:/home/t5ai/unitree_ros2/cyclonedds_ws/install/unitree_api:/home/t5ai/unitree_ros2/cyclonedds_ws/install/rmw_cyclonedds_cpp:/home/t5ai/unitree_ros2/cyclonedds_ws/install/cyclonedds:/home/t5ai/unitree_go2_ws/install/go2_helloworld_py:/home/t5ai/unitree_go2_ws/install/go2_gait_tools:/opt/ros/humble LD_LIBRARY_PATH=/home/t5ai/unitree_go2_ws/src/unitree-go2-ros2/install/champ_base/lib:/home/t5ai/unitree_go2_ws/src/unitree-go2-ros2/install/champ_msgs/lib:${LD_LIBRARY_PATH} PATH=/home/t5ai/unitree_go2_ws/src/unitree-go2-ros2/install/champ_base/bin:${PATH} PYTHONPATH=/home/t5ai/unitree_go2_ws/src/unitree-go2-ros2/install/champ_msgs/local/lib/python3.10/dist-packages:${PYTHONPATH} /usr/bin/cmake --build /home/t5ai/unitree_go2_ws/src/unitree-go2-ros2/build/champ_bringup -- -j8 -l8
[0.971s] Built target ament_cmake_python_copy_champ_bringup
[1.337s] running egg_info
[1.337s] creating champ_bringup.egg-info
[1.337s] writing champ_bringup.egg-info/PKG-INFO
[1.337s] writing dependency_links to champ_bringup.egg-info/dependency_links.txt
[1.337s] writing top-level names to champ_bringup.egg-info/top_level.txt
[1.338s] writing manifest file 'champ_bringup.egg-info/SOURCES.txt'
[1.339s] reading manifest file 'champ_bringup.egg-info/SOURCES.txt'
[1.340s] writing manifest file 'champ_bringup.egg-info/SOURCES.txt'
[1.362s] Built target ament_cmake_python_build_champ_bringup_egg
[1.373s] Invoked command in '/home/t5ai/unitree_go2_ws/src/unitree-go2-ros2/build/champ_bringup' returned '0': AMENT_PREFIX_PATH=/home/t5ai/unitree_go2_ws/src/unitree-go2-ros2/install/champ_base:/home/t5ai/unitree_go2_ws/src/unitree-go2-ros2/install/champ_msgs:/home/t5ai/unitree_go2_ws/src/unitree-go2-ros2/install/champ_description:/home/t5ai/unitree_go2_ws/src/unitree-go2-ros2/install/champ:${AMENT_PREFIX_PATH} CMAKE_PREFIX_PATH=/home/t5ai/unitree_go2_ws/src/unitree-go2-ros2/install/champ_base:/home/t5ai/unitree_go2_ws/src/unitree-go2-ros2/install/champ_msgs:/home/t5ai/unitree_go2_ws/src/unitree-go2-ros2/install/champ_description:/home/t5ai/unitree_go2_ws/src/unitree-go2-ros2/install/champ:/home/t5ai/unitree_go2_ws/install/go2_helloworld:/home/t5ai/unitree_go2_ws/install/go2_description:/home/t5ai/unitree_go2_ws/install/go2_config:/home/t5ai/unitree_go2_ws/install/champ_teleop:/home/t5ai/unitree_go2_ws/install/champ_navigation:/home/t5ai/unitree_go2_ws/install/champ_gazebo:/home/t5ai/unitree_go2_ws/install/champ_bringup:/home/t5ai/unitree_go2_ws/install/champ_base:/home/t5ai/unitree_go2_ws/install/champ_msgs:/home/t5ai/unitree_go2_ws/install/champ_description:/home/t5ai/unitree_go2_ws/install/champ_config:/home/t5ai/unitree_go2_ws/install/champ:/home/t5ai/unitree_ros2/cyclonedds_ws/install/unitree_hg:/home/t5ai/unitree_ros2/cyclonedds_ws/install/unitree_go:/home/t5ai/unitree_ros2/cyclonedds_ws/install/unitree_api:/home/t5ai/unitree_ros2/cyclonedds_ws/install/rmw_cyclonedds_cpp:/home/t5ai/unitree_ros2/cyclonedds_ws/install/cyclonedds:/home/t5ai/unitree_go2_ws/install/go2_helloworld_py:/home/t5ai/unitree_go2_ws/install/go2_gait_tools:/opt/ros/humble LD_LIBRARY_PATH=/home/t5ai/unitree_go2_ws/src/unitree-go2-ros2/install/champ_base/lib:/home/t5ai/unitree_go2_ws/src/unitree-go2-ros2/install/champ_msgs/lib:${LD_LIBRARY_PATH} PATH=/home/t5ai/unitree_go2_ws/src/unitree-go2-ros2/install/champ_base/bin:${PATH} PYTHONPATH=/home/t5ai/unitree_go2_ws/src/unitree-go2-ros2/install/champ_msgs/local/lib/python3.10/dist-packages:${PYTHONPATH} /usr/bin/cmake --build /home/t5ai/unitree_go2_ws/src/unitree-go2-ros2/build/champ_bringup -- -j8 -l8
[1.374s] Invoking command in '/home/t5ai/unitree_go2_ws/src/unitree-go2-ros2/build/champ_bringup': AMENT_PREFIX_PATH=/home/t5ai/unitree_go2_ws/src/unitree-go2-ros2/install/champ_base:/home/t5ai/unitree_go2_ws/src/unitree-go2-ros2/install/champ_msgs:/home/t5ai/unitree_go2_ws/src/unitree-go2-ros2/install/champ_description:/home/t5ai/unitree_go2_ws/src/unitree-go2-ros2/install/champ:${AMENT_PREFIX_PATH} CMAKE_PREFIX_PATH=/home/t5ai/unitree_go2_ws/src/unitree-go2-ros2/install/champ_base:/home/t5ai/unitree_go2_ws/src/unitree-go2-ros2/install/champ_msgs:/home/t5ai/unitree_go2_ws/src/unitree-go2-ros2/install/champ_description:/home/t5ai/unitree_go2_ws/src/unitree-go2-ros2/install/champ:/home/t5ai/unitree_go2_ws/install/go2_helloworld:/home/t5ai/unitree_go2_ws/install/go2_description:/home/t5ai/unitree_go2_ws/install/go2_config:/home/t5ai/unitree_go2_ws/install/champ_teleop:/home/t5ai/unitree_go2_ws/install/champ_navigation:/home/t5ai/unitree_go2_ws/install/champ_gazebo:/home/t5ai/unitree_go2_ws/install/champ_bringup:/home/t5ai/unitree_go2_ws/install/champ_base:/home/t5ai/unitree_go2_ws/install/champ_msgs:/home/t5ai/unitree_go2_ws/install/champ_description:/home/t5ai/unitree_go2_ws/install/champ_config:/home/t5ai/unitree_go2_ws/install/champ:/home/t5ai/unitree_ros2/cyclonedds_ws/install/unitree_hg:/home/t5ai/unitree_ros2/cyclonedds_ws/install/unitree_go:/home/t5ai/unitree_ros2/cyclonedds_ws/install/unitree_api:/home/t5ai/unitree_ros2/cyclonedds_ws/install/rmw_cyclonedds_cpp:/home/t5ai/unitree_ros2/cyclonedds_ws/install/cyclonedds:/home/t5ai/unitree_go2_ws/install/go2_helloworld_py:/home/t5ai/unitree_go2_ws/install/go2_gait_tools:/opt/ros/humble LD_LIBRARY_PATH=/home/t5ai/unitree_go2_ws/src/unitree-go2-ros2/install/champ_base/lib:/home/t5ai/unitree_go2_ws/src/unitree-go2-ros2/install/champ_msgs/lib:${LD_LIBRARY_PATH} PATH=/home/t5ai/unitree_go2_ws/src/unitree-go2-ros2/install/champ_base/bin:${PATH} PYTHONPATH=/home/t5ai/unitree_go2_ws/src/unitree-go2-ros2/install/champ_msgs/local/lib/python3.10/dist-packages:${PYTHONPATH} /usr/bin/cmake --install /home/t5ai/unitree_go2_ws/src/unitree-go2-ros2/build/champ_bringup
[1.381s] -- Install configuration: ""
[1.382s] -- Installing: /home/t5ai/unitree_go2_ws/src/unitree-go2-ros2/install/champ_bringup/share/champ_bringup/launch
[1.382s] -- Installing: /home/t5ai/unitree_go2_ws/src/unitree-go2-ros2/install/champ_bringup/share/champ_bringup/launch/include
[1.382s] -- Installing: /home/t5ai/unitree_go2_ws/src/unitree-go2-ros2/install/champ_bringup/share/champ_bringup/launch/include/velocity_smoother.launch
[1.382s] -- Installing: /home/t5ai/unitree_go2_ws/src/unitree-go2-ros2/install/champ_bringup/share/champ_bringup/launch/include/laser
[1.382s] -- Installing: /home/t5ai/unitree_go2_ws/src/unitree-go2-ros2/install/champ_bringup/share/champ_bringup/launch/include/laser/lms1xx.launch
[1.383s] -- Installing: /home/t5ai/unitree_go2_ws/src/unitree-go2-ros2/install/champ_bringup/share/champ_bringup/launch/include/laser/d435.launch
[1.383s] -- Installing: /home/t5ai/unitree_go2_ws/src/unitree-go2-ros2/install/champ_bringup/share/champ_bringup/launch/include/laser/hokuyo.launch
[1.383s] -- Installing: /home/t5ai/unitree_go2_ws/src/unitree-go2-ros2/install/champ_bringup/share/champ_bringup/launch/include/laser/rplidar.launch
[1.383s] -- Installing: /home/t5ai/unitree_go2_ws/src/unitree-go2-ros2/install/champ_bringup/share/champ_bringup/launch/include/laser/realsense.launch
[1.384s] -- Installing: /home/t5ai/unitree_go2_ws/src/unitree-go2-ros2/install/champ_bringup/share/champ_bringup/launch/include/laser/xv11.launch
[1.384s] -- Installing: /home/t5ai/unitree_go2_ws/src/unitree-go2-ros2/install/champ_bringup/share/champ_bringup/launch/include/laser/kinect.launch
[1.385s] -- Installing: /home/t5ai/unitree_go2_ws/src/unitree-go2-ros2/install/champ_bringup/share/champ_bringup/launch/include/laser/ydlidar.launch
[1.386s] -- Installing: /home/t5ai/unitree_go2_ws/src/unitree-go2-ros2/install/champ_bringup/share/champ_bringup/launch/include/laser/sim.launch
[1.386s] -- Installing: /home/t5ai/unitree_go2_ws/src/unitree-go2-ros2/install/champ_bringup/share/champ_bringup/launch/include/laser/sweep.launch
[1.387s] -- Installing: /home/t5ai/unitree_go2_ws/src/unitree-go2-ros2/install/champ_bringup/share/champ_bringup/launch/bringup.launch.py
[1.387s] -- Installing: /home/t5ai/unitree_go2_ws/src/unitree-go2-ros2/install/champ_bringup/share/champ_bringup/launch/joints_gui.launch.py
[1.388s] -- Installing: /home/t5ai/unitree_go2_ws/src/unitree-go2-ros2/install/champ_bringup/share/champ_bringup/launch/bringup.launch
[1.388s] -- Installing: /home/t5ai/unitree_go2_ws/src/unitree-go2-ros2/install/champ_bringup/share/champ_bringup/launch/joints_gui.launch
[1.388s] -- Installing: /home/t5ai/unitree_go2_ws/src/unitree-go2-ros2/install/champ_bringup/share/champ_bringup/environment/pythonpath.sh
[1.388s] -- Installing: /home/t5ai/unitree_go2_ws/src/unitree-go2-ros2/install/champ_bringup/share/champ_bringup/environment/pythonpath.dsv
[1.388s] -- Installing: /home/t5ai/unitree_go2_ws/src/unitree-go2-ros2/install/champ_bringup/local/lib/python3.10/dist-packages/champ_bringup-0.1.0-py3.10.egg-info
[1.389s] -- Installing: /home/t5ai/unitree_go2_ws/src/unitree-go2-ros2/install/champ_bringup/local/lib/python3.10/dist-packages/champ_bringup-0.1.0-py3.10.egg-info/PKG-INFO
[1.389s] -- Installing: /home/t5ai/unitree_go2_ws/src/unitree-go2-ros2/install/champ_bringup/local/lib/python3.10/dist-packages/champ_bringup-0.1.0-py3.10.egg-info/dependency_links.txt
[1.389s] -- Installing: /home/t5ai/unitree_go2_ws/src/unitree-go2-ros2/install/champ_bringup/local/lib/python3.10/dist-packages/champ_bringup-0.1.0-py3.10.egg-info/top_level.txt
[1.389s] -- Installing: /home/t5ai/unitree_go2_ws/src/unitree-go2-ros2/install/champ_bringup/local/lib/python3.10/dist-packages/champ_bringup-0.1.0-py3.10.egg-info/SOURCES.txt
[1.389s] -- Installing: /home/t5ai/unitree_go2_ws/src/unitree-go2-ros2/install/champ_bringup/local/lib/python3.10/dist-packages/champ_bringup
[1.389s] -- Installing: /home/t5ai/unitree_go2_ws/src/unitree-go2-ros2/install/champ_bringup/local/lib/python3.10/dist-packages/champ_bringup/__init__.py
[1.389s] -- Installing: /home/t5ai/unitree_go2_ws/src/unitree-go2-ros2/install/champ_bringup/local/lib/python3.10/dist-packages/champ_bringup/joint_calibrator_relay.py
[1.424s] Listing '/home/t5ai/unitree_go2_ws/src/unitree-go2-ros2/install/champ_bringup/local/lib/python3.10/dist-packages/champ_bringup'...
[1.424s] Compiling '/home/t5ai/unitree_go2_ws/src/unitree-go2-ros2/install/champ_bringup/local/lib/python3.10/dist-packages/champ_bringup/__init__.py'...
[1.424s] Compiling '/home/t5ai/unitree_go2_ws/src/unitree-go2-ros2/install/champ_bringup/local/lib/python3.10/dist-packages/champ_bringup/joint_calibrator_relay.py'...
[1.428s] -- Installing: /home/t5ai/unitree_go2_ws/src/unitree-go2-ros2/install/champ_bringup/lib/champ_bringup/joint_calibrator_relay.py
[1.429s] -- Installing: /home/t5ai/unitree_go2_ws/src/unitree-go2-ros2/install/champ_bringup/share/ament_index/resource_index/package_run_dependencies/champ_bringup
[1.429s] -- Installing: /home/t5ai/unitree_go2_ws/src/unitree-go2-ros2/install/champ_bringup/share/ament_index/resource_index/parent_prefix_path/champ_bringup
[1.429s] -- Installing: /home/t5ai/unitree_go2_ws/src/unitree-go2-ros2/install/champ_bringup/share/champ_bringup/environment/ament_prefix_path.sh
[1.429s] -- Installing: /home/t5ai/unitree_go2_ws/src/unitree-go2-ros2/install/champ_bringup/share/champ_bringup/environment/ament_prefix_path.dsv
[1.429s] -- Installing: /home/t5ai/unitree_go2_ws/src/unitree-go2-ros2/install/champ_bringup/share/champ_bringup/environment/path.sh
[1.429s] -- Installing: /home/t5ai/unitree_go2_ws/src/unitree-go2-ros2/install/champ_bringup/share/champ_bringup/environment/path.dsv
[1.429s] -- Installing: /home/t5ai/unitree_go2_ws/src/unitree-go2-ros2/install/champ_bringup/share/champ_bringup/local_setup.bash
[1.430s] -- Installing: /home/t5ai/unitree_go2_ws/src/unitree-go2-ros2/install/champ_bringup/share/champ_bringup/local_setup.sh
[1.430s] -- Installing: /home/t5ai/unitree_go2_ws/src/unitree-go2-ros2/install/champ_bringup/share/champ_bringup/local_setup.zsh
[1.430s] -- Installing: /home/t5ai/unitree_go2_ws/src/unitree-go2-ros2/install/champ_bringup/share/champ_bringup/local_setup.dsv
[1.430s] -- Installing: /home/t5ai/unitree_go2_ws/src/unitree-go2-ros2/install/champ_bringup/share/champ_bringup/package.dsv
[1.430s] -- Installing: /home/t5ai/unitree_go2_ws/src/unitree-go2-ros2/install/champ_bringup/share/ament_index/resource_index/packages/champ_bringup
[1.430s] -- Installing: /home/t5ai/unitree_go2_ws/src/unitree-go2-ros2/install/champ_bringup/share/champ_bringup/cmake/champ_bringupConfig.cmake
[1.430s] -- Installing: /home/t5ai/unitree_go2_ws/src/unitree-go2-ros2/install/champ_bringup/share/champ_bringup/cmake/champ_bringupConfig-version.cmake
[1.430s] -- Installing: /home/t5ai/unitree_go2_ws/src/unitree-go2-ros2/install/champ_bringup/share/champ_bringup/package.xml
[1.433s] Invoked command in '/home/t5ai/unitree_go2_ws/src/unitree-go2-ros2/build/champ_bringup' returned '0': AMENT_PREFIX_PATH=/home/t5ai/unitree_go2_ws/src/unitree-go2-ros2/install/champ_base:/home/t5ai/unitree_go2_ws/src/unitree-go2-ros2/install/champ_msgs:/home/t5ai/unitree_go2_ws/src/unitree-go2-ros2/install/champ_description:/home/t5ai/unitree_go2_ws/src/unitree-go2-ros2/install/champ:${AMENT_PREFIX_PATH} CMAKE_PREFIX_PATH=/home/t5ai/unitree_go2_ws/src/unitree-go2-ros2/install/champ_base:/home/t5ai/unitree_go2_ws/src/unitree-go2-ros2/install/champ_msgs:/home/t5ai/unitree_go2_ws/src/unitree-go2-ros2/install/champ_description:/home/t5ai/unitree_go2_ws/src/unitree-go2-ros2/install/champ:/home/t5ai/unitree_go2_ws/install/go2_helloworld:/home/t5ai/unitree_go2_ws/install/go2_description:/home/t5ai/unitree_go2_ws/install/go2_config:/home/t5ai/unitree_go2_ws/install/champ_teleop:/home/t5ai/unitree_go2_ws/install/champ_navigation:/home/t5ai/unitree_go2_ws/install/champ_gazebo:/home/t5ai/unitree_go2_ws/install/champ_bringup:/home/t5ai/unitree_go2_ws/install/champ_base:/home/t5ai/unitree_go2_ws/install/champ_msgs:/home/t5ai/unitree_go2_ws/install/champ_description:/home/t5ai/unitree_go2_ws/install/champ_config:/home/t5ai/unitree_go2_ws/install/champ:/home/t5ai/unitree_ros2/cyclonedds_ws/install/unitree_hg:/home/t5ai/unitree_ros2/cyclonedds_ws/install/unitree_go:/home/t5ai/unitree_ros2/cyclonedds_ws/install/unitree_api:/home/t5ai/unitree_ros2/cyclonedds_ws/install/rmw_cyclonedds_cpp:/home/t5ai/unitree_ros2/cyclonedds_ws/install/cyclonedds:/home/t5ai/unitree_go2_ws/install/go2_helloworld_py:/home/t5ai/unitree_go2_ws/install/go2_gait_tools:/opt/ros/humble LD_LIBRARY_PATH=/home/t5ai/unitree_go2_ws/src/unitree-go2-ros2/install/champ_base/lib:/home/t5ai/unitree_go2_ws/src/unitree-go2-ros2/install/champ_msgs/lib:${LD_LIBRARY_PATH} PATH=/home/t5ai/unitree_go2_ws/src/unitree-go2-ros2/install/champ_base/bin:${PATH} PYTHONPATH=/home/t5ai/unitree_go2_ws/src/unitree-go2-ros2/install/champ_msgs/local/lib/python3.10/dist-packages:${PYTHONPATH} /usr/bin/cmake --install /home/t5ai/unitree_go2_ws/src/unitree-go2-ros2/build/champ_bringup
