[0.038s] Invoking command in '/home/t5ai/unitree_go2_ws/src/unitree-go2-ros2/build/champ_config': CMAKE_PREFIX_PATH=${CMAKE_PREFIX_PATH}:/home/t5ai/unitree_go2_ws/install/go2_helloworld_py:/home/t5ai/unitree_go2_ws/install/go2_gait_tools:/opt/ros/humble /usr/bin/cmake /home/t5ai/unitree_go2_ws/src/unitree-go2-ros2/champ/champ_config -DCMAKE_INSTALL_PREFIX=/home/t5ai/unitree_go2_ws/src/unitree-go2-ros2/install/champ_config
[0.173s] -- The C compiler identification is GNU 11.4.0
[0.298s] -- The CXX compiler identification is GNU 11.4.0
[0.331s] -- Detecting C compiler ABI info
[0.561s] -- Detecting C compiler ABI info - done
[0.583s] -- Check for working C compiler: /usr/bin/cc - skipped
[0.583s] -- Detecting C compile features
[0.583s] -- Detecting C compile features - done
[0.586s] -- Detecting CXX compiler ABI info
[0.779s] -- Detecting CXX compiler ABI info - done
[0.797s] -- Check for working CXX compiler: /usr/bin/c++ - skipped
[0.800s] -- Detecting CXX compile features
[0.800s] -- Detecting CXX compile features - done
[0.807s] -- Found ament_cmake: 1.3.11 (/opt/ros/humble/share/ament_cmake/cmake)
[1.211s] -- Found Python3: /usr/bin/python3 (found version "3.10.12") found components: Interpreter 
[1.739s] -- Configuring done
[1.740s] -- Generating done
[1.740s] -- Build files have been written to: /home/t5ai/unitree_go2_ws/src/unitree-go2-ros2/build/champ_config
[1.759s] Invoked command in '/home/t5ai/unitree_go2_ws/src/unitree-go2-ros2/build/champ_config' returned '0': CMAKE_PREFIX_PATH=${CMAKE_PREFIX_PATH}:/home/t5ai/unitree_go2_ws/install/go2_helloworld_py:/home/t5ai/unitree_go2_ws/install/go2_gait_tools:/opt/ros/humble /usr/bin/cmake /home/t5ai/unitree_go2_ws/src/unitree-go2-ros2/champ/champ_config -DCMAKE_INSTALL_PREFIX=/home/t5ai/unitree_go2_ws/src/unitree-go2-ros2/install/champ_config
[1.760s] Invoking command in '/home/t5ai/unitree_go2_ws/src/unitree-go2-ros2/build/champ_config': CMAKE_PREFIX_PATH=${CMAKE_PREFIX_PATH}:/home/t5ai/unitree_go2_ws/install/go2_helloworld_py:/home/t5ai/unitree_go2_ws/install/go2_gait_tools:/opt/ros/humble /usr/bin/cmake --build /home/t5ai/unitree_go2_ws/src/unitree-go2-ros2/build/champ_config -- -j8 -l8
[1.849s] Invoked command in '/home/t5ai/unitree_go2_ws/src/unitree-go2-ros2/build/champ_config' returned '0': CMAKE_PREFIX_PATH=${CMAKE_PREFIX_PATH}:/home/t5ai/unitree_go2_ws/install/go2_helloworld_py:/home/t5ai/unitree_go2_ws/install/go2_gait_tools:/opt/ros/humble /usr/bin/cmake --build /home/t5ai/unitree_go2_ws/src/unitree-go2-ros2/build/champ_config -- -j8 -l8
[1.852s] Invoking command in '/home/t5ai/unitree_go2_ws/src/unitree-go2-ros2/build/champ_config': CMAKE_PREFIX_PATH=${CMAKE_PREFIX_PATH}:/home/t5ai/unitree_go2_ws/install/go2_helloworld_py:/home/t5ai/unitree_go2_ws/install/go2_gait_tools:/opt/ros/humble /usr/bin/cmake --install /home/t5ai/unitree_go2_ws/src/unitree-go2-ros2/build/champ_config
[1.892s] -- Install configuration: ""
[1.892s] -- Installing: /home/t5ai/unitree_go2_ws/src/unitree-go2-ros2/install/champ_config/share/champ_config/launch
[1.892s] -- Installing: /home/t5ai/unitree_go2_ws/src/unitree-go2-ros2/install/champ_config/share/champ_config/launch/bringup.launch.py
[1.893s] -- Installing: /home/t5ai/unitree_go2_ws/src/unitree-go2-ros2/install/champ_config/share/champ_config/launch/gazebo.launch.py
[1.893s] -- Installing: /home/t5ai/unitree_go2_ws/src/unitree-go2-ros2/install/champ_config/share/champ_config/launch/slam.launch.py
[1.893s] -- Installing: /home/t5ai/unitree_go2_ws/src/unitree-go2-ros2/install/champ_config/share/champ_config/launch/navigate.launch.py
[1.893s] -- Installing: /home/t5ai/unitree_go2_ws/src/unitree-go2-ros2/install/champ_config/share/champ_config/config
[1.893s] -- Installing: /home/t5ai/unitree_go2_ws/src/unitree-go2-ros2/install/champ_config/share/champ_config/config/links
[1.894s] -- Installing: /home/t5ai/unitree_go2_ws/src/unitree-go2-ros2/install/champ_config/share/champ_config/config/links/links.yaml
[1.894s] -- Installing: /home/t5ai/unitree_go2_ws/src/unitree-go2-ros2/install/champ_config/share/champ_config/config/gait
[1.894s] -- Installing: /home/t5ai/unitree_go2_ws/src/unitree-go2-ros2/install/champ_config/share/champ_config/config/gait/gait.yaml
[1.894s] -- Installing: /home/t5ai/unitree_go2_ws/src/unitree-go2-ros2/install/champ_config/share/champ_config/config/autonomy
[1.894s] -- Installing: /home/t5ai/unitree_go2_ws/src/unitree-go2-ros2/install/champ_config/share/champ_config/config/autonomy/navigation.yaml
[1.895s] -- Installing: /home/t5ai/unitree_go2_ws/src/unitree-go2-ros2/install/champ_config/share/champ_config/config/autonomy/slam.yaml
[1.897s] -- Installing: /home/t5ai/unitree_go2_ws/src/unitree-go2-ros2/install/champ_config/share/champ_config/config/joints
[1.897s] -- Installing: /home/t5ai/unitree_go2_ws/src/unitree-go2-ros2/install/champ_config/share/champ_config/config/joints/joints.yaml
[1.897s] -- Installing: /home/t5ai/unitree_go2_ws/src/unitree-go2-ros2/install/champ_config/share/champ_config/maps
[1.897s] -- Installing: /home/t5ai/unitree_go2_ws/src/unitree-go2-ros2/install/champ_config/share/champ_config/maps/map.pgm
[1.904s] -- Installing: /home/t5ai/unitree_go2_ws/src/unitree-go2-ros2/install/champ_config/share/champ_config/maps/map.yaml
[1.908s] -- Installing: /home/t5ai/unitree_go2_ws/src/unitree-go2-ros2/install/champ_config/share/champ_config/maps/playground.yaml
[1.908s] -- Installing: /home/t5ai/unitree_go2_ws/src/unitree-go2-ros2/install/champ_config/share/champ_config/maps/playground.pgm
[1.908s] -- Installing: /home/t5ai/unitree_go2_ws/src/unitree-go2-ros2/install/champ_config/share/champ_config/worlds
[1.908s] -- Installing: /home/t5ai/unitree_go2_ws/src/unitree-go2-ros2/install/champ_config/share/champ_config/worlds/playground.world
[1.909s] -- Installing: /home/t5ai/unitree_go2_ws/src/unitree-go2-ros2/install/champ_config/share/champ_config/worlds/default.world
[1.909s] -- Installing: /home/t5ai/unitree_go2_ws/src/unitree-go2-ros2/install/champ_config/share/champ_config/worlds/outdoor.world
[1.909s] -- Installing: /home/t5ai/unitree_go2_ws/src/unitree-go2-ros2/install/champ_config/share/ament_index/resource_index/package_run_dependencies/champ_config
[1.909s] -- Installing: /home/t5ai/unitree_go2_ws/src/unitree-go2-ros2/install/champ_config/share/ament_index/resource_index/parent_prefix_path/champ_config
[1.909s] -- Installing: /home/t5ai/unitree_go2_ws/src/unitree-go2-ros2/install/champ_config/share/champ_config/environment/ament_prefix_path.sh
[1.909s] -- Installing: /home/t5ai/unitree_go2_ws/src/unitree-go2-ros2/install/champ_config/share/champ_config/environment/ament_prefix_path.dsv
[1.910s] -- Installing: /home/t5ai/unitree_go2_ws/src/unitree-go2-ros2/install/champ_config/share/champ_config/environment/path.sh
[1.910s] -- Installing: /home/t5ai/unitree_go2_ws/src/unitree-go2-ros2/install/champ_config/share/champ_config/environment/path.dsv
[1.910s] -- Installing: /home/t5ai/unitree_go2_ws/src/unitree-go2-ros2/install/champ_config/share/champ_config/local_setup.bash
[1.911s] -- Installing: /home/t5ai/unitree_go2_ws/src/unitree-go2-ros2/install/champ_config/share/champ_config/local_setup.sh
[1.911s] -- Installing: /home/t5ai/unitree_go2_ws/src/unitree-go2-ros2/install/champ_config/share/champ_config/local_setup.zsh
[1.911s] -- Installing: /home/t5ai/unitree_go2_ws/src/unitree-go2-ros2/install/champ_config/share/champ_config/local_setup.dsv
[1.912s] -- Installing: /home/t5ai/unitree_go2_ws/src/unitree-go2-ros2/install/champ_config/share/champ_config/package.dsv
[1.912s] -- Installing: /home/t5ai/unitree_go2_ws/src/unitree-go2-ros2/install/champ_config/share/ament_index/resource_index/packages/champ_config
[1.912s] -- Installing: /home/t5ai/unitree_go2_ws/src/unitree-go2-ros2/install/champ_config/share/champ_config/cmake/champ_configConfig.cmake
[1.913s] -- Installing: /home/t5ai/unitree_go2_ws/src/unitree-go2-ros2/install/champ_config/share/champ_config/cmake/champ_configConfig-version.cmake
[1.913s] -- Installing: /home/t5ai/unitree_go2_ws/src/unitree-go2-ros2/install/champ_config/share/champ_config/package.xml
[1.987s] Invoked command in '/home/t5ai/unitree_go2_ws/src/unitree-go2-ros2/build/champ_config' returned '0': CMAKE_PREFIX_PATH=${CMAKE_PREFIX_PATH}:/home/t5ai/unitree_go2_ws/install/go2_helloworld_py:/home/t5ai/unitree_go2_ws/install/go2_gait_tools:/opt/ros/humble /usr/bin/cmake --install /home/t5ai/unitree_go2_ws/src/unitree-go2-ros2/build/champ_config
