[0.047s] Invoking command in '/home/t5ai/unitree_go2_ws/src/unitree-go2-ros2/build/champ': CMAKE_PREFIX_PATH=${CMAKE_PREFIX_PATH}:/home/t5ai/unitree_go2_ws/install/go2_helloworld_py:/home/t5ai/unitree_go2_ws/install/go2_gait_tools:/opt/ros/humble /usr/bin/cmake /home/t5ai/unitree_go2_ws/src/unitree-go2-ros2/champ/champ -DCMAKE_INSTALL_PREFIX=/home/t5ai/unitree_go2_ws/src/unitree-go2-ros2/install/champ
[0.195s] -- The C compiler identification is GNU 11.4.0
[0.334s] -- The CXX compiler identification is GNU 11.4.0
[0.357s] -- Detecting C compiler ABI info
[0.565s] -- Detecting C compiler ABI info - done
[0.595s] -- Check for working C compiler: /usr/bin/cc - skipped
[0.595s] -- Detecting C compile features
[0.595s] -- Detecting C compile features - done
[0.601s] -- Detecting CXX compiler ABI info
[0.791s] -- Detecting CXX compiler ABI info - done
[0.857s] -- Check for working CXX compiler: /usr/bin/c++ - skipped
[0.861s] -- Detecting CXX compile features
[0.861s] -- Detecting CXX compile features - done
[0.868s] -- Found ament_cmake: 1.3.11 (/opt/ros/humble/share/ament_cmake/cmake)
[1.359s] -- Found Python3: /usr/bin/python3 (found version "3.10.12") found components: Interpreter 
[1.665s] -- Found rclcpp: 16.0.12 (/opt/ros/humble/share/rclcpp/cmake)
[1.873s] -- Found rosidl_generator_c: 3.1.6 (/opt/ros/humble/share/rosidl_generator_c/cmake)
[1.900s] -- Found rosidl_adapter: 3.1.6 (/opt/ros/humble/share/rosidl_adapter/cmake)
[1.925s] -- Found rosidl_generator_cpp: 3.1.6 (/opt/ros/humble/share/rosidl_generator_cpp/cmake)
[1.937s] -- Using all available rosidl_typesupport_c: rosidl_typesupport_fastrtps_c;rosidl_typesupport_introspection_c
[1.963s] -- Using all available rosidl_typesupport_cpp: rosidl_typesupport_fastrtps_cpp;rosidl_typesupport_introspection_cpp
[2.063s] -- Found rmw_implementation_cmake: 6.1.2 (/opt/ros/humble/share/rmw_implementation_cmake/cmake)
[2.069s] -- Found rmw_fastrtps_cpp: 6.2.7 (/opt/ros/humble/share/rmw_fastrtps_cpp/cmake)
[2.184s] -- Found OpenSSL: /usr/lib/x86_64-linux-gnu/libcrypto.so (found version "3.0.2")  
[2.221s] -- Found FastRTPS: /opt/ros/humble/include  
[2.272s] -- Using RMW implementation 'rmw_fastrtps_cpp' as default
[2.288s] -- Looking for pthread.h
[2.365s] -- Looking for pthread.h - found
[2.365s] -- Performing Test CMAKE_HAVE_LIBC_PTHREAD
[2.444s] -- Performing Test CMAKE_HAVE_LIBC_PTHREAD - Success
[2.446s] -- Found Threads: TRUE  
[2.526s] -- Found ament_lint_auto: 0.12.12 (/opt/ros/humble/share/ament_lint_auto/cmake)
[2.610s] -- Configuring done
[2.616s] -- Generating done
[2.620s] -- Build files have been written to: /home/t5ai/unitree_go2_ws/src/unitree-go2-ros2/build/champ
[2.631s] Invoked command in '/home/t5ai/unitree_go2_ws/src/unitree-go2-ros2/build/champ' returned '0': CMAKE_PREFIX_PATH=${CMAKE_PREFIX_PATH}:/home/t5ai/unitree_go2_ws/install/go2_helloworld_py:/home/t5ai/unitree_go2_ws/install/go2_gait_tools:/opt/ros/humble /usr/bin/cmake /home/t5ai/unitree_go2_ws/src/unitree-go2-ros2/champ/champ -DCMAKE_INSTALL_PREFIX=/home/t5ai/unitree_go2_ws/src/unitree-go2-ros2/install/champ
[2.633s] Invoking command in '/home/t5ai/unitree_go2_ws/src/unitree-go2-ros2/build/champ': CMAKE_PREFIX_PATH=${CMAKE_PREFIX_PATH}:/home/t5ai/unitree_go2_ws/install/go2_helloworld_py:/home/t5ai/unitree_go2_ws/install/go2_gait_tools:/opt/ros/humble /usr/bin/cmake --build /home/t5ai/unitree_go2_ws/src/unitree-go2-ros2/build/champ -- -j8 -l8
[2.682s] Invoked command in '/home/t5ai/unitree_go2_ws/src/unitree-go2-ros2/build/champ' returned '0': CMAKE_PREFIX_PATH=${CMAKE_PREFIX_PATH}:/home/t5ai/unitree_go2_ws/install/go2_helloworld_py:/home/t5ai/unitree_go2_ws/install/go2_gait_tools:/opt/ros/humble /usr/bin/cmake --build /home/t5ai/unitree_go2_ws/src/unitree-go2-ros2/build/champ -- -j8 -l8
[2.685s] Invoking command in '/home/t5ai/unitree_go2_ws/src/unitree-go2-ros2/build/champ': CMAKE_PREFIX_PATH=${CMAKE_PREFIX_PATH}:/home/t5ai/unitree_go2_ws/install/go2_helloworld_py:/home/t5ai/unitree_go2_ws/install/go2_gait_tools:/opt/ros/humble /usr/bin/cmake --install /home/t5ai/unitree_go2_ws/src/unitree-go2-ros2/build/champ
[2.697s] -- Install configuration: ""
[2.698s] -- Installing: /home/t5ai/unitree_go2_ws/src/unitree-go2-ros2/install/champ/include
[2.698s] -- Installing: /home/t5ai/unitree_go2_ws/src/unitree-go2-ros2/install/champ/include/champ
[2.698s] -- Installing: /home/t5ai/unitree_go2_ws/src/unitree-go2-ros2/install/champ/include/champ/README.md
[2.698s] -- Installing: /home/t5ai/unitree_go2_ws/src/unitree-go2-ros2/install/champ/include/champ/utils
[2.698s] -- Installing: /home/t5ai/unitree_go2_ws/src/unitree-go2-ros2/install/champ/include/champ/utils/urdf_loader.h
[2.698s] -- Installing: /home/t5ai/unitree_go2_ws/src/unitree-go2-ros2/install/champ/include/champ/utils/xmlrpc_helpers.h
[2.699s] -- Installing: /home/t5ai/unitree_go2_ws/src/unitree-go2-ros2/install/champ/include/champ/kinematics
[2.700s] -- Installing: /home/t5ai/unitree_go2_ws/src/unitree-go2-ros2/install/champ/include/champ/kinematics/kinematics.h
[2.700s] -- Installing: /home/t5ai/unitree_go2_ws/src/unitree-go2-ros2/install/champ/include/champ/bla
[2.700s] -- Installing: /home/t5ai/unitree_go2_ws/src/unitree-go2-ros2/install/champ/include/champ/bla/memory_delegate.h
[2.700s] -- Installing: /home/t5ai/unitree_go2_ws/src/unitree-go2-ros2/install/champ/include/champ/bla/basic_linear_algebra.h
[2.700s] -- Installing: /home/t5ai/unitree_go2_ws/src/unitree-go2-ros2/install/champ/include/champ/quadruped_base
[2.700s] -- Installing: /home/t5ai/unitree_go2_ws/src/unitree-go2-ros2/install/champ/include/champ/quadruped_base/quadruped_leg.h
[2.701s] -- Installing: /home/t5ai/unitree_go2_ws/src/unitree-go2-ros2/install/champ/include/champ/quadruped_base/quadruped_joint.h
[2.701s] -- Installing: /home/t5ai/unitree_go2_ws/src/unitree-go2-ros2/install/champ/include/champ/quadruped_base/quadruped_base.h
[2.702s] -- Installing: /home/t5ai/unitree_go2_ws/src/unitree-go2-ros2/install/champ/include/champ/quadruped_base/quadruped_components.h
[2.702s] -- Installing: /home/t5ai/unitree_go2_ws/src/unitree-go2-ros2/install/champ/include/champ/leg_controller
[2.702s] -- Installing: /home/t5ai/unitree_go2_ws/src/unitree-go2-ros2/install/champ/include/champ/leg_controller/leg_controller.h
[2.702s] -- Installing: /home/t5ai/unitree_go2_ws/src/unitree-go2-ros2/install/champ/include/champ/leg_controller/trajectory_planner.h
[2.702s] -- Installing: /home/t5ai/unitree_go2_ws/src/unitree-go2-ros2/install/champ/include/champ/leg_controller/phase_generator.h
[2.703s] -- Installing: /home/t5ai/unitree_go2_ws/src/unitree-go2-ros2/install/champ/include/champ/LICENSE
[2.703s] -- Installing: /home/t5ai/unitree_go2_ws/src/unitree-go2-ros2/install/champ/include/champ/body_controller
[2.703s] -- Installing: /home/t5ai/unitree_go2_ws/src/unitree-go2-ros2/install/champ/include/champ/body_controller/body_controller.h
[2.703s] -- Installing: /home/t5ai/unitree_go2_ws/src/unitree-go2-ros2/install/champ/include/champ/odometry
[2.703s] -- Installing: /home/t5ai/unitree_go2_ws/src/unitree-go2-ros2/install/champ/include/champ/odometry/odometry.h
[2.704s] -- Installing: /home/t5ai/unitree_go2_ws/src/unitree-go2-ros2/install/champ/include/champ/macros
[2.704s] -- Installing: /home/t5ai/unitree_go2_ws/src/unitree-go2-ros2/install/champ/include/champ/macros/macros.h
[2.704s] -- Installing: /home/t5ai/unitree_go2_ws/src/unitree-go2-ros2/install/champ/include/champ/geometry
[2.704s] -- Installing: /home/t5ai/unitree_go2_ws/src/unitree-go2-ros2/install/champ/include/champ/geometry/geometry.h
[2.705s] -- Installing: /home/t5ai/unitree_go2_ws/src/unitree-go2-ros2/install/champ/share/ament_index/resource_index/package_run_dependencies/champ
[2.705s] -- Installing: /home/t5ai/unitree_go2_ws/src/unitree-go2-ros2/install/champ/share/ament_index/resource_index/parent_prefix_path/champ
[2.705s] -- Installing: /home/t5ai/unitree_go2_ws/src/unitree-go2-ros2/install/champ/share/champ/environment/ament_prefix_path.sh
[2.705s] -- Installing: /home/t5ai/unitree_go2_ws/src/unitree-go2-ros2/install/champ/share/champ/environment/ament_prefix_path.dsv
[2.706s] -- Installing: /home/t5ai/unitree_go2_ws/src/unitree-go2-ros2/install/champ/share/champ/environment/path.sh
[2.707s] -- Installing: /home/t5ai/unitree_go2_ws/src/unitree-go2-ros2/install/champ/share/champ/environment/path.dsv
[2.707s] -- Installing: /home/t5ai/unitree_go2_ws/src/unitree-go2-ros2/install/champ/share/champ/local_setup.bash
[2.707s] -- Installing: /home/t5ai/unitree_go2_ws/src/unitree-go2-ros2/install/champ/share/champ/local_setup.sh
[2.707s] -- Installing: /home/t5ai/unitree_go2_ws/src/unitree-go2-ros2/install/champ/share/champ/local_setup.zsh
[2.707s] -- Installing: /home/t5ai/unitree_go2_ws/src/unitree-go2-ros2/install/champ/share/champ/local_setup.dsv
[2.707s] -- Installing: /home/t5ai/unitree_go2_ws/src/unitree-go2-ros2/install/champ/share/champ/package.dsv
[2.708s] -- Installing: /home/t5ai/unitree_go2_ws/src/unitree-go2-ros2/install/champ/share/ament_index/resource_index/packages/champ
[2.708s] -- Installing: /home/t5ai/unitree_go2_ws/src/unitree-go2-ros2/install/champ/share/champ/cmake/ament_cmake_export_include_directories-extras.cmake
[2.708s] -- Installing: /home/t5ai/unitree_go2_ws/src/unitree-go2-ros2/install/champ/share/champ/cmake/champConfig.cmake
[2.708s] -- Installing: /home/t5ai/unitree_go2_ws/src/unitree-go2-ros2/install/champ/share/champ/cmake/champConfig-version.cmake
[2.708s] -- Installing: /home/t5ai/unitree_go2_ws/src/unitree-go2-ros2/install/champ/share/champ/package.xml
[2.712s] Invoked command in '/home/t5ai/unitree_go2_ws/src/unitree-go2-ros2/build/champ' returned '0': CMAKE_PREFIX_PATH=${CMAKE_PREFIX_PATH}:/home/t5ai/unitree_go2_ws/install/go2_helloworld_py:/home/t5ai/unitree_go2_ws/install/go2_gait_tools:/opt/ros/humble /usr/bin/cmake --install /home/t5ai/unitree_go2_ws/src/unitree-go2-ros2/build/champ
