[0.043s] Invoking command in '/home/t5ai/unitree_go2_ws/src/unitree-go2-ros2/build/champ_msgs': CMAKE_PREFIX_PATH=${CMAKE_PREFIX_PATH}:/home/t5ai/unitree_go2_ws/install/go2_helloworld_py:/home/t5ai/unitree_go2_ws/install/go2_gait_tools:/opt/ros/humble /usr/bin/cmake /home/t5ai/unitree_go2_ws/src/unitree-go2-ros2/champ/champ_msgs -DCMAKE_INSTALL_PREFIX=/home/t5ai/unitree_go2_ws/src/unitree-go2-ros2/install/champ_msgs
[0.183s] -- The C compiler identification is GNU 11.4.0
[0.327s] -- The CXX compiler identification is GNU 11.4.0
[0.355s] -- Detecting C compiler ABI info
[0.570s] -- Detecting C compiler ABI info - done
[0.603s] -- Check for working C compiler: /usr/bin/cc - skipped
[0.604s] -- Detecting C compile features
[0.604s] -- Detecting C compile features - done
[0.611s] -- Detecting CXX compiler ABI info
[0.788s] -- Detecting CXX compiler ABI info - done
[0.810s] -- Check for working CXX compiler: /usr/bin/c++ - skipped
[0.810s] -- Detecting CXX compile features
[0.815s] -- Detecting CXX compile features - done
[0.831s] -- Found ament_cmake: 1.3.11 (/opt/ros/humble/share/ament_cmake/cmake)
[1.206s] -- Found Python3: /usr/bin/python3 (found version "3.10.12") found components: Interpreter 
[1.571s] -- Found rosidl_default_generators: 1.2.0 (/opt/ros/humble/share/rosidl_default_generators/cmake)
[1.609s] -- Using all available rosidl_typesupport_c: rosidl_typesupport_fastrtps_c;rosidl_typesupport_introspection_c
[1.695s] -- Found rosidl_adapter: 3.1.6 (/opt/ros/humble/share/rosidl_adapter/cmake)
[1.911s] -- Using all available rosidl_typesupport_cpp: rosidl_typesupport_fastrtps_cpp;rosidl_typesupport_introspection_cpp
[1.971s] -- Found std_msgs: 4.9.0 (/opt/ros/humble/share/std_msgs/cmake)
[2.024s] -- Found geometry_msgs: 4.9.0 (/opt/ros/humble/share/geometry_msgs/cmake)
[2.415s] -- Found ament_cmake_ros: 0.10.0 (/opt/ros/humble/share/ament_cmake_ros/cmake)
[2.768s] -- Using all available rosidl_typesupport_c: rosidl_typesupport_fastrtps_c;rosidl_typesupport_introspection_c
[3.234s] -- Using all available rosidl_typesupport_cpp: rosidl_typesupport_fastrtps_cpp;rosidl_typesupport_introspection_cpp
[3.256s] -- Found PythonInterp: /usr/bin/python3 (found suitable version "3.10.12", minimum required is "3.6") 
[3.259s] -- Found python_cmake_module: 0.10.0 (/opt/ros/humble/share/python_cmake_module/cmake)
[3.285s] -- Found PythonLibs: /usr/lib/x86_64-linux-gnu/libpython3.10.so (found suitable version "3.10.12", minimum required is "3.5") 
[3.286s] -- Using PYTHON_EXECUTABLE: /usr/bin/python3
[3.286s] -- Using PYTHON_INCLUDE_DIRS: /usr/include/python3.10
[3.286s] -- Using PYTHON_LIBRARIES: /usr/lib/x86_64-linux-gnu/libpython3.10.so
[3.312s] -- Found PythonExtra: .so  
[3.400s] -- Found ament_lint_auto: 0.12.12 (/opt/ros/humble/share/ament_lint_auto/cmake)
[3.411s] -- Configuring done
[3.494s] -- Generating done
[3.520s] -- Build files have been written to: /home/t5ai/unitree_go2_ws/src/unitree-go2-ros2/build/champ_msgs
[3.533s] Invoked command in '/home/t5ai/unitree_go2_ws/src/unitree-go2-ros2/build/champ_msgs' returned '0': CMAKE_PREFIX_PATH=${CMAKE_PREFIX_PATH}:/home/t5ai/unitree_go2_ws/install/go2_helloworld_py:/home/t5ai/unitree_go2_ws/install/go2_gait_tools:/opt/ros/humble /usr/bin/cmake /home/t5ai/unitree_go2_ws/src/unitree-go2-ros2/champ/champ_msgs -DCMAKE_INSTALL_PREFIX=/home/t5ai/unitree_go2_ws/src/unitree-go2-ros2/install/champ_msgs
[3.535s] Invoking command in '/home/t5ai/unitree_go2_ws/src/unitree-go2-ros2/build/champ_msgs': CMAKE_PREFIX_PATH=${CMAKE_PREFIX_PATH}:/home/t5ai/unitree_go2_ws/install/go2_helloworld_py:/home/t5ai/unitree_go2_ws/install/go2_gait_tools:/opt/ros/humble /usr/bin/cmake --build /home/t5ai/unitree_go2_ws/src/unitree-go2-ros2/build/champ_msgs -- -j8 -l8
[3.577s] [  1%] [34m[1mGenerating C code for ROS interfaces[0m
[3.588s] [  2%] [34m[1mGenerating C++ code for ROS interfaces[0m
[3.596s] [  2%] Built target ament_cmake_python_copy_champ_msgs
[3.874s] running egg_info
[3.875s] creating champ_msgs.egg-info
[3.875s] writing champ_msgs.egg-info/PKG-INFO
[3.875s] writing dependency_links to champ_msgs.egg-info/dependency_links.txt
[3.875s] writing top-level names to champ_msgs.egg-info/top_level.txt
[3.875s] writing manifest file 'champ_msgs.egg-info/SOURCES.txt'
[3.877s] reading manifest file 'champ_msgs.egg-info/SOURCES.txt'
[3.878s] writing manifest file 'champ_msgs.egg-info/SOURCES.txt'
[3.904s] [  2%] Built target ament_cmake_python_build_champ_msgs_egg
[4.326s] [  2%] Built target champ_msgs__cpp
[4.352s] [  3%] [34m[1mGenerating C++ type support dispatch for ROS interfaces[0m
[4.353s] [  4%] [34m[1mGenerating C++ introspection for ROS interfaces[0m
[4.353s] [  5%] [34m[1mGenerating C++ type support for eProsima Fast-RTPS[0m
[4.386s] [  8%] [32mBuilding C object CMakeFiles/champ_msgs__rosidl_generator_c.dir/rosidl_generator_c/champ_msgs/msg/detail/point__functions.c.o[0m
[4.386s] [  8%] [32mBuilding C object CMakeFiles/champ_msgs__rosidl_generator_c.dir/rosidl_generator_c/champ_msgs/msg/detail/velocities__functions.c.o[0m
[4.386s] [  8%] [32mBuilding C object CMakeFiles/champ_msgs__rosidl_generator_c.dir/rosidl_generator_c/champ_msgs/msg/detail/pid__functions.c.o[0m
[4.386s] [  9%] [32mBuilding C object CMakeFiles/champ_msgs__rosidl_generator_c.dir/rosidl_generator_c/champ_msgs/msg/detail/imu__functions.c.o[0m
[4.386s] [ 10%] [32mBuilding C object CMakeFiles/champ_msgs__rosidl_generator_c.dir/rosidl_generator_c/champ_msgs/msg/detail/point_array__functions.c.o[0m
[4.469s] [ 11%] [32mBuilding C object CMakeFiles/champ_msgs__rosidl_generator_c.dir/rosidl_generator_c/champ_msgs/msg/detail/joints__functions.c.o[0m
[4.470s] [ 12%] [32mBuilding C object CMakeFiles/champ_msgs__rosidl_generator_c.dir/rosidl_generator_c/champ_msgs/msg/detail/contacts__functions.c.o[0m
[4.473s] [ 13%] [32mBuilding C object CMakeFiles/champ_msgs__rosidl_generator_c.dir/rosidl_generator_c/champ_msgs/msg/detail/contacts_stamped__functions.c.o[0m
[4.478s] [ 14%] [32mBuilding C object CMakeFiles/champ_msgs__rosidl_generator_c.dir/rosidl_generator_c/champ_msgs/msg/detail/pose__functions.c.o[0m
[4.554s] [ 15%] [32m[1mLinking C shared library libchamp_msgs__rosidl_generator_c.so[0m
[4.600s] [ 15%] Built target champ_msgs__rosidl_generator_c
[4.618s] [ 16%] [34m[1mGenerating C type support for eProsima Fast-RTPS[0m
[4.619s] [ 17%] [34m[1mGenerating C type support dispatch for ROS interfaces[0m
[4.619s] [ 18%] [34m[1mGenerating C introspection for ROS interfaces[0m
[4.922s] [ 20%] [32mBuilding CXX object CMakeFiles/champ_msgs__rosidl_typesupport_cpp.dir/rosidl_typesupport_cpp/champ_msgs/msg/velocities__type_support.cpp.o[0m
[4.933s] [ 22%] [32mBuilding CXX object CMakeFiles/champ_msgs__rosidl_typesupport_cpp.dir/rosidl_typesupport_cpp/champ_msgs/msg/imu__type_support.cpp.o[0m
[4.934s] [ 22%] [32mBuilding CXX object CMakeFiles/champ_msgs__rosidl_typesupport_cpp.dir/rosidl_typesupport_cpp/champ_msgs/msg/pid__type_support.cpp.o[0m
[5.240s] [ 23%] [32mBuilding CXX object CMakeFiles/champ_msgs__rosidl_typesupport_introspection_cpp.dir/rosidl_typesupport_introspection_cpp/champ_msgs/msg/detail/velocities__type_support.cpp.o[0m
[5.441s] [ 24%] [32mBuilding CXX object CMakeFiles/champ_msgs__rosidl_typesupport_cpp.dir/rosidl_typesupport_cpp/champ_msgs/msg/point__type_support.cpp.o[0m
[5.459s] [ 25%] [32mBuilding CXX object CMakeFiles/champ_msgs__rosidl_typesupport_c.dir/rosidl_typesupport_c/champ_msgs/msg/pid__type_support.cpp.o[0m
[5.472s] [ 26%] [32mBuilding CXX object CMakeFiles/champ_msgs__rosidl_typesupport_c.dir/rosidl_typesupport_c/champ_msgs/msg/velocities__type_support.cpp.o[0m
[5.507s] [ 28%] [32mBuilding CXX object CMakeFiles/champ_msgs__rosidl_typesupport_introspection_cpp.dir/rosidl_typesupport_introspection_cpp/champ_msgs/msg/detail/pid__type_support.cpp.o[0m
[5.507s] [ 28%] [32mBuilding CXX object CMakeFiles/champ_msgs__rosidl_typesupport_c.dir/rosidl_typesupport_c/champ_msgs/msg/imu__type_support.cpp.o[0m
[5.551s] [ 29%] [32mBuilding CXX object CMakeFiles/champ_msgs__rosidl_typesupport_c.dir/rosidl_typesupport_c/champ_msgs/msg/point__type_support.cpp.o[0m
[5.576s] [ 30%] [32mBuilding CXX object CMakeFiles/champ_msgs__rosidl_typesupport_introspection_cpp.dir/rosidl_typesupport_introspection_cpp/champ_msgs/msg/detail/imu__type_support.cpp.o[0m
[5.610s] [ 31%] [32mBuilding CXX object CMakeFiles/champ_msgs__rosidl_typesupport_c.dir/rosidl_typesupport_c/champ_msgs/msg/point_array__type_support.cpp.o[0m
[5.681s] [ 32%] [32mBuilding CXX object CMakeFiles/champ_msgs__rosidl_typesupport_c.dir/rosidl_typesupport_c/champ_msgs/msg/joints__type_support.cpp.o[0m
[5.752s] [ 33%] [32mBuilding CXX object CMakeFiles/champ_msgs__rosidl_typesupport_c.dir/rosidl_typesupport_c/champ_msgs/msg/contacts__type_support.cpp.o[0m
[5.783s] [ 34%] [32mBuilding CXX object CMakeFiles/champ_msgs__rosidl_typesupport_fastrtps_cpp.dir/rosidl_typesupport_fastrtps_cpp/champ_msgs/msg/detail/dds_fastrtps/velocities__type_support.cpp.o[0m
[5.808s] [ 35%] [32mBuilding CXX object CMakeFiles/champ_msgs__rosidl_typesupport_c.dir/rosidl_typesupport_c/champ_msgs/msg/contacts_stamped__type_support.cpp.o[0m
[5.862s] [ 36%] [32mBuilding CXX object CMakeFiles/champ_msgs__rosidl_typesupport_c.dir/rosidl_typesupport_c/champ_msgs/msg/pose__type_support.cpp.o[0m
[5.922s] [ 37%] [32m[1mLinking CXX shared library libchamp_msgs__rosidl_typesupport_c.so[0m
[5.954s] [ 38%] [32mBuilding C object CMakeFiles/champ_msgs__rosidl_typesupport_introspection_c.dir/rosidl_typesupport_introspection_c/champ_msgs/msg/detail/velocities__type_support.c.o[0m
[5.964s] [ 40%] [32mBuilding CXX object CMakeFiles/champ_msgs__rosidl_typesupport_fastrtps_cpp.dir/rosidl_typesupport_fastrtps_cpp/champ_msgs/msg/detail/dds_fastrtps/pid__type_support.cpp.o[0m
[5.970s] [ 41%] [32mBuilding CXX object CMakeFiles/champ_msgs__rosidl_typesupport_cpp.dir/rosidl_typesupport_cpp/champ_msgs/msg/point_array__type_support.cpp.o[0m
[6.014s] [ 41%] Built target champ_msgs__rosidl_typesupport_c
[6.035s] [ 42%] [32mBuilding CXX object CMakeFiles/champ_msgs__rosidl_typesupport_fastrtps_cpp.dir/rosidl_typesupport_fastrtps_cpp/champ_msgs/msg/detail/dds_fastrtps/imu__type_support.cpp.o[0m
[6.054s] [ 43%] [32mBuilding C object CMakeFiles/champ_msgs__rosidl_typesupport_introspection_c.dir/rosidl_typesupport_introspection_c/champ_msgs/msg/detail/pid__type_support.c.o[0m
[6.096s] [ 44%] [32mBuilding CXX object CMakeFiles/champ_msgs__rosidl_typesupport_fastrtps_c.dir/rosidl_typesupport_fastrtps_c/champ_msgs/msg/detail/velocities__type_support_c.cpp.o[0m
[6.136s] [ 45%] [32mBuilding C object CMakeFiles/champ_msgs__rosidl_typesupport_introspection_c.dir/rosidl_typesupport_introspection_c/champ_msgs/msg/detail/imu__type_support.c.o[0m
[6.231s] [ 46%] [32mBuilding C object CMakeFiles/champ_msgs__rosidl_typesupport_introspection_c.dir/rosidl_typesupport_introspection_c/champ_msgs/msg/detail/point__type_support.c.o[0m
[6.298s] [ 47%] [32mBuilding C object CMakeFiles/champ_msgs__rosidl_typesupport_introspection_c.dir/rosidl_typesupport_introspection_c/champ_msgs/msg/detail/point_array__type_support.c.o[0m
[6.329s] [ 48%] [32mBuilding CXX object CMakeFiles/champ_msgs__rosidl_typesupport_fastrtps_c.dir/rosidl_typesupport_fastrtps_c/champ_msgs/msg/detail/pid__type_support_c.cpp.o[0m
[6.334s] [ 49%] [32mBuilding CXX object CMakeFiles/champ_msgs__rosidl_typesupport_introspection_cpp.dir/rosidl_typesupport_introspection_cpp/champ_msgs/msg/detail/point__type_support.cpp.o[0m
[6.373s] [ 50%] [32mBuilding C object CMakeFiles/champ_msgs__rosidl_typesupport_introspection_c.dir/rosidl_typesupport_introspection_c/champ_msgs/msg/detail/joints__type_support.c.o[0m
[6.443s] [ 51%] [32mBuilding C object CMakeFiles/champ_msgs__rosidl_typesupport_introspection_c.dir/rosidl_typesupport_introspection_c/champ_msgs/msg/detail/contacts__type_support.c.o[0m
[6.454s] [ 52%] [32mBuilding CXX object CMakeFiles/champ_msgs__rosidl_typesupport_cpp.dir/rosidl_typesupport_cpp/champ_msgs/msg/joints__type_support.cpp.o[0m
[6.539s] [ 53%] [32mBuilding C object CMakeFiles/champ_msgs__rosidl_typesupport_introspection_c.dir/rosidl_typesupport_introspection_c/champ_msgs/msg/detail/contacts_stamped__type_support.c.o[0m
[6.577s] [ 54%] [32mBuilding CXX object CMakeFiles/champ_msgs__rosidl_typesupport_introspection_cpp.dir/rosidl_typesupport_introspection_cpp/champ_msgs/msg/detail/point_array__type_support.cpp.o[0m
[6.673s] [ 55%] [32mBuilding C object CMakeFiles/champ_msgs__rosidl_typesupport_introspection_c.dir/rosidl_typesupport_introspection_c/champ_msgs/msg/detail/pose__type_support.c.o[0m
[6.761s] [ 56%] [32mBuilding CXX object CMakeFiles/champ_msgs__rosidl_typesupport_fastrtps_cpp.dir/rosidl_typesupport_fastrtps_cpp/champ_msgs/msg/detail/dds_fastrtps/point__type_support.cpp.o[0m
[6.784s] [ 57%] [32m[1mLinking C shared library libchamp_msgs__rosidl_typesupport_introspection_c.so[0m
[6.815s] [ 58%] [32mBuilding CXX object CMakeFiles/champ_msgs__rosidl_typesupport_fastrtps_c.dir/rosidl_typesupport_fastrtps_c/champ_msgs/msg/detail/imu__type_support_c.cpp.o[0m
[6.815s] [ 60%] [32mBuilding CXX object CMakeFiles/champ_msgs__rosidl_typesupport_cpp.dir/rosidl_typesupport_cpp/champ_msgs/msg/contacts__type_support.cpp.o[0m
[6.859s] [ 60%] Built target champ_msgs__rosidl_typesupport_introspection_c
[6.872s] [ 61%] [32mBuilding CXX object CMakeFiles/champ_msgs__rosidl_typesupport_fastrtps_cpp.dir/rosidl_typesupport_fastrtps_cpp/champ_msgs/msg/detail/dds_fastrtps/point_array__type_support.cpp.o[0m
[7.081s] [ 62%] [32mBuilding CXX object CMakeFiles/champ_msgs__rosidl_typesupport_introspection_cpp.dir/rosidl_typesupport_introspection_cpp/champ_msgs/msg/detail/contacts__type_support.cpp.o[0m
[7.089s] [ 63%] [32mBuilding CXX object CMakeFiles/champ_msgs__rosidl_typesupport_introspection_cpp.dir/rosidl_typesupport_introspection_cpp/champ_msgs/msg/detail/joints__type_support.cpp.o[0m
[7.124s] [ 64%] [32mBuilding CXX object CMakeFiles/champ_msgs__rosidl_typesupport_fastrtps_cpp.dir/rosidl_typesupport_fastrtps_cpp/champ_msgs/msg/detail/dds_fastrtps/joints__type_support.cpp.o[0m
[7.333s] [ 65%] [32mBuilding CXX object CMakeFiles/champ_msgs__rosidl_typesupport_cpp.dir/rosidl_typesupport_cpp/champ_msgs/msg/contacts_stamped__type_support.cpp.o[0m
[7.449s] [ 66%] [32mBuilding CXX object CMakeFiles/champ_msgs__rosidl_typesupport_cpp.dir/rosidl_typesupport_cpp/champ_msgs/msg/pose__type_support.cpp.o[0m
[7.499s] [ 67%] [32mBuilding CXX object CMakeFiles/champ_msgs__rosidl_typesupport_introspection_cpp.dir/rosidl_typesupport_introspection_cpp/champ_msgs/msg/detail/contacts_stamped__type_support.cpp.o[0m
[7.556s] [ 68%] [32mBuilding CXX object CMakeFiles/champ_msgs__rosidl_typesupport_fastrtps_c.dir/rosidl_typesupport_fastrtps_c/champ_msgs/msg/detail/point__type_support_c.cpp.o[0m
[7.629s] [ 69%] [32mBuilding CXX object CMakeFiles/champ_msgs__rosidl_typesupport_introspection_cpp.dir/rosidl_typesupport_introspection_cpp/champ_msgs/msg/detail/pose__type_support.cpp.o[0m
[7.845s] [ 70%] [32mBuilding CXX object CMakeFiles/champ_msgs__rosidl_typesupport_fastrtps_cpp.dir/rosidl_typesupport_fastrtps_cpp/champ_msgs/msg/detail/dds_fastrtps/contacts__type_support.cpp.o[0m
[7.937s] [ 71%] [32mBuilding CXX object CMakeFiles/champ_msgs__rosidl_typesupport_fastrtps_c.dir/rosidl_typesupport_fastrtps_c/champ_msgs/msg/detail/point_array__type_support_c.cpp.o[0m
[8.015s] [ 72%] [32mBuilding CXX object CMakeFiles/champ_msgs__rosidl_typesupport_fastrtps_cpp.dir/rosidl_typesupport_fastrtps_cpp/champ_msgs/msg/detail/dds_fastrtps/contacts_stamped__type_support.cpp.o[0m
[8.096s] [ 73%] [32m[1mLinking CXX shared library libchamp_msgs__rosidl_typesupport_cpp.so[0m
[8.232s] [ 73%] Built target champ_msgs__rosidl_typesupport_cpp
[8.239s] [ 74%] [32mBuilding CXX object CMakeFiles/champ_msgs__rosidl_typesupport_fastrtps_cpp.dir/rosidl_typesupport_fastrtps_cpp/champ_msgs/msg/detail/dds_fastrtps/pose__type_support.cpp.o[0m
[8.247s] [ 75%] [32mBuilding CXX object CMakeFiles/champ_msgs__rosidl_typesupport_fastrtps_c.dir/rosidl_typesupport_fastrtps_c/champ_msgs/msg/detail/joints__type_support_c.cpp.o[0m
[8.303s] [ 76%] [32mBuilding CXX object CMakeFiles/champ_msgs__rosidl_typesupport_fastrtps_c.dir/rosidl_typesupport_fastrtps_c/champ_msgs/msg/detail/contacts__type_support_c.cpp.o[0m
[8.355s] [ 77%] [32mBuilding CXX object CMakeFiles/champ_msgs__rosidl_typesupport_fastrtps_c.dir/rosidl_typesupport_fastrtps_c/champ_msgs/msg/detail/contacts_stamped__type_support_c.cpp.o[0m
[8.419s] [ 78%] [32m[1mLinking CXX shared library libchamp_msgs__rosidl_typesupport_introspection_cpp.so[0m
[8.643s] [ 80%] [32mBuilding CXX object CMakeFiles/champ_msgs__rosidl_typesupport_fastrtps_c.dir/rosidl_typesupport_fastrtps_c/champ_msgs/msg/detail/pose__type_support_c.cpp.o[0m
[8.650s] [ 80%] Built target champ_msgs__rosidl_typesupport_introspection_cpp
[8.974s] [ 81%] [32m[1mLinking CXX shared library libchamp_msgs__rosidl_typesupport_fastrtps_cpp.so[0m
[9.056s] [ 82%] [32m[1mLinking CXX shared library libchamp_msgs__rosidl_typesupport_fastrtps_c.so[0m
[9.067s] [ 82%] Built target champ_msgs__rosidl_typesupport_fastrtps_cpp
[9.141s] [ 82%] Built target champ_msgs__rosidl_typesupport_fastrtps_c
[9.163s] [ 82%] Built target champ_msgs
[9.190s] [ 83%] [34m[1mGenerating Python code for ROS interfaces[0m
[10.243s] [ 83%] Built target champ_msgs__py
[10.273s] [ 84%] [32mBuilding C object CMakeFiles/champ_msgs__rosidl_generator_py.dir/rosidl_generator_py/champ_msgs/msg/_pid_s.c.o[0m
[10.273s] [ 85%] [32mBuilding C object CMakeFiles/champ_msgs__rosidl_generator_py.dir/rosidl_generator_py/champ_msgs/msg/_joints_s.c.o[0m
[10.273s] [ 87%] [32mBuilding C object CMakeFiles/champ_msgs__rosidl_generator_py.dir/rosidl_generator_py/champ_msgs/msg/_point_s.c.o[0m
[10.273s] [ 87%] [32mBuilding C object CMakeFiles/champ_msgs__rosidl_generator_py.dir/rosidl_generator_py/champ_msgs/msg/_point_array_s.c.o[0m
[10.274s] [ 88%] [32mBuilding C object CMakeFiles/champ_msgs__rosidl_generator_py.dir/rosidl_generator_py/champ_msgs/msg/_velocities_s.c.o[0m
[10.283s] [ 90%] [32mBuilding C object CMakeFiles/champ_msgs__rosidl_generator_py.dir/rosidl_generator_py/champ_msgs/msg/_contacts_stamped_s.c.o[0m
[10.283s] [ 90%] [32mBuilding C object CMakeFiles/champ_msgs__rosidl_generator_py.dir/rosidl_generator_py/champ_msgs/msg/_imu_s.c.o[0m
[10.283s] [ 91%] [32mBuilding C object CMakeFiles/champ_msgs__rosidl_generator_py.dir/rosidl_generator_py/champ_msgs/msg/_contacts_s.c.o[0m
[10.497s] [ 92%] [32mBuilding C object CMakeFiles/champ_msgs__rosidl_generator_py.dir/rosidl_generator_py/champ_msgs/msg/_pose_s.c.o[0m
[10.602s] [ 93%] [32m[1mLinking C shared library rosidl_generator_py/champ_msgs/libchamp_msgs__rosidl_generator_py.so[0m
[10.648s] [ 93%] Built target champ_msgs__rosidl_generator_py
[10.671s] [ 94%] [32mBuilding C object CMakeFiles/champ_msgs__rosidl_typesupport_introspection_c__pyext.dir/rosidl_generator_py/champ_msgs/_champ_msgs_s.ep.rosidl_typesupport_introspection_c.c.o[0m
[10.672s] [ 95%] [32mBuilding C object CMakeFiles/champ_msgs__rosidl_typesupport_fastrtps_c__pyext.dir/rosidl_generator_py/champ_msgs/_champ_msgs_s.ep.rosidl_typesupport_fastrtps_c.c.o[0m
[10.673s] [ 96%] [32mBuilding C object CMakeFiles/champ_msgs__rosidl_typesupport_c__pyext.dir/rosidl_generator_py/champ_msgs/_champ_msgs_s.ep.rosidl_typesupport_c.c.o[0m
[10.807s] [ 98%] [32m[1mLinking C shared library rosidl_generator_py/champ_msgs/champ_msgs_s__rosidl_typesupport_introspection_c.cpython-310-x86_64-linux-gnu.so[0m
[10.807s] [ 98%] [32m[1mLinking C shared library rosidl_generator_py/champ_msgs/champ_msgs_s__rosidl_typesupport_fastrtps_c.cpython-310-x86_64-linux-gnu.so[0m
[10.811s] [100%] [32m[1mLinking C shared library rosidl_generator_py/champ_msgs/champ_msgs_s__rosidl_typesupport_c.cpython-310-x86_64-linux-gnu.so[0m
[10.854s] [100%] Built target champ_msgs__rosidl_typesupport_introspection_c__pyext
[10.854s] [100%] Built target champ_msgs__rosidl_typesupport_fastrtps_c__pyext
[10.857s] [100%] Built target champ_msgs__rosidl_typesupport_c__pyext
[10.871s] Invoked command in '/home/t5ai/unitree_go2_ws/src/unitree-go2-ros2/build/champ_msgs' returned '0': CMAKE_PREFIX_PATH=${CMAKE_PREFIX_PATH}:/home/t5ai/unitree_go2_ws/install/go2_helloworld_py:/home/t5ai/unitree_go2_ws/install/go2_gait_tools:/opt/ros/humble /usr/bin/cmake --build /home/t5ai/unitree_go2_ws/src/unitree-go2-ros2/build/champ_msgs -- -j8 -l8
[10.873s] Invoking command in '/home/t5ai/unitree_go2_ws/src/unitree-go2-ros2/build/champ_msgs': CMAKE_PREFIX_PATH=${CMAKE_PREFIX_PATH}:/home/t5ai/unitree_go2_ws/install/go2_helloworld_py:/home/t5ai/unitree_go2_ws/install/go2_gait_tools:/opt/ros/humble /usr/bin/cmake --install /home/t5ai/unitree_go2_ws/src/unitree-go2-ros2/build/champ_msgs
[10.882s] -- Install configuration: ""
[10.882s] -- Installing: /home/t5ai/unitree_go2_ws/src/unitree-go2-ros2/install/champ_msgs/share/ament_index/resource_index/rosidl_interfaces/champ_msgs
[10.882s] -- Installing: /home/t5ai/unitree_go2_ws/src/unitree-go2-ros2/install/champ_msgs/include/champ_msgs/champ_msgs
[10.882s] -- Installing: /home/t5ai/unitree_go2_ws/src/unitree-go2-ros2/install/champ_msgs/include/champ_msgs/champ_msgs/msg
[10.882s] -- Installing: /home/t5ai/unitree_go2_ws/src/unitree-go2-ros2/install/champ_msgs/include/champ_msgs/champ_msgs/msg/point.h
[10.882s] -- Installing: /home/t5ai/unitree_go2_ws/src/unitree-go2-ros2/install/champ_msgs/include/champ_msgs/champ_msgs/msg/joints.h
[10.883s] -- Installing: /home/t5ai/unitree_go2_ws/src/unitree-go2-ros2/install/champ_msgs/include/champ_msgs/champ_msgs/msg/rosidl_generator_c__visibility_control.h
[10.883s] -- Installing: /home/t5ai/unitree_go2_ws/src/unitree-go2-ros2/install/champ_msgs/include/champ_msgs/champ_msgs/msg/pose.h
[10.883s] -- Installing: /home/t5ai/unitree_go2_ws/src/unitree-go2-ros2/install/champ_msgs/include/champ_msgs/champ_msgs/msg/contacts.h
[10.883s] -- Installing: /home/t5ai/unitree_go2_ws/src/unitree-go2-ros2/install/champ_msgs/include/champ_msgs/champ_msgs/msg/point_array.h
[10.883s] -- Installing: /home/t5ai/unitree_go2_ws/src/unitree-go2-ros2/install/champ_msgs/include/champ_msgs/champ_msgs/msg/imu.h
[10.883s] -- Installing: /home/t5ai/unitree_go2_ws/src/unitree-go2-ros2/install/champ_msgs/include/champ_msgs/champ_msgs/msg/contacts_stamped.h
[10.883s] -- Installing: /home/t5ai/unitree_go2_ws/src/unitree-go2-ros2/install/champ_msgs/include/champ_msgs/champ_msgs/msg/detail
[10.883s] -- Installing: /home/t5ai/unitree_go2_ws/src/unitree-go2-ros2/install/champ_msgs/include/champ_msgs/champ_msgs/msg/detail/velocities__type_support.h
[10.883s] -- Installing: /home/t5ai/unitree_go2_ws/src/unitree-go2-ros2/install/champ_msgs/include/champ_msgs/champ_msgs/msg/detail/contacts_stamped__struct.h
[10.883s] -- Installing: /home/t5ai/unitree_go2_ws/src/unitree-go2-ros2/install/champ_msgs/include/champ_msgs/champ_msgs/msg/detail/point__struct.h
[10.884s] -- Installing: /home/t5ai/unitree_go2_ws/src/unitree-go2-ros2/install/champ_msgs/include/champ_msgs/champ_msgs/msg/detail/pid__struct.h
[10.884s] -- Installing: /home/t5ai/unitree_go2_ws/src/unitree-go2-ros2/install/champ_msgs/include/champ_msgs/champ_msgs/msg/detail/pid__functions.c
[10.884s] -- Installing: /home/t5ai/unitree_go2_ws/src/unitree-go2-ros2/install/champ_msgs/include/champ_msgs/champ_msgs/msg/detail/point_array__functions.h
[10.884s] -- Installing: /home/t5ai/unitree_go2_ws/src/unitree-go2-ros2/install/champ_msgs/include/champ_msgs/champ_msgs/msg/detail/joints__type_support.h
[10.884s] -- Installing: /home/t5ai/unitree_go2_ws/src/unitree-go2-ros2/install/champ_msgs/include/champ_msgs/champ_msgs/msg/detail/contacts__type_support.h
[10.884s] -- Installing: /home/t5ai/unitree_go2_ws/src/unitree-go2-ros2/install/champ_msgs/include/champ_msgs/champ_msgs/msg/detail/imu__struct.h
[10.884s] -- Installing: /home/t5ai/unitree_go2_ws/src/unitree-go2-ros2/install/champ_msgs/include/champ_msgs/champ_msgs/msg/detail/point__functions.c
[10.884s] -- Installing: /home/t5ai/unitree_go2_ws/src/unitree-go2-ros2/install/champ_msgs/include/champ_msgs/champ_msgs/msg/detail/joints__functions.c
[10.884s] -- Installing: /home/t5ai/unitree_go2_ws/src/unitree-go2-ros2/install/champ_msgs/include/champ_msgs/champ_msgs/msg/detail/contacts_stamped__functions.h
[10.885s] -- Installing: /home/t5ai/unitree_go2_ws/src/unitree-go2-ros2/install/champ_msgs/include/champ_msgs/champ_msgs/msg/detail/velocities__functions.c
[10.885s] -- Installing: /home/t5ai/unitree_go2_ws/src/unitree-go2-ros2/install/champ_msgs/include/champ_msgs/champ_msgs/msg/detail/point_array__type_support.h
[10.885s] -- Installing: /home/t5ai/unitree_go2_ws/src/unitree-go2-ros2/install/champ_msgs/include/champ_msgs/champ_msgs/msg/detail/pid__functions.h
[10.885s] -- Installing: /home/t5ai/unitree_go2_ws/src/unitree-go2-ros2/install/champ_msgs/include/champ_msgs/champ_msgs/msg/detail/velocities__struct.h
[10.885s] -- Installing: /home/t5ai/unitree_go2_ws/src/unitree-go2-ros2/install/champ_msgs/include/champ_msgs/champ_msgs/msg/detail/point__functions.h
[10.885s] -- Installing: /home/t5ai/unitree_go2_ws/src/unitree-go2-ros2/install/champ_msgs/include/champ_msgs/champ_msgs/msg/detail/pose__functions.h
[10.885s] -- Installing: /home/t5ai/unitree_go2_ws/src/unitree-go2-ros2/install/champ_msgs/include/champ_msgs/champ_msgs/msg/detail/pose__type_support.h
[10.885s] -- Installing: /home/t5ai/unitree_go2_ws/src/unitree-go2-ros2/install/champ_msgs/include/champ_msgs/champ_msgs/msg/detail/contacts__functions.c
[10.886s] -- Installing: /home/t5ai/unitree_go2_ws/src/unitree-go2-ros2/install/champ_msgs/include/champ_msgs/champ_msgs/msg/detail/imu__functions.c
[10.886s] -- Installing: /home/t5ai/unitree_go2_ws/src/unitree-go2-ros2/install/champ_msgs/include/champ_msgs/champ_msgs/msg/detail/pose__functions.c
[10.886s] -- Installing: /home/t5ai/unitree_go2_ws/src/unitree-go2-ros2/install/champ_msgs/include/champ_msgs/champ_msgs/msg/detail/pid__type_support.h
[10.886s] -- Installing: /home/t5ai/unitree_go2_ws/src/unitree-go2-ros2/install/champ_msgs/include/champ_msgs/champ_msgs/msg/detail/contacts__functions.h
[10.886s] -- Installing: /home/t5ai/unitree_go2_ws/src/unitree-go2-ros2/install/champ_msgs/include/champ_msgs/champ_msgs/msg/detail/imu__type_support.h
[10.886s] -- Installing: /home/t5ai/unitree_go2_ws/src/unitree-go2-ros2/install/champ_msgs/include/champ_msgs/champ_msgs/msg/detail/point__type_support.h
[10.886s] -- Installing: /home/t5ai/unitree_go2_ws/src/unitree-go2-ros2/install/champ_msgs/include/champ_msgs/champ_msgs/msg/detail/pose__struct.h
[10.886s] -- Installing: /home/t5ai/unitree_go2_ws/src/unitree-go2-ros2/install/champ_msgs/include/champ_msgs/champ_msgs/msg/detail/joints__struct.h
[10.886s] -- Installing: /home/t5ai/unitree_go2_ws/src/unitree-go2-ros2/install/champ_msgs/include/champ_msgs/champ_msgs/msg/detail/velocities__functions.h
[10.887s] -- Installing: /home/t5ai/unitree_go2_ws/src/unitree-go2-ros2/install/champ_msgs/include/champ_msgs/champ_msgs/msg/detail/contacts_stamped__functions.c
[10.887s] -- Installing: /home/t5ai/unitree_go2_ws/src/unitree-go2-ros2/install/champ_msgs/include/champ_msgs/champ_msgs/msg/detail/point_array__struct.h
[10.887s] -- Installing: /home/t5ai/unitree_go2_ws/src/unitree-go2-ros2/install/champ_msgs/include/champ_msgs/champ_msgs/msg/detail/contacts_stamped__type_support.h
[10.887s] -- Installing: /home/t5ai/unitree_go2_ws/src/unitree-go2-ros2/install/champ_msgs/include/champ_msgs/champ_msgs/msg/detail/imu__functions.h
[10.887s] -- Installing: /home/t5ai/unitree_go2_ws/src/unitree-go2-ros2/install/champ_msgs/include/champ_msgs/champ_msgs/msg/detail/contacts__struct.h
[10.887s] -- Installing: /home/t5ai/unitree_go2_ws/src/unitree-go2-ros2/install/champ_msgs/include/champ_msgs/champ_msgs/msg/detail/point_array__functions.c
[10.887s] -- Installing: /home/t5ai/unitree_go2_ws/src/unitree-go2-ros2/install/champ_msgs/include/champ_msgs/champ_msgs/msg/detail/joints__functions.h
[10.887s] -- Installing: /home/t5ai/unitree_go2_ws/src/unitree-go2-ros2/install/champ_msgs/include/champ_msgs/champ_msgs/msg/velocities.h
[10.887s] -- Installing: /home/t5ai/unitree_go2_ws/src/unitree-go2-ros2/install/champ_msgs/include/champ_msgs/champ_msgs/msg/pid.h
[10.888s] -- Installing: /home/t5ai/unitree_go2_ws/src/unitree-go2-ros2/install/champ_msgs/share/champ_msgs/environment/library_path.sh
[10.888s] -- Installing: /home/t5ai/unitree_go2_ws/src/unitree-go2-ros2/install/champ_msgs/share/champ_msgs/environment/library_path.dsv
[10.888s] -- Installing: /home/t5ai/unitree_go2_ws/src/unitree-go2-ros2/install/champ_msgs/lib/libchamp_msgs__rosidl_generator_c.so
[10.889s] -- Set runtime path of "/home/t5ai/unitree_go2_ws/src/unitree-go2-ros2/install/champ_msgs/lib/libchamp_msgs__rosidl_generator_c.so" to ""
[10.889s] -- Up-to-date: /home/t5ai/unitree_go2_ws/src/unitree-go2-ros2/install/champ_msgs/include/champ_msgs/champ_msgs
[10.889s] -- Up-to-date: /home/t5ai/unitree_go2_ws/src/unitree-go2-ros2/install/champ_msgs/include/champ_msgs/champ_msgs/msg
[10.889s] -- Installing: /home/t5ai/unitree_go2_ws/src/unitree-go2-ros2/install/champ_msgs/include/champ_msgs/champ_msgs/msg/rosidl_typesupport_fastrtps_c__visibility_control.h
[10.889s] -- Up-to-date: /home/t5ai/unitree_go2_ws/src/unitree-go2-ros2/install/champ_msgs/include/champ_msgs/champ_msgs/msg/detail
[10.889s] -- Installing: /home/t5ai/unitree_go2_ws/src/unitree-go2-ros2/install/champ_msgs/include/champ_msgs/champ_msgs/msg/detail/velocities__rosidl_typesupport_fastrtps_c.h
[10.889s] -- Installing: /home/t5ai/unitree_go2_ws/src/unitree-go2-ros2/install/champ_msgs/include/champ_msgs/champ_msgs/msg/detail/contacts__rosidl_typesupport_fastrtps_c.h
[10.889s] -- Installing: /home/t5ai/unitree_go2_ws/src/unitree-go2-ros2/install/champ_msgs/include/champ_msgs/champ_msgs/msg/detail/pid__rosidl_typesupport_fastrtps_c.h
[10.889s] -- Installing: /home/t5ai/unitree_go2_ws/src/unitree-go2-ros2/install/champ_msgs/include/champ_msgs/champ_msgs/msg/detail/contacts_stamped__rosidl_typesupport_fastrtps_c.h
[10.890s] -- Installing: /home/t5ai/unitree_go2_ws/src/unitree-go2-ros2/install/champ_msgs/include/champ_msgs/champ_msgs/msg/detail/joints__rosidl_typesupport_fastrtps_c.h
[10.890s] -- Installing: /home/t5ai/unitree_go2_ws/src/unitree-go2-ros2/install/champ_msgs/include/champ_msgs/champ_msgs/msg/detail/point__rosidl_typesupport_fastrtps_c.h
[10.890s] -- Installing: /home/t5ai/unitree_go2_ws/src/unitree-go2-ros2/install/champ_msgs/include/champ_msgs/champ_msgs/msg/detail/point_array__rosidl_typesupport_fastrtps_c.h
[10.890s] -- Installing: /home/t5ai/unitree_go2_ws/src/unitree-go2-ros2/install/champ_msgs/include/champ_msgs/champ_msgs/msg/detail/imu__rosidl_typesupport_fastrtps_c.h
[10.890s] -- Installing: /home/t5ai/unitree_go2_ws/src/unitree-go2-ros2/install/champ_msgs/include/champ_msgs/champ_msgs/msg/detail/pose__rosidl_typesupport_fastrtps_c.h
[10.890s] -- Installing: /home/t5ai/unitree_go2_ws/src/unitree-go2-ros2/install/champ_msgs/lib/libchamp_msgs__rosidl_typesupport_fastrtps_c.so
[10.891s] -- Set runtime path of "/home/t5ai/unitree_go2_ws/src/unitree-go2-ros2/install/champ_msgs/lib/libchamp_msgs__rosidl_typesupport_fastrtps_c.so" to ""
[10.891s] -- Up-to-date: /home/t5ai/unitree_go2_ws/src/unitree-go2-ros2/install/champ_msgs/include/champ_msgs/champ_msgs
[10.891s] -- Up-to-date: /home/t5ai/unitree_go2_ws/src/unitree-go2-ros2/install/champ_msgs/include/champ_msgs/champ_msgs/msg
[10.891s] -- Installing: /home/t5ai/unitree_go2_ws/src/unitree-go2-ros2/install/champ_msgs/include/champ_msgs/champ_msgs/msg/rosidl_typesupport_introspection_c__visibility_control.h
[10.891s] -- Up-to-date: /home/t5ai/unitree_go2_ws/src/unitree-go2-ros2/install/champ_msgs/include/champ_msgs/champ_msgs/msg/detail
[10.891s] -- Installing: /home/t5ai/unitree_go2_ws/src/unitree-go2-ros2/install/champ_msgs/include/champ_msgs/champ_msgs/msg/detail/pid__rosidl_typesupport_introspection_c.h
[10.891s] -- Installing: /home/t5ai/unitree_go2_ws/src/unitree-go2-ros2/install/champ_msgs/include/champ_msgs/champ_msgs/msg/detail/contacts_stamped__type_support.c
[10.891s] -- Installing: /home/t5ai/unitree_go2_ws/src/unitree-go2-ros2/install/champ_msgs/include/champ_msgs/champ_msgs/msg/detail/joints__rosidl_typesupport_introspection_c.h
[10.891s] -- Installing: /home/t5ai/unitree_go2_ws/src/unitree-go2-ros2/install/champ_msgs/include/champ_msgs/champ_msgs/msg/detail/velocities__rosidl_typesupport_introspection_c.h
[10.892s] -- Installing: /home/t5ai/unitree_go2_ws/src/unitree-go2-ros2/install/champ_msgs/include/champ_msgs/champ_msgs/msg/detail/joints__type_support.c
[10.892s] -- Installing: /home/t5ai/unitree_go2_ws/src/unitree-go2-ros2/install/champ_msgs/include/champ_msgs/champ_msgs/msg/detail/point_array__type_support.c
[10.892s] -- Installing: /home/t5ai/unitree_go2_ws/src/unitree-go2-ros2/install/champ_msgs/include/champ_msgs/champ_msgs/msg/detail/contacts__type_support.c
[10.892s] -- Installing: /home/t5ai/unitree_go2_ws/src/unitree-go2-ros2/install/champ_msgs/include/champ_msgs/champ_msgs/msg/detail/pid__type_support.c
[10.892s] -- Installing: /home/t5ai/unitree_go2_ws/src/unitree-go2-ros2/install/champ_msgs/include/champ_msgs/champ_msgs/msg/detail/contacts_stamped__rosidl_typesupport_introspection_c.h
[10.892s] -- Installing: /home/t5ai/unitree_go2_ws/src/unitree-go2-ros2/install/champ_msgs/include/champ_msgs/champ_msgs/msg/detail/velocities__type_support.c
[10.892s] -- Installing: /home/t5ai/unitree_go2_ws/src/unitree-go2-ros2/install/champ_msgs/include/champ_msgs/champ_msgs/msg/detail/contacts__rosidl_typesupport_introspection_c.h
[10.892s] -- Installing: /home/t5ai/unitree_go2_ws/src/unitree-go2-ros2/install/champ_msgs/include/champ_msgs/champ_msgs/msg/detail/pose__type_support.c
[10.892s] -- Installing: /home/t5ai/unitree_go2_ws/src/unitree-go2-ros2/install/champ_msgs/include/champ_msgs/champ_msgs/msg/detail/imu__rosidl_typesupport_introspection_c.h
[10.892s] -- Installing: /home/t5ai/unitree_go2_ws/src/unitree-go2-ros2/install/champ_msgs/include/champ_msgs/champ_msgs/msg/detail/imu__type_support.c
[10.892s] -- Installing: /home/t5ai/unitree_go2_ws/src/unitree-go2-ros2/install/champ_msgs/include/champ_msgs/champ_msgs/msg/detail/point__rosidl_typesupport_introspection_c.h
[10.893s] -- Installing: /home/t5ai/unitree_go2_ws/src/unitree-go2-ros2/install/champ_msgs/include/champ_msgs/champ_msgs/msg/detail/point__type_support.c
[10.893s] -- Installing: /home/t5ai/unitree_go2_ws/src/unitree-go2-ros2/install/champ_msgs/include/champ_msgs/champ_msgs/msg/detail/point_array__rosidl_typesupport_introspection_c.h
[10.893s] -- Installing: /home/t5ai/unitree_go2_ws/src/unitree-go2-ros2/install/champ_msgs/include/champ_msgs/champ_msgs/msg/detail/pose__rosidl_typesupport_introspection_c.h
[10.893s] -- Installing: /home/t5ai/unitree_go2_ws/src/unitree-go2-ros2/install/champ_msgs/lib/libchamp_msgs__rosidl_typesupport_introspection_c.so
[10.893s] -- Set runtime path of "/home/t5ai/unitree_go2_ws/src/unitree-go2-ros2/install/champ_msgs/lib/libchamp_msgs__rosidl_typesupport_introspection_c.so" to ""
[10.894s] -- Installing: /home/t5ai/unitree_go2_ws/src/unitree-go2-ros2/install/champ_msgs/lib/libchamp_msgs__rosidl_typesupport_c.so
[10.894s] -- Set runtime path of "/home/t5ai/unitree_go2_ws/src/unitree-go2-ros2/install/champ_msgs/lib/libchamp_msgs__rosidl_typesupport_c.so" to ""
[10.894s] -- Up-to-date: /home/t5ai/unitree_go2_ws/src/unitree-go2-ros2/install/champ_msgs/include/champ_msgs/champ_msgs
[10.894s] -- Up-to-date: /home/t5ai/unitree_go2_ws/src/unitree-go2-ros2/install/champ_msgs/include/champ_msgs/champ_msgs/msg
[10.894s] -- Installing: /home/t5ai/unitree_go2_ws/src/unitree-go2-ros2/install/champ_msgs/include/champ_msgs/champ_msgs/msg/pose.hpp
[10.894s] -- Installing: /home/t5ai/unitree_go2_ws/src/unitree-go2-ros2/install/champ_msgs/include/champ_msgs/champ_msgs/msg/pid.hpp
[10.895s] -- Installing: /home/t5ai/unitree_go2_ws/src/unitree-go2-ros2/install/champ_msgs/include/champ_msgs/champ_msgs/msg/imu.hpp
[10.895s] -- Up-to-date: /home/t5ai/unitree_go2_ws/src/unitree-go2-ros2/install/champ_msgs/include/champ_msgs/champ_msgs/msg/detail
[10.895s] -- Installing: /home/t5ai/unitree_go2_ws/src/unitree-go2-ros2/install/champ_msgs/include/champ_msgs/champ_msgs/msg/detail/joints__struct.hpp
[10.895s] -- Installing: /home/t5ai/unitree_go2_ws/src/unitree-go2-ros2/install/champ_msgs/include/champ_msgs/champ_msgs/msg/detail/imu__struct.hpp
[10.895s] -- Installing: /home/t5ai/unitree_go2_ws/src/unitree-go2-ros2/install/champ_msgs/include/champ_msgs/champ_msgs/msg/detail/point_array__traits.hpp
[10.895s] -- Installing: /home/t5ai/unitree_go2_ws/src/unitree-go2-ros2/install/champ_msgs/include/champ_msgs/champ_msgs/msg/detail/point__builder.hpp
[10.895s] -- Installing: /home/t5ai/unitree_go2_ws/src/unitree-go2-ros2/install/champ_msgs/include/champ_msgs/champ_msgs/msg/detail/point__type_support.hpp
[10.895s] -- Installing: /home/t5ai/unitree_go2_ws/src/unitree-go2-ros2/install/champ_msgs/include/champ_msgs/champ_msgs/msg/detail/velocities__type_support.hpp
[10.895s] -- Installing: /home/t5ai/unitree_go2_ws/src/unitree-go2-ros2/install/champ_msgs/include/champ_msgs/champ_msgs/msg/detail/velocities__builder.hpp
[10.896s] -- Installing: /home/t5ai/unitree_go2_ws/src/unitree-go2-ros2/install/champ_msgs/include/champ_msgs/champ_msgs/msg/detail/contacts__type_support.hpp
[10.896s] -- Installing: /home/t5ai/unitree_go2_ws/src/unitree-go2-ros2/install/champ_msgs/include/champ_msgs/champ_msgs/msg/detail/joints__type_support.hpp
[10.896s] -- Installing: /home/t5ai/unitree_go2_ws/src/unitree-go2-ros2/install/champ_msgs/include/champ_msgs/champ_msgs/msg/detail/velocities__struct.hpp
[10.896s] -- Installing: /home/t5ai/unitree_go2_ws/src/unitree-go2-ros2/install/champ_msgs/include/champ_msgs/champ_msgs/msg/detail/contacts__struct.hpp
[10.896s] -- Installing: /home/t5ai/unitree_go2_ws/src/unitree-go2-ros2/install/champ_msgs/include/champ_msgs/champ_msgs/msg/detail/joints__traits.hpp
[10.896s] -- Installing: /home/t5ai/unitree_go2_ws/src/unitree-go2-ros2/install/champ_msgs/include/champ_msgs/champ_msgs/msg/detail/contacts_stamped__builder.hpp
[10.896s] -- Installing: /home/t5ai/unitree_go2_ws/src/unitree-go2-ros2/install/champ_msgs/include/champ_msgs/champ_msgs/msg/detail/contacts_stamped__struct.hpp
[10.896s] -- Installing: /home/t5ai/unitree_go2_ws/src/unitree-go2-ros2/install/champ_msgs/include/champ_msgs/champ_msgs/msg/detail/imu__type_support.hpp
[10.896s] -- Installing: /home/t5ai/unitree_go2_ws/src/unitree-go2-ros2/install/champ_msgs/include/champ_msgs/champ_msgs/msg/detail/contacts__traits.hpp
[10.896s] -- Installing: /home/t5ai/unitree_go2_ws/src/unitree-go2-ros2/install/champ_msgs/include/champ_msgs/champ_msgs/msg/detail/point__traits.hpp
[10.897s] -- Installing: /home/t5ai/unitree_go2_ws/src/unitree-go2-ros2/install/champ_msgs/include/champ_msgs/champ_msgs/msg/detail/contacts_stamped__traits.hpp
[10.897s] -- Installing: /home/t5ai/unitree_go2_ws/src/unitree-go2-ros2/install/champ_msgs/include/champ_msgs/champ_msgs/msg/detail/contacts__builder.hpp
[10.897s] -- Installing: /home/t5ai/unitree_go2_ws/src/unitree-go2-ros2/install/champ_msgs/include/champ_msgs/champ_msgs/msg/detail/pose__type_support.hpp
[10.897s] -- Installing: /home/t5ai/unitree_go2_ws/src/unitree-go2-ros2/install/champ_msgs/include/champ_msgs/champ_msgs/msg/detail/point_array__struct.hpp
[10.897s] -- Installing: /home/t5ai/unitree_go2_ws/src/unitree-go2-ros2/install/champ_msgs/include/champ_msgs/champ_msgs/msg/detail/pid__struct.hpp
[10.897s] -- Installing: /home/t5ai/unitree_go2_ws/src/unitree-go2-ros2/install/champ_msgs/include/champ_msgs/champ_msgs/msg/detail/point_array__builder.hpp
[10.897s] -- Installing: /home/t5ai/unitree_go2_ws/src/unitree-go2-ros2/install/champ_msgs/include/champ_msgs/champ_msgs/msg/detail/imu__builder.hpp
[10.897s] -- Installing: /home/t5ai/unitree_go2_ws/src/unitree-go2-ros2/install/champ_msgs/include/champ_msgs/champ_msgs/msg/detail/point_array__type_support.hpp
[10.898s] -- Installing: /home/t5ai/unitree_go2_ws/src/unitree-go2-ros2/install/champ_msgs/include/champ_msgs/champ_msgs/msg/detail/velocities__traits.hpp
[10.898s] -- Installing: /home/t5ai/unitree_go2_ws/src/unitree-go2-ros2/install/champ_msgs/include/champ_msgs/champ_msgs/msg/detail/joints__builder.hpp
[10.898s] -- Installing: /home/t5ai/unitree_go2_ws/src/unitree-go2-ros2/install/champ_msgs/include/champ_msgs/champ_msgs/msg/detail/pose__traits.hpp
[10.898s] -- Installing: /home/t5ai/unitree_go2_ws/src/unitree-go2-ros2/install/champ_msgs/include/champ_msgs/champ_msgs/msg/detail/contacts_stamped__type_support.hpp
[10.898s] -- Installing: /home/t5ai/unitree_go2_ws/src/unitree-go2-ros2/install/champ_msgs/include/champ_msgs/champ_msgs/msg/detail/point__struct.hpp
[10.898s] -- Installing: /home/t5ai/unitree_go2_ws/src/unitree-go2-ros2/install/champ_msgs/include/champ_msgs/champ_msgs/msg/detail/pose__struct.hpp
[10.898s] -- Installing: /home/t5ai/unitree_go2_ws/src/unitree-go2-ros2/install/champ_msgs/include/champ_msgs/champ_msgs/msg/detail/pid__traits.hpp
[10.898s] -- Installing: /home/t5ai/unitree_go2_ws/src/unitree-go2-ros2/install/champ_msgs/include/champ_msgs/champ_msgs/msg/detail/pid__builder.hpp
[10.898s] -- Installing: /home/t5ai/unitree_go2_ws/src/unitree-go2-ros2/install/champ_msgs/include/champ_msgs/champ_msgs/msg/detail/pid__type_support.hpp
[10.899s] -- Installing: /home/t5ai/unitree_go2_ws/src/unitree-go2-ros2/install/champ_msgs/include/champ_msgs/champ_msgs/msg/detail/pose__builder.hpp
[10.899s] -- Installing: /home/t5ai/unitree_go2_ws/src/unitree-go2-ros2/install/champ_msgs/include/champ_msgs/champ_msgs/msg/detail/imu__traits.hpp
[10.899s] -- Installing: /home/t5ai/unitree_go2_ws/src/unitree-go2-ros2/install/champ_msgs/include/champ_msgs/champ_msgs/msg/velocities.hpp
[10.899s] -- Installing: /home/t5ai/unitree_go2_ws/src/unitree-go2-ros2/install/champ_msgs/include/champ_msgs/champ_msgs/msg/contacts.hpp
[10.899s] -- Installing: /home/t5ai/unitree_go2_ws/src/unitree-go2-ros2/install/champ_msgs/include/champ_msgs/champ_msgs/msg/contacts_stamped.hpp
[10.899s] -- Installing: /home/t5ai/unitree_go2_ws/src/unitree-go2-ros2/install/champ_msgs/include/champ_msgs/champ_msgs/msg/joints.hpp
[10.899s] -- Installing: /home/t5ai/unitree_go2_ws/src/unitree-go2-ros2/install/champ_msgs/include/champ_msgs/champ_msgs/msg/point.hpp
[10.899s] -- Installing: /home/t5ai/unitree_go2_ws/src/unitree-go2-ros2/install/champ_msgs/include/champ_msgs/champ_msgs/msg/point_array.hpp
[10.899s] -- Installing: /home/t5ai/unitree_go2_ws/src/unitree-go2-ros2/install/champ_msgs/include/champ_msgs/champ_msgs/msg/rosidl_generator_cpp__visibility_control.hpp
[10.900s] -- Up-to-date: /home/t5ai/unitree_go2_ws/src/unitree-go2-ros2/install/champ_msgs/include/champ_msgs/champ_msgs
[10.900s] -- Up-to-date: /home/t5ai/unitree_go2_ws/src/unitree-go2-ros2/install/champ_msgs/include/champ_msgs/champ_msgs/msg
[10.900s] -- Installing: /home/t5ai/unitree_go2_ws/src/unitree-go2-ros2/install/champ_msgs/include/champ_msgs/champ_msgs/msg/rosidl_typesupport_fastrtps_cpp__visibility_control.h
[10.900s] -- Up-to-date: /home/t5ai/unitree_go2_ws/src/unitree-go2-ros2/install/champ_msgs/include/champ_msgs/champ_msgs/msg/detail
[10.900s] -- Installing: /home/t5ai/unitree_go2_ws/src/unitree-go2-ros2/install/champ_msgs/include/champ_msgs/champ_msgs/msg/detail/joints__rosidl_typesupport_fastrtps_cpp.hpp
[10.900s] -- Installing: /home/t5ai/unitree_go2_ws/src/unitree-go2-ros2/install/champ_msgs/include/champ_msgs/champ_msgs/msg/detail/velocities__rosidl_typesupport_fastrtps_cpp.hpp
[10.900s] -- Installing: /home/t5ai/unitree_go2_ws/src/unitree-go2-ros2/install/champ_msgs/include/champ_msgs/champ_msgs/msg/detail/contacts_stamped__rosidl_typesupport_fastrtps_cpp.hpp
[10.900s] -- Installing: /home/t5ai/unitree_go2_ws/src/unitree-go2-ros2/install/champ_msgs/include/champ_msgs/champ_msgs/msg/detail/contacts__rosidl_typesupport_fastrtps_cpp.hpp
[10.900s] -- Installing: /home/t5ai/unitree_go2_ws/src/unitree-go2-ros2/install/champ_msgs/include/champ_msgs/champ_msgs/msg/detail/pid__rosidl_typesupport_fastrtps_cpp.hpp
[10.900s] -- Installing: /home/t5ai/unitree_go2_ws/src/unitree-go2-ros2/install/champ_msgs/include/champ_msgs/champ_msgs/msg/detail/dds_fastrtps
[10.901s] -- Installing: /home/t5ai/unitree_go2_ws/src/unitree-go2-ros2/install/champ_msgs/include/champ_msgs/champ_msgs/msg/detail/point_array__rosidl_typesupport_fastrtps_cpp.hpp
[10.901s] -- Installing: /home/t5ai/unitree_go2_ws/src/unitree-go2-ros2/install/champ_msgs/include/champ_msgs/champ_msgs/msg/detail/imu__rosidl_typesupport_fastrtps_cpp.hpp
[10.901s] -- Installing: /home/t5ai/unitree_go2_ws/src/unitree-go2-ros2/install/champ_msgs/include/champ_msgs/champ_msgs/msg/detail/point__rosidl_typesupport_fastrtps_cpp.hpp
[10.901s] -- Installing: /home/t5ai/unitree_go2_ws/src/unitree-go2-ros2/install/champ_msgs/include/champ_msgs/champ_msgs/msg/detail/pose__rosidl_typesupport_fastrtps_cpp.hpp
[10.901s] -- Installing: /home/t5ai/unitree_go2_ws/src/unitree-go2-ros2/install/champ_msgs/lib/libchamp_msgs__rosidl_typesupport_fastrtps_cpp.so
[10.902s] -- Set runtime path of "/home/t5ai/unitree_go2_ws/src/unitree-go2-ros2/install/champ_msgs/lib/libchamp_msgs__rosidl_typesupport_fastrtps_cpp.so" to ""
[10.902s] -- Up-to-date: /home/t5ai/unitree_go2_ws/src/unitree-go2-ros2/install/champ_msgs/include/champ_msgs/champ_msgs
[10.902s] -- Up-to-date: /home/t5ai/unitree_go2_ws/src/unitree-go2-ros2/install/champ_msgs/include/champ_msgs/champ_msgs/msg
[10.902s] -- Up-to-date: /home/t5ai/unitree_go2_ws/src/unitree-go2-ros2/install/champ_msgs/include/champ_msgs/champ_msgs/msg/detail
[10.902s] -- Installing: /home/t5ai/unitree_go2_ws/src/unitree-go2-ros2/install/champ_msgs/include/champ_msgs/champ_msgs/msg/detail/imu__type_support.cpp
[10.902s] -- Installing: /home/t5ai/unitree_go2_ws/src/unitree-go2-ros2/install/champ_msgs/include/champ_msgs/champ_msgs/msg/detail/contacts__rosidl_typesupport_introspection_cpp.hpp
[10.902s] -- Installing: /home/t5ai/unitree_go2_ws/src/unitree-go2-ros2/install/champ_msgs/include/champ_msgs/champ_msgs/msg/detail/pid__rosidl_typesupport_introspection_cpp.hpp
[10.903s] -- Installing: /home/t5ai/unitree_go2_ws/src/unitree-go2-ros2/install/champ_msgs/include/champ_msgs/champ_msgs/msg/detail/joints__type_support.cpp
[10.903s] -- Installing: /home/t5ai/unitree_go2_ws/src/unitree-go2-ros2/install/champ_msgs/include/champ_msgs/champ_msgs/msg/detail/pose__type_support.cpp
[10.903s] -- Installing: /home/t5ai/unitree_go2_ws/src/unitree-go2-ros2/install/champ_msgs/include/champ_msgs/champ_msgs/msg/detail/point_array__rosidl_typesupport_introspection_cpp.hpp
[10.903s] -- Installing: /home/t5ai/unitree_go2_ws/src/unitree-go2-ros2/install/champ_msgs/include/champ_msgs/champ_msgs/msg/detail/velocities__type_support.cpp
[10.903s] -- Installing: /home/t5ai/unitree_go2_ws/src/unitree-go2-ros2/install/champ_msgs/include/champ_msgs/champ_msgs/msg/detail/point_array__type_support.cpp
[10.903s] -- Installing: /home/t5ai/unitree_go2_ws/src/unitree-go2-ros2/install/champ_msgs/include/champ_msgs/champ_msgs/msg/detail/imu__rosidl_typesupport_introspection_cpp.hpp
[10.903s] -- Installing: /home/t5ai/unitree_go2_ws/src/unitree-go2-ros2/install/champ_msgs/include/champ_msgs/champ_msgs/msg/detail/pose__rosidl_typesupport_introspection_cpp.hpp
[10.903s] -- Installing: /home/t5ai/unitree_go2_ws/src/unitree-go2-ros2/install/champ_msgs/include/champ_msgs/champ_msgs/msg/detail/point__rosidl_typesupport_introspection_cpp.hpp
[10.903s] -- Installing: /home/t5ai/unitree_go2_ws/src/unitree-go2-ros2/install/champ_msgs/include/champ_msgs/champ_msgs/msg/detail/velocities__rosidl_typesupport_introspection_cpp.hpp
[10.903s] -- Installing: /home/t5ai/unitree_go2_ws/src/unitree-go2-ros2/install/champ_msgs/include/champ_msgs/champ_msgs/msg/detail/pid__type_support.cpp
[10.904s] -- Installing: /home/t5ai/unitree_go2_ws/src/unitree-go2-ros2/install/champ_msgs/include/champ_msgs/champ_msgs/msg/detail/contacts_stamped__rosidl_typesupport_introspection_cpp.hpp
[10.904s] -- Installing: /home/t5ai/unitree_go2_ws/src/unitree-go2-ros2/install/champ_msgs/include/champ_msgs/champ_msgs/msg/detail/contacts_stamped__type_support.cpp
[10.904s] -- Installing: /home/t5ai/unitree_go2_ws/src/unitree-go2-ros2/install/champ_msgs/include/champ_msgs/champ_msgs/msg/detail/joints__rosidl_typesupport_introspection_cpp.hpp
[10.904s] -- Installing: /home/t5ai/unitree_go2_ws/src/unitree-go2-ros2/install/champ_msgs/include/champ_msgs/champ_msgs/msg/detail/contacts__type_support.cpp
[10.904s] -- Installing: /home/t5ai/unitree_go2_ws/src/unitree-go2-ros2/install/champ_msgs/include/champ_msgs/champ_msgs/msg/detail/point__type_support.cpp
[10.904s] -- Installing: /home/t5ai/unitree_go2_ws/src/unitree-go2-ros2/install/champ_msgs/lib/libchamp_msgs__rosidl_typesupport_introspection_cpp.so
[10.905s] -- Set runtime path of "/home/t5ai/unitree_go2_ws/src/unitree-go2-ros2/install/champ_msgs/lib/libchamp_msgs__rosidl_typesupport_introspection_cpp.so" to ""
[10.905s] -- Installing: /home/t5ai/unitree_go2_ws/src/unitree-go2-ros2/install/champ_msgs/lib/libchamp_msgs__rosidl_typesupport_cpp.so
[10.905s] -- Set runtime path of "/home/t5ai/unitree_go2_ws/src/unitree-go2-ros2/install/champ_msgs/lib/libchamp_msgs__rosidl_typesupport_cpp.so" to ""
[10.906s] -- Installing: /home/t5ai/unitree_go2_ws/src/unitree-go2-ros2/install/champ_msgs/share/champ_msgs/environment/pythonpath.sh
[10.906s] -- Installing: /home/t5ai/unitree_go2_ws/src/unitree-go2-ros2/install/champ_msgs/share/champ_msgs/environment/pythonpath.dsv
[10.906s] -- Installing: /home/t5ai/unitree_go2_ws/src/unitree-go2-ros2/install/champ_msgs/local/lib/python3.10/dist-packages/champ_msgs-0.1.0-py3.10.egg-info
[10.906s] -- Installing: /home/t5ai/unitree_go2_ws/src/unitree-go2-ros2/install/champ_msgs/local/lib/python3.10/dist-packages/champ_msgs-0.1.0-py3.10.egg-info/PKG-INFO
[10.906s] -- Installing: /home/t5ai/unitree_go2_ws/src/unitree-go2-ros2/install/champ_msgs/local/lib/python3.10/dist-packages/champ_msgs-0.1.0-py3.10.egg-info/dependency_links.txt
[10.906s] -- Installing: /home/t5ai/unitree_go2_ws/src/unitree-go2-ros2/install/champ_msgs/local/lib/python3.10/dist-packages/champ_msgs-0.1.0-py3.10.egg-info/top_level.txt
[10.906s] -- Installing: /home/t5ai/unitree_go2_ws/src/unitree-go2-ros2/install/champ_msgs/local/lib/python3.10/dist-packages/champ_msgs-0.1.0-py3.10.egg-info/SOURCES.txt
[10.906s] -- Installing: /home/t5ai/unitree_go2_ws/src/unitree-go2-ros2/install/champ_msgs/local/lib/python3.10/dist-packages/champ_msgs
[10.907s] -- Installing: /home/t5ai/unitree_go2_ws/src/unitree-go2-ros2/install/champ_msgs/local/lib/python3.10/dist-packages/champ_msgs/champ_msgs_s__rosidl_typesupport_fastrtps_c.cpython-310-x86_64-linux-gnu.so
[10.907s] -- Installing: /home/t5ai/unitree_go2_ws/src/unitree-go2-ros2/install/champ_msgs/local/lib/python3.10/dist-packages/champ_msgs/champ_msgs_s__rosidl_typesupport_c.cpython-310-x86_64-linux-gnu.so
[10.907s] -- Installing: /home/t5ai/unitree_go2_ws/src/unitree-go2-ros2/install/champ_msgs/local/lib/python3.10/dist-packages/champ_msgs/__init__.py
[10.907s] -- Installing: /home/t5ai/unitree_go2_ws/src/unitree-go2-ros2/install/champ_msgs/local/lib/python3.10/dist-packages/champ_msgs/_champ_msgs_s.ep.rosidl_typesupport_c.c
[10.907s] -- Installing: /home/t5ai/unitree_go2_ws/src/unitree-go2-ros2/install/champ_msgs/local/lib/python3.10/dist-packages/champ_msgs/_champ_msgs_s.ep.rosidl_typesupport_introspection_c.c
[10.907s] -- Installing: /home/t5ai/unitree_go2_ws/src/unitree-go2-ros2/install/champ_msgs/local/lib/python3.10/dist-packages/champ_msgs/msg
[10.907s] -- Installing: /home/t5ai/unitree_go2_ws/src/unitree-go2-ros2/install/champ_msgs/local/lib/python3.10/dist-packages/champ_msgs/msg/_contacts_stamped.py
[10.907s] -- Installing: /home/t5ai/unitree_go2_ws/src/unitree-go2-ros2/install/champ_msgs/local/lib/python3.10/dist-packages/champ_msgs/msg/_joints_s.c
[10.908s] -- Installing: /home/t5ai/unitree_go2_ws/src/unitree-go2-ros2/install/champ_msgs/local/lib/python3.10/dist-packages/champ_msgs/msg/_contacts_stamped_s.c
[10.908s] -- Installing: /home/t5ai/unitree_go2_ws/src/unitree-go2-ros2/install/champ_msgs/local/lib/python3.10/dist-packages/champ_msgs/msg/_pose_s.c
[10.908s] -- Installing: /home/t5ai/unitree_go2_ws/src/unitree-go2-ros2/install/champ_msgs/local/lib/python3.10/dist-packages/champ_msgs/msg/__init__.py
[10.908s] -- Installing: /home/t5ai/unitree_go2_ws/src/unitree-go2-ros2/install/champ_msgs/local/lib/python3.10/dist-packages/champ_msgs/msg/_point.py
[10.908s] -- Installing: /home/t5ai/unitree_go2_ws/src/unitree-go2-ros2/install/champ_msgs/local/lib/python3.10/dist-packages/champ_msgs/msg/_pid.py
[10.908s] -- Installing: /home/t5ai/unitree_go2_ws/src/unitree-go2-ros2/install/champ_msgs/local/lib/python3.10/dist-packages/champ_msgs/msg/_joints.py
[10.908s] -- Installing: /home/t5ai/unitree_go2_ws/src/unitree-go2-ros2/install/champ_msgs/local/lib/python3.10/dist-packages/champ_msgs/msg/_point_array.py
[10.908s] -- Installing: /home/t5ai/unitree_go2_ws/src/unitree-go2-ros2/install/champ_msgs/local/lib/python3.10/dist-packages/champ_msgs/msg/_point_array_s.c
[10.908s] -- Installing: /home/t5ai/unitree_go2_ws/src/unitree-go2-ros2/install/champ_msgs/local/lib/python3.10/dist-packages/champ_msgs/msg/_pose.py
[10.908s] -- Installing: /home/t5ai/unitree_go2_ws/src/unitree-go2-ros2/install/champ_msgs/local/lib/python3.10/dist-packages/champ_msgs/msg/_point_s.c
[10.909s] -- Installing: /home/t5ai/unitree_go2_ws/src/unitree-go2-ros2/install/champ_msgs/local/lib/python3.10/dist-packages/champ_msgs/msg/_pid_s.c
[10.909s] -- Installing: /home/t5ai/unitree_go2_ws/src/unitree-go2-ros2/install/champ_msgs/local/lib/python3.10/dist-packages/champ_msgs/msg/_velocities.py
[10.909s] -- Installing: /home/t5ai/unitree_go2_ws/src/unitree-go2-ros2/install/champ_msgs/local/lib/python3.10/dist-packages/champ_msgs/msg/_imu_s.c
[10.909s] -- Installing: /home/t5ai/unitree_go2_ws/src/unitree-go2-ros2/install/champ_msgs/local/lib/python3.10/dist-packages/champ_msgs/msg/_contacts.py
[10.909s] -- Installing: /home/t5ai/unitree_go2_ws/src/unitree-go2-ros2/install/champ_msgs/local/lib/python3.10/dist-packages/champ_msgs/msg/_contacts_s.c
[10.909s] -- Installing: /home/t5ai/unitree_go2_ws/src/unitree-go2-ros2/install/champ_msgs/local/lib/python3.10/dist-packages/champ_msgs/msg/_imu.py
[10.909s] -- Installing: /home/t5ai/unitree_go2_ws/src/unitree-go2-ros2/install/champ_msgs/local/lib/python3.10/dist-packages/champ_msgs/msg/_velocities_s.c
[10.909s] -- Installing: /home/t5ai/unitree_go2_ws/src/unitree-go2-ros2/install/champ_msgs/local/lib/python3.10/dist-packages/champ_msgs/libchamp_msgs__rosidl_generator_py.so
[10.910s] -- Installing: /home/t5ai/unitree_go2_ws/src/unitree-go2-ros2/install/champ_msgs/local/lib/python3.10/dist-packages/champ_msgs/_champ_msgs_s.ep.rosidl_typesupport_fastrtps_c.c
[10.910s] -- Installing: /home/t5ai/unitree_go2_ws/src/unitree-go2-ros2/install/champ_msgs/local/lib/python3.10/dist-packages/champ_msgs/champ_msgs_s__rosidl_typesupport_introspection_c.cpython-310-x86_64-linux-gnu.so
[10.954s] Listing '/home/t5ai/unitree_go2_ws/src/unitree-go2-ros2/install/champ_msgs/local/lib/python3.10/dist-packages/champ_msgs'...
[10.954s] Compiling '/home/t5ai/unitree_go2_ws/src/unitree-go2-ros2/install/champ_msgs/local/lib/python3.10/dist-packages/champ_msgs/__init__.py'...
[10.954s] Listing '/home/t5ai/unitree_go2_ws/src/unitree-go2-ros2/install/champ_msgs/local/lib/python3.10/dist-packages/champ_msgs/msg'...
[10.954s] Compiling '/home/t5ai/unitree_go2_ws/src/unitree-go2-ros2/install/champ_msgs/local/lib/python3.10/dist-packages/champ_msgs/msg/__init__.py'...
[10.954s] Compiling '/home/t5ai/unitree_go2_ws/src/unitree-go2-ros2/install/champ_msgs/local/lib/python3.10/dist-packages/champ_msgs/msg/_contacts.py'...
[10.954s] Compiling '/home/t5ai/unitree_go2_ws/src/unitree-go2-ros2/install/champ_msgs/local/lib/python3.10/dist-packages/champ_msgs/msg/_contacts_stamped.py'...
[10.955s] Compiling '/home/t5ai/unitree_go2_ws/src/unitree-go2-ros2/install/champ_msgs/local/lib/python3.10/dist-packages/champ_msgs/msg/_imu.py'...
[10.955s] Compiling '/home/t5ai/unitree_go2_ws/src/unitree-go2-ros2/install/champ_msgs/local/lib/python3.10/dist-packages/champ_msgs/msg/_joints.py'...
[10.955s] Compiling '/home/t5ai/unitree_go2_ws/src/unitree-go2-ros2/install/champ_msgs/local/lib/python3.10/dist-packages/champ_msgs/msg/_pid.py'...
[10.955s] Compiling '/home/t5ai/unitree_go2_ws/src/unitree-go2-ros2/install/champ_msgs/local/lib/python3.10/dist-packages/champ_msgs/msg/_point.py'...
[10.955s] Compiling '/home/t5ai/unitree_go2_ws/src/unitree-go2-ros2/install/champ_msgs/local/lib/python3.10/dist-packages/champ_msgs/msg/_point_array.py'...
[10.955s] Compiling '/home/t5ai/unitree_go2_ws/src/unitree-go2-ros2/install/champ_msgs/local/lib/python3.10/dist-packages/champ_msgs/msg/_pose.py'...
[10.955s] Compiling '/home/t5ai/unitree_go2_ws/src/unitree-go2-ros2/install/champ_msgs/local/lib/python3.10/dist-packages/champ_msgs/msg/_velocities.py'...
[10.959s] -- Installing: /home/t5ai/unitree_go2_ws/src/unitree-go2-ros2/install/champ_msgs/local/lib/python3.10/dist-packages/champ_msgs/champ_msgs_s__rosidl_typesupport_fastrtps_c.cpython-310-x86_64-linux-gnu.so
[10.959s] -- Set runtime path of "/home/t5ai/unitree_go2_ws/src/unitree-go2-ros2/install/champ_msgs/local/lib/python3.10/dist-packages/champ_msgs/champ_msgs_s__rosidl_typesupport_fastrtps_c.cpython-310-x86_64-linux-gnu.so" to ""
[10.960s] -- Installing: /home/t5ai/unitree_go2_ws/src/unitree-go2-ros2/install/champ_msgs/local/lib/python3.10/dist-packages/champ_msgs/champ_msgs_s__rosidl_typesupport_introspection_c.cpython-310-x86_64-linux-gnu.so
[10.960s] -- Set runtime path of "/home/t5ai/unitree_go2_ws/src/unitree-go2-ros2/install/champ_msgs/local/lib/python3.10/dist-packages/champ_msgs/champ_msgs_s__rosidl_typesupport_introspection_c.cpython-310-x86_64-linux-gnu.so" to ""
[10.960s] -- Installing: /home/t5ai/unitree_go2_ws/src/unitree-go2-ros2/install/champ_msgs/local/lib/python3.10/dist-packages/champ_msgs/champ_msgs_s__rosidl_typesupport_c.cpython-310-x86_64-linux-gnu.so
[10.961s] -- Set runtime path of "/home/t5ai/unitree_go2_ws/src/unitree-go2-ros2/install/champ_msgs/local/lib/python3.10/dist-packages/champ_msgs/champ_msgs_s__rosidl_typesupport_c.cpython-310-x86_64-linux-gnu.so" to ""
[10.961s] -- Installing: /home/t5ai/unitree_go2_ws/src/unitree-go2-ros2/install/champ_msgs/lib/libchamp_msgs__rosidl_generator_py.so
[10.961s] -- Set runtime path of "/home/t5ai/unitree_go2_ws/src/unitree-go2-ros2/install/champ_msgs/lib/libchamp_msgs__rosidl_generator_py.so" to ""
[10.962s] -- Installing: /home/t5ai/unitree_go2_ws/src/unitree-go2-ros2/install/champ_msgs/share/champ_msgs/msg/Velocities.idl
[10.962s] -- Installing: /home/t5ai/unitree_go2_ws/src/unitree-go2-ros2/install/champ_msgs/share/champ_msgs/msg/PID.idl
[10.962s] -- Installing: /home/t5ai/unitree_go2_ws/src/unitree-go2-ros2/install/champ_msgs/share/champ_msgs/msg/Imu.idl
[10.962s] -- Installing: /home/t5ai/unitree_go2_ws/src/unitree-go2-ros2/install/champ_msgs/share/champ_msgs/msg/Point.idl
[10.962s] -- Installing: /home/t5ai/unitree_go2_ws/src/unitree-go2-ros2/install/champ_msgs/share/champ_msgs/msg/PointArray.idl
[10.962s] -- Installing: /home/t5ai/unitree_go2_ws/src/unitree-go2-ros2/install/champ_msgs/share/champ_msgs/msg/Joints.idl
[10.962s] -- Installing: /home/t5ai/unitree_go2_ws/src/unitree-go2-ros2/install/champ_msgs/share/champ_msgs/msg/Contacts.idl
[10.962s] -- Installing: /home/t5ai/unitree_go2_ws/src/unitree-go2-ros2/install/champ_msgs/share/champ_msgs/msg/ContactsStamped.idl
[10.963s] -- Installing: /home/t5ai/unitree_go2_ws/src/unitree-go2-ros2/install/champ_msgs/share/champ_msgs/msg/Pose.idl
[10.963s] -- Installing: /home/t5ai/unitree_go2_ws/src/unitree-go2-ros2/install/champ_msgs/share/champ_msgs/msg/Velocities.msg
[10.963s] -- Installing: /home/t5ai/unitree_go2_ws/src/unitree-go2-ros2/install/champ_msgs/share/champ_msgs/msg/PID.msg
[10.963s] -- Installing: /home/t5ai/unitree_go2_ws/src/unitree-go2-ros2/install/champ_msgs/share/champ_msgs/msg/Imu.msg
[10.963s] -- Installing: /home/t5ai/unitree_go2_ws/src/unitree-go2-ros2/install/champ_msgs/share/champ_msgs/msg/Point.msg
[10.963s] -- Installing: /home/t5ai/unitree_go2_ws/src/unitree-go2-ros2/install/champ_msgs/share/champ_msgs/msg/PointArray.msg
[10.963s] -- Installing: /home/t5ai/unitree_go2_ws/src/unitree-go2-ros2/install/champ_msgs/share/champ_msgs/msg/Joints.msg
[10.964s] -- Installing: /home/t5ai/unitree_go2_ws/src/unitree-go2-ros2/install/champ_msgs/share/champ_msgs/msg/Contacts.msg
[10.964s] -- Installing: /home/t5ai/unitree_go2_ws/src/unitree-go2-ros2/install/champ_msgs/share/champ_msgs/msg/ContactsStamped.msg
[10.964s] -- Installing: /home/t5ai/unitree_go2_ws/src/unitree-go2-ros2/install/champ_msgs/share/champ_msgs/msg/Pose.msg
[10.964s] -- Installing: /home/t5ai/unitree_go2_ws/src/unitree-go2-ros2/install/champ_msgs/share/ament_index/resource_index/package_run_dependencies/champ_msgs
[10.964s] -- Installing: /home/t5ai/unitree_go2_ws/src/unitree-go2-ros2/install/champ_msgs/share/ament_index/resource_index/parent_prefix_path/champ_msgs
[10.964s] -- Installing: /home/t5ai/unitree_go2_ws/src/unitree-go2-ros2/install/champ_msgs/share/champ_msgs/environment/ament_prefix_path.sh
[10.964s] -- Installing: /home/t5ai/unitree_go2_ws/src/unitree-go2-ros2/install/champ_msgs/share/champ_msgs/environment/ament_prefix_path.dsv
[10.965s] -- Installing: /home/t5ai/unitree_go2_ws/src/unitree-go2-ros2/install/champ_msgs/share/champ_msgs/environment/path.sh
[10.965s] -- Installing: /home/t5ai/unitree_go2_ws/src/unitree-go2-ros2/install/champ_msgs/share/champ_msgs/environment/path.dsv
[10.965s] -- Installing: /home/t5ai/unitree_go2_ws/src/unitree-go2-ros2/install/champ_msgs/share/champ_msgs/local_setup.bash
[10.965s] -- Installing: /home/t5ai/unitree_go2_ws/src/unitree-go2-ros2/install/champ_msgs/share/champ_msgs/local_setup.sh
[10.965s] -- Installing: /home/t5ai/unitree_go2_ws/src/unitree-go2-ros2/install/champ_msgs/share/champ_msgs/local_setup.zsh
[10.965s] -- Installing: /home/t5ai/unitree_go2_ws/src/unitree-go2-ros2/install/champ_msgs/share/champ_msgs/local_setup.dsv
[10.965s] -- Installing: /home/t5ai/unitree_go2_ws/src/unitree-go2-ros2/install/champ_msgs/share/champ_msgs/package.dsv
[10.966s] -- Installing: /home/t5ai/unitree_go2_ws/src/unitree-go2-ros2/install/champ_msgs/share/ament_index/resource_index/packages/champ_msgs
[10.966s] -- Installing: /home/t5ai/unitree_go2_ws/src/unitree-go2-ros2/install/champ_msgs/share/champ_msgs/cmake/export_champ_msgs__rosidl_generator_cExport.cmake
[10.966s] -- Installing: /home/t5ai/unitree_go2_ws/src/unitree-go2-ros2/install/champ_msgs/share/champ_msgs/cmake/export_champ_msgs__rosidl_generator_cExport-noconfig.cmake
[10.966s] -- Installing: /home/t5ai/unitree_go2_ws/src/unitree-go2-ros2/install/champ_msgs/share/champ_msgs/cmake/export_champ_msgs__rosidl_typesupport_fastrtps_cExport.cmake
[10.966s] -- Installing: /home/t5ai/unitree_go2_ws/src/unitree-go2-ros2/install/champ_msgs/share/champ_msgs/cmake/export_champ_msgs__rosidl_typesupport_fastrtps_cExport-noconfig.cmake
[10.966s] -- Installing: /home/t5ai/unitree_go2_ws/src/unitree-go2-ros2/install/champ_msgs/share/champ_msgs/cmake/champ_msgs__rosidl_typesupport_introspection_cExport.cmake
[10.967s] -- Installing: /home/t5ai/unitree_go2_ws/src/unitree-go2-ros2/install/champ_msgs/share/champ_msgs/cmake/champ_msgs__rosidl_typesupport_introspection_cExport-noconfig.cmake
[10.967s] -- Installing: /home/t5ai/unitree_go2_ws/src/unitree-go2-ros2/install/champ_msgs/share/champ_msgs/cmake/champ_msgs__rosidl_typesupport_cExport.cmake
[10.967s] -- Installing: /home/t5ai/unitree_go2_ws/src/unitree-go2-ros2/install/champ_msgs/share/champ_msgs/cmake/champ_msgs__rosidl_typesupport_cExport-noconfig.cmake
[10.967s] -- Installing: /home/t5ai/unitree_go2_ws/src/unitree-go2-ros2/install/champ_msgs/share/champ_msgs/cmake/export_champ_msgs__rosidl_generator_cppExport.cmake
[10.967s] -- Installing: /home/t5ai/unitree_go2_ws/src/unitree-go2-ros2/install/champ_msgs/share/champ_msgs/cmake/export_champ_msgs__rosidl_typesupport_fastrtps_cppExport.cmake
[10.967s] -- Installing: /home/t5ai/unitree_go2_ws/src/unitree-go2-ros2/install/champ_msgs/share/champ_msgs/cmake/export_champ_msgs__rosidl_typesupport_fastrtps_cppExport-noconfig.cmake
[10.968s] -- Installing: /home/t5ai/unitree_go2_ws/src/unitree-go2-ros2/install/champ_msgs/share/champ_msgs/cmake/champ_msgs__rosidl_typesupport_introspection_cppExport.cmake
[10.968s] -- Installing: /home/t5ai/unitree_go2_ws/src/unitree-go2-ros2/install/champ_msgs/share/champ_msgs/cmake/champ_msgs__rosidl_typesupport_introspection_cppExport-noconfig.cmake
[10.968s] -- Installing: /home/t5ai/unitree_go2_ws/src/unitree-go2-ros2/install/champ_msgs/share/champ_msgs/cmake/champ_msgs__rosidl_typesupport_cppExport.cmake
[10.968s] -- Installing: /home/t5ai/unitree_go2_ws/src/unitree-go2-ros2/install/champ_msgs/share/champ_msgs/cmake/champ_msgs__rosidl_typesupport_cppExport-noconfig.cmake
[10.968s] -- Installing: /home/t5ai/unitree_go2_ws/src/unitree-go2-ros2/install/champ_msgs/share/champ_msgs/cmake/export_champ_msgs__rosidl_generator_pyExport.cmake
[10.968s] -- Installing: /home/t5ai/unitree_go2_ws/src/unitree-go2-ros2/install/champ_msgs/share/champ_msgs/cmake/export_champ_msgs__rosidl_generator_pyExport-noconfig.cmake
[10.969s] -- Installing: /home/t5ai/unitree_go2_ws/src/unitree-go2-ros2/install/champ_msgs/share/champ_msgs/cmake/rosidl_cmake-extras.cmake
[10.969s] -- Installing: /home/t5ai/unitree_go2_ws/src/unitree-go2-ros2/install/champ_msgs/share/champ_msgs/cmake/ament_cmake_export_dependencies-extras.cmake
[10.969s] -- Installing: /home/t5ai/unitree_go2_ws/src/unitree-go2-ros2/install/champ_msgs/share/champ_msgs/cmake/ament_cmake_export_include_directories-extras.cmake
[10.969s] -- Installing: /home/t5ai/unitree_go2_ws/src/unitree-go2-ros2/install/champ_msgs/share/champ_msgs/cmake/ament_cmake_export_libraries-extras.cmake
[10.969s] -- Installing: /home/t5ai/unitree_go2_ws/src/unitree-go2-ros2/install/champ_msgs/share/champ_msgs/cmake/ament_cmake_export_targets-extras.cmake
[10.969s] -- Installing: /home/t5ai/unitree_go2_ws/src/unitree-go2-ros2/install/champ_msgs/share/champ_msgs/cmake/rosidl_cmake_export_typesupport_targets-extras.cmake
[10.970s] -- Installing: /home/t5ai/unitree_go2_ws/src/unitree-go2-ros2/install/champ_msgs/share/champ_msgs/cmake/rosidl_cmake_export_typesupport_libraries-extras.cmake
[10.970s] -- Installing: /home/t5ai/unitree_go2_ws/src/unitree-go2-ros2/install/champ_msgs/share/champ_msgs/cmake/champ_msgsConfig.cmake
[10.970s] -- Installing: /home/t5ai/unitree_go2_ws/src/unitree-go2-ros2/install/champ_msgs/share/champ_msgs/cmake/champ_msgsConfig-version.cmake
[10.970s] -- Installing: /home/t5ai/unitree_go2_ws/src/unitree-go2-ros2/install/champ_msgs/share/champ_msgs/package.xml
[10.972s] Invoked command in '/home/t5ai/unitree_go2_ws/src/unitree-go2-ros2/build/champ_msgs' returned '0': CMAKE_PREFIX_PATH=${CMAKE_PREFIX_PATH}:/home/t5ai/unitree_go2_ws/install/go2_helloworld_py:/home/t5ai/unitree_go2_ws/install/go2_gait_tools:/opt/ros/humble /usr/bin/cmake --install /home/t5ai/unitree_go2_ws/src/unitree-go2-ros2/build/champ_msgs
