[0.015s] Invoking command in '/home/t5ai/unitree_go2_ws/src/unitree-go2-ros2/build/champ_base': AMENT_PREFIX_PATH=/home/t5ai/unitree_go2_ws/src/unitree-go2-ros2/install/champ_msgs:/home/t5ai/unitree_go2_ws/src/unitree-go2-ros2/install/champ:${AMENT_PREFIX_PATH} CMAKE_PREFIX_PATH=/home/t5ai/unitree_go2_ws/src/unitree-go2-ros2/install/champ_msgs:/home/t5ai/unitree_go2_ws/src/unitree-go2-ros2/install/champ:/home/t5ai/unitree_go2_ws/install/go2_helloworld:/home/t5ai/unitree_go2_ws/install/go2_description:/home/t5ai/unitree_go2_ws/install/go2_config:/home/t5ai/unitree_go2_ws/install/champ_teleop:/home/t5ai/unitree_go2_ws/install/champ_navigation:/home/t5ai/unitree_go2_ws/install/champ_gazebo:/home/t5ai/unitree_go2_ws/install/champ_bringup:/home/t5ai/unitree_go2_ws/install/champ_base:/home/t5ai/unitree_go2_ws/install/champ_msgs:/home/t5ai/unitree_go2_ws/install/champ_description:/home/t5ai/unitree_go2_ws/install/champ_config:/home/t5ai/unitree_go2_ws/install/champ:/home/t5ai/unitree_ros2/cyclonedds_ws/install/unitree_hg:/home/t5ai/unitree_ros2/cyclonedds_ws/install/unitree_go:/home/t5ai/unitree_ros2/cyclonedds_ws/install/unitree_api:/home/t5ai/unitree_ros2/cyclonedds_ws/install/rmw_cyclonedds_cpp:/home/t5ai/unitree_ros2/cyclonedds_ws/install/cyclonedds:/home/t5ai/unitree_go2_ws/install/go2_helloworld_py:/home/t5ai/unitree_go2_ws/install/go2_gait_tools:/opt/ros/humble LD_LIBRARY_PATH=/home/t5ai/unitree_go2_ws/src/unitree-go2-ros2/install/champ_msgs/lib:${LD_LIBRARY_PATH} PYTHONPATH=/home/t5ai/unitree_go2_ws/src/unitree-go2-ros2/install/champ_msgs/local/lib/python3.10/dist-packages:${PYTHONPATH} /usr/bin/cmake /home/t5ai/unitree_go2_ws/src/unitree-go2-ros2/champ/champ_base -DCMAKE_INSTALL_PREFIX=/home/t5ai/unitree_go2_ws/src/unitree-go2-ros2/install/champ_base
[0.076s] -- The C compiler identification is GNU 11.4.0
[0.135s] -- The CXX compiler identification is GNU 11.4.0
[0.143s] -- Detecting C compiler ABI info
[0.219s] -- Detecting C compiler ABI info - done
[0.226s] -- Check for working C compiler: /usr/bin/cc - skipped
[0.226s] -- Detecting C compile features
[0.227s] -- Detecting C compile features - done
[0.230s] -- Detecting CXX compiler ABI info
[0.319s] -- Detecting CXX compiler ABI info - done
[0.331s] -- Check for working CXX compiler: /usr/bin/c++ - skipped
[0.332s] -- Detecting CXX compile features
[0.332s] -- Detecting CXX compile features - done
[0.339s] -- Found ament_cmake: 1.3.11 (/opt/ros/humble/share/ament_cmake/cmake)
[0.519s] -- Found Python3: /usr/bin/python3 (found version "3.10.12") found components: Interpreter 
[0.678s] -- Found rclcpp: 16.0.12 (/opt/ros/humble/share/rclcpp/cmake)
[0.762s] -- Found rosidl_generator_c: 3.1.6 (/opt/ros/humble/share/rosidl_generator_c/cmake)
[0.773s] -- Found rosidl_adapter: 3.1.6 (/opt/ros/humble/share/rosidl_adapter/cmake)
[0.787s] -- Found rosidl_generator_cpp: 3.1.6 (/opt/ros/humble/share/rosidl_generator_cpp/cmake)
[0.807s] -- Using all available rosidl_typesupport_c: rosidl_typesupport_fastrtps_c;rosidl_typesupport_introspection_c
[0.832s] -- Using all available rosidl_typesupport_cpp: rosidl_typesupport_fastrtps_cpp;rosidl_typesupport_introspection_cpp
[0.904s] -- Found rmw_implementation_cmake: 6.1.2 (/opt/ros/humble/share/rmw_implementation_cmake/cmake)
[0.909s] -- Found rmw_fastrtps_cpp: 6.2.7 (/opt/ros/humble/share/rmw_fastrtps_cpp/cmake)
[1.020s] -- Found OpenSSL: /usr/lib/x86_64-linux-gnu/libcrypto.so (found version "3.0.2")  
[1.051s] -- Found FastRTPS: /opt/ros/humble/include  
[1.099s] -- Using RMW implementation 'rmw_fastrtps_cpp' as default
[1.115s] -- Looking for pthread.h
[1.194s] -- Looking for pthread.h - found
[1.195s] -- Performing Test CMAKE_HAVE_LIBC_PTHREAD
[1.274s] -- Performing Test CMAKE_HAVE_LIBC_PTHREAD - Success
[1.276s] -- Found Threads: TRUE  
[1.345s] -- Found rclpy: 3.3.16 (/opt/ros/humble/share/rclpy/cmake)
[1.345s] -- Found champ_msgs: 0.1.0 (/home/t5ai/unitree_go2_ws/src/unitree-go2-ros2/install/champ_msgs/share/champ_msgs/cmake)
[1.383s] -- Found visualization_msgs: 4.9.0 (/opt/ros/humble/share/visualization_msgs/cmake)
[1.438s] -- Found trajectory_msgs: 4.9.0 (/opt/ros/humble/share/trajectory_msgs/cmake)
[1.464s] -- Found nav_msgs: 4.9.0 (/opt/ros/humble/share/nav_msgs/cmake)
[1.488s] -- Found tf2_ros: 0.25.13 (/opt/ros/humble/share/tf2_ros/cmake)
[1.645s] -- Found urdf: 2.6.1 (/opt/ros/humble/share/urdf/cmake)
[1.684s] -- Found champ: 0.1.0 (/home/t5ai/unitree_go2_ws/src/unitree-go2-ros2/install/champ/share/champ/cmake)
[1.799s] -- Configuring done
[1.859s] -- Generating done
[1.885s] -- Build files have been written to: /home/t5ai/unitree_go2_ws/src/unitree-go2-ros2/build/champ_base
[1.898s] Invoked command in '/home/t5ai/unitree_go2_ws/src/unitree-go2-ros2/build/champ_base' returned '0': AMENT_PREFIX_PATH=/home/t5ai/unitree_go2_ws/src/unitree-go2-ros2/install/champ_msgs:/home/t5ai/unitree_go2_ws/src/unitree-go2-ros2/install/champ:${AMENT_PREFIX_PATH} CMAKE_PREFIX_PATH=/home/t5ai/unitree_go2_ws/src/unitree-go2-ros2/install/champ_msgs:/home/t5ai/unitree_go2_ws/src/unitree-go2-ros2/install/champ:/home/t5ai/unitree_go2_ws/install/go2_helloworld:/home/t5ai/unitree_go2_ws/install/go2_description:/home/t5ai/unitree_go2_ws/install/go2_config:/home/t5ai/unitree_go2_ws/install/champ_teleop:/home/t5ai/unitree_go2_ws/install/champ_navigation:/home/t5ai/unitree_go2_ws/install/champ_gazebo:/home/t5ai/unitree_go2_ws/install/champ_bringup:/home/t5ai/unitree_go2_ws/install/champ_base:/home/t5ai/unitree_go2_ws/install/champ_msgs:/home/t5ai/unitree_go2_ws/install/champ_description:/home/t5ai/unitree_go2_ws/install/champ_config:/home/t5ai/unitree_go2_ws/install/champ:/home/t5ai/unitree_ros2/cyclonedds_ws/install/unitree_hg:/home/t5ai/unitree_ros2/cyclonedds_ws/install/unitree_go:/home/t5ai/unitree_ros2/cyclonedds_ws/install/unitree_api:/home/t5ai/unitree_ros2/cyclonedds_ws/install/rmw_cyclonedds_cpp:/home/t5ai/unitree_ros2/cyclonedds_ws/install/cyclonedds:/home/t5ai/unitree_go2_ws/install/go2_helloworld_py:/home/t5ai/unitree_go2_ws/install/go2_gait_tools:/opt/ros/humble LD_LIBRARY_PATH=/home/t5ai/unitree_go2_ws/src/unitree-go2-ros2/install/champ_msgs/lib:${LD_LIBRARY_PATH} PYTHONPATH=/home/t5ai/unitree_go2_ws/src/unitree-go2-ros2/install/champ_msgs/local/lib/python3.10/dist-packages:${PYTHONPATH} /usr/bin/cmake /home/t5ai/unitree_go2_ws/src/unitree-go2-ros2/champ/champ_base -DCMAKE_INSTALL_PREFIX=/home/t5ai/unitree_go2_ws/src/unitree-go2-ros2/install/champ_base
[1.900s] Invoking command in '/home/t5ai/unitree_go2_ws/src/unitree-go2-ros2/build/champ_base': AMENT_PREFIX_PATH=/home/t5ai/unitree_go2_ws/src/unitree-go2-ros2/install/champ_msgs:/home/t5ai/unitree_go2_ws/src/unitree-go2-ros2/install/champ:${AMENT_PREFIX_PATH} CMAKE_PREFIX_PATH=/home/t5ai/unitree_go2_ws/src/unitree-go2-ros2/install/champ_msgs:/home/t5ai/unitree_go2_ws/src/unitree-go2-ros2/install/champ:/home/t5ai/unitree_go2_ws/install/go2_helloworld:/home/t5ai/unitree_go2_ws/install/go2_description:/home/t5ai/unitree_go2_ws/install/go2_config:/home/t5ai/unitree_go2_ws/install/champ_teleop:/home/t5ai/unitree_go2_ws/install/champ_navigation:/home/t5ai/unitree_go2_ws/install/champ_gazebo:/home/t5ai/unitree_go2_ws/install/champ_bringup:/home/t5ai/unitree_go2_ws/install/champ_base:/home/t5ai/unitree_go2_ws/install/champ_msgs:/home/t5ai/unitree_go2_ws/install/champ_description:/home/t5ai/unitree_go2_ws/install/champ_config:/home/t5ai/unitree_go2_ws/install/champ:/home/t5ai/unitree_ros2/cyclonedds_ws/install/unitree_hg:/home/t5ai/unitree_ros2/cyclonedds_ws/install/unitree_go:/home/t5ai/unitree_ros2/cyclonedds_ws/install/unitree_api:/home/t5ai/unitree_ros2/cyclonedds_ws/install/rmw_cyclonedds_cpp:/home/t5ai/unitree_ros2/cyclonedds_ws/install/cyclonedds:/home/t5ai/unitree_go2_ws/install/go2_helloworld_py:/home/t5ai/unitree_go2_ws/install/go2_gait_tools:/opt/ros/humble LD_LIBRARY_PATH=/home/t5ai/unitree_go2_ws/src/unitree-go2-ros2/install/champ_msgs/lib:${LD_LIBRARY_PATH} PYTHONPATH=/home/t5ai/unitree_go2_ws/src/unitree-go2-ros2/install/champ_msgs/local/lib/python3.10/dist-packages:${PYTHONPATH} /usr/bin/cmake --build /home/t5ai/unitree_go2_ws/src/unitree-go2-ros2/build/champ_base -- -j8 -l8
[1.964s] [ 16%] [32mBuilding CXX object CMakeFiles/state_estimation.dir/src/state_estimation.cpp.o[0m
[1.964s] [ 16%] [32mBuilding CXX object CMakeFiles/message_relay.dir/src/message_relay.cpp.o[0m
[1.964s] [ 25%] [32mBuilding CXX object CMakeFiles/quadruped_controller.dir/src/quadruped_controller.cpp.o[0m
[132.110s] [ 33%] [32m[1mLinking CXX shared library libquadruped_controller.so[0m
[133.618s] [ 33%] Built target quadruped_controller
[135.728s] [ 41%] [32m[1mLinking CXX shared library libmessage_relay.so[0m
[137.070s] [ 41%] Built target message_relay
[138.141s] [ 50%] [32m[1mLinking CXX shared library libstate_estimation.so[0m
[139.597s] [ 50%] Built target state_estimation
[139.628s] [ 58%] [32mBuilding CXX object CMakeFiles/message_relay_node.dir/src/message_relay_node.cpp.o[0m
[143.602s] [ 66%] [32m[1mLinking CXX executable message_relay_node[0m
[143.957s] [ 66%] Built target message_relay_node
[143.979s] [ 75%] [32mBuilding CXX object CMakeFiles/state_estimation_node.dir/src/state_estimation_node.cpp.o[0m
[149.395s] [ 83%] [32m[1mLinking CXX executable state_estimation_node[0m
[149.790s] [ 83%] Built target state_estimation_node
[149.818s] [ 91%] [32mBuilding CXX object CMakeFiles/quadruped_controller_node.dir/src/quadruped_controller_node.cpp.o[0m
[153.008s] [100%] [32m[1mLinking CXX executable quadruped_controller_node[0m
[153.307s] [100%] Built target quadruped_controller_node
[153.321s] Invoked command in '/home/t5ai/unitree_go2_ws/src/unitree-go2-ros2/build/champ_base' returned '0': AMENT_PREFIX_PATH=/home/t5ai/unitree_go2_ws/src/unitree-go2-ros2/install/champ_msgs:/home/t5ai/unitree_go2_ws/src/unitree-go2-ros2/install/champ:${AMENT_PREFIX_PATH} CMAKE_PREFIX_PATH=/home/t5ai/unitree_go2_ws/src/unitree-go2-ros2/install/champ_msgs:/home/t5ai/unitree_go2_ws/src/unitree-go2-ros2/install/champ:/home/t5ai/unitree_go2_ws/install/go2_helloworld:/home/t5ai/unitree_go2_ws/install/go2_description:/home/t5ai/unitree_go2_ws/install/go2_config:/home/t5ai/unitree_go2_ws/install/champ_teleop:/home/t5ai/unitree_go2_ws/install/champ_navigation:/home/t5ai/unitree_go2_ws/install/champ_gazebo:/home/t5ai/unitree_go2_ws/install/champ_bringup:/home/t5ai/unitree_go2_ws/install/champ_base:/home/t5ai/unitree_go2_ws/install/champ_msgs:/home/t5ai/unitree_go2_ws/install/champ_description:/home/t5ai/unitree_go2_ws/install/champ_config:/home/t5ai/unitree_go2_ws/install/champ:/home/t5ai/unitree_ros2/cyclonedds_ws/install/unitree_hg:/home/t5ai/unitree_ros2/cyclonedds_ws/install/unitree_go:/home/t5ai/unitree_ros2/cyclonedds_ws/install/unitree_api:/home/t5ai/unitree_ros2/cyclonedds_ws/install/rmw_cyclonedds_cpp:/home/t5ai/unitree_ros2/cyclonedds_ws/install/cyclonedds:/home/t5ai/unitree_go2_ws/install/go2_helloworld_py:/home/t5ai/unitree_go2_ws/install/go2_gait_tools:/opt/ros/humble LD_LIBRARY_PATH=/home/t5ai/unitree_go2_ws/src/unitree-go2-ros2/install/champ_msgs/lib:${LD_LIBRARY_PATH} PYTHONPATH=/home/t5ai/unitree_go2_ws/src/unitree-go2-ros2/install/champ_msgs/local/lib/python3.10/dist-packages:${PYTHONPATH} /usr/bin/cmake --build /home/t5ai/unitree_go2_ws/src/unitree-go2-ros2/build/champ_base -- -j8 -l8
[153.323s] Invoking command in '/home/t5ai/unitree_go2_ws/src/unitree-go2-ros2/build/champ_base': AMENT_PREFIX_PATH=/home/t5ai/unitree_go2_ws/src/unitree-go2-ros2/install/champ_msgs:/home/t5ai/unitree_go2_ws/src/unitree-go2-ros2/install/champ:${AMENT_PREFIX_PATH} CMAKE_PREFIX_PATH=/home/t5ai/unitree_go2_ws/src/unitree-go2-ros2/install/champ_msgs:/home/t5ai/unitree_go2_ws/src/unitree-go2-ros2/install/champ:/home/t5ai/unitree_go2_ws/install/go2_helloworld:/home/t5ai/unitree_go2_ws/install/go2_description:/home/t5ai/unitree_go2_ws/install/go2_config:/home/t5ai/unitree_go2_ws/install/champ_teleop:/home/t5ai/unitree_go2_ws/install/champ_navigation:/home/t5ai/unitree_go2_ws/install/champ_gazebo:/home/t5ai/unitree_go2_ws/install/champ_bringup:/home/t5ai/unitree_go2_ws/install/champ_base:/home/t5ai/unitree_go2_ws/install/champ_msgs:/home/t5ai/unitree_go2_ws/install/champ_description:/home/t5ai/unitree_go2_ws/install/champ_config:/home/t5ai/unitree_go2_ws/install/champ:/home/t5ai/unitree_ros2/cyclonedds_ws/install/unitree_hg:/home/t5ai/unitree_ros2/cyclonedds_ws/install/unitree_go:/home/t5ai/unitree_ros2/cyclonedds_ws/install/unitree_api:/home/t5ai/unitree_ros2/cyclonedds_ws/install/rmw_cyclonedds_cpp:/home/t5ai/unitree_ros2/cyclonedds_ws/install/cyclonedds:/home/t5ai/unitree_go2_ws/install/go2_helloworld_py:/home/t5ai/unitree_go2_ws/install/go2_gait_tools:/opt/ros/humble LD_LIBRARY_PATH=/home/t5ai/unitree_go2_ws/src/unitree-go2-ros2/install/champ_msgs/lib:${LD_LIBRARY_PATH} PYTHONPATH=/home/t5ai/unitree_go2_ws/src/unitree-go2-ros2/install/champ_msgs/local/lib/python3.10/dist-packages:${PYTHONPATH} /usr/bin/cmake --install /home/t5ai/unitree_go2_ws/src/unitree-go2-ros2/build/champ_base
[153.330s] -- Install configuration: ""
[153.330s] -- Installing: /home/t5ai/unitree_go2_ws/src/unitree-go2-ros2/install/champ_base/share/champ_base/config
[153.330s] -- Installing: /home/t5ai/unitree_go2_ws/src/unitree-go2-ros2/install/champ_base/share/champ_base/config/velocity_smoother
[153.330s] -- Installing: /home/t5ai/unitree_go2_ws/src/unitree-go2-ros2/install/champ_base/share/champ_base/config/velocity_smoother/velocity_smoother.yaml
[153.331s] -- Installing: /home/t5ai/unitree_go2_ws/src/unitree-go2-ros2/install/champ_base/share/champ_base/config/ekf
[153.331s] -- Installing: /home/t5ai/unitree_go2_ws/src/unitree-go2-ros2/install/champ_base/share/champ_base/config/ekf/base_to_footprint.yaml
[153.331s] -- Installing: /home/t5ai/unitree_go2_ws/src/unitree-go2-ros2/install/champ_base/share/champ_base/config/ekf/footprint_to_odom.yaml
[153.331s] -- Installing: /home/t5ai/unitree_go2_ws/src/unitree-go2-ros2/install/champ_base/lib/libquadruped_controller.so
[153.343s] -- Set runtime path of "/home/t5ai/unitree_go2_ws/src/unitree-go2-ros2/install/champ_base/lib/libquadruped_controller.so" to ""
[153.343s] -- Installing: /home/t5ai/unitree_go2_ws/src/unitree-go2-ros2/install/champ_base/bin/quadruped_controller_node
[153.344s] -- Set runtime path of "/home/t5ai/unitree_go2_ws/src/unitree-go2-ros2/install/champ_base/bin/quadruped_controller_node" to ""
[153.344s] -- Installing: /home/t5ai/unitree_go2_ws/src/unitree-go2-ros2/install/champ_base/lib/libmessage_relay.so
[153.362s] -- Set runtime path of "/home/t5ai/unitree_go2_ws/src/unitree-go2-ros2/install/champ_base/lib/libmessage_relay.so" to ""
[153.362s] -- Installing: /home/t5ai/unitree_go2_ws/src/unitree-go2-ros2/install/champ_base/bin/message_relay_node
[153.362s] -- Set runtime path of "/home/t5ai/unitree_go2_ws/src/unitree-go2-ros2/install/champ_base/bin/message_relay_node" to ""
[153.362s] -- Installing: /home/t5ai/unitree_go2_ws/src/unitree-go2-ros2/install/champ_base/lib/libstate_estimation.so
[153.383s] -- Set runtime path of "/home/t5ai/unitree_go2_ws/src/unitree-go2-ros2/install/champ_base/lib/libstate_estimation.so" to ""
[153.383s] -- Installing: /home/t5ai/unitree_go2_ws/src/unitree-go2-ros2/install/champ_base/bin/state_estimation_node
[153.383s] -- Set runtime path of "/home/t5ai/unitree_go2_ws/src/unitree-go2-ros2/install/champ_base/bin/state_estimation_node" to ""
[153.384s] -- Installing: /home/t5ai/unitree_go2_ws/src/unitree-go2-ros2/install/champ_base/lib/champ_base/quadruped_controller_node
[153.384s] -- Set runtime path of "/home/t5ai/unitree_go2_ws/src/unitree-go2-ros2/install/champ_base/lib/champ_base/quadruped_controller_node" to ""
[153.384s] -- Installing: /home/t5ai/unitree_go2_ws/src/unitree-go2-ros2/install/champ_base/lib/champ_base/message_relay_node
[153.385s] -- Set runtime path of "/home/t5ai/unitree_go2_ws/src/unitree-go2-ros2/install/champ_base/lib/champ_base/message_relay_node" to ""
[153.385s] -- Installing: /home/t5ai/unitree_go2_ws/src/unitree-go2-ros2/install/champ_base/lib/champ_base/state_estimation_node
[153.386s] -- Set runtime path of "/home/t5ai/unitree_go2_ws/src/unitree-go2-ros2/install/champ_base/lib/champ_base/state_estimation_node" to ""
[153.386s] -- Installing: /home/t5ai/unitree_go2_ws/src/unitree-go2-ros2/install/champ_base/share/ament_index/resource_index/package_run_dependencies/champ_base
[153.387s] -- Installing: /home/t5ai/unitree_go2_ws/src/unitree-go2-ros2/install/champ_base/share/ament_index/resource_index/parent_prefix_path/champ_base
[153.387s] -- Installing: /home/t5ai/unitree_go2_ws/src/unitree-go2-ros2/install/champ_base/share/champ_base/environment/ament_prefix_path.sh
[153.387s] -- Installing: /home/t5ai/unitree_go2_ws/src/unitree-go2-ros2/install/champ_base/share/champ_base/environment/ament_prefix_path.dsv
[153.387s] -- Installing: /home/t5ai/unitree_go2_ws/src/unitree-go2-ros2/install/champ_base/share/champ_base/environment/path.sh
[153.387s] -- Installing: /home/t5ai/unitree_go2_ws/src/unitree-go2-ros2/install/champ_base/share/champ_base/environment/path.dsv
[153.388s] -- Installing: /home/t5ai/unitree_go2_ws/src/unitree-go2-ros2/install/champ_base/share/champ_base/local_setup.bash
[153.388s] -- Installing: /home/t5ai/unitree_go2_ws/src/unitree-go2-ros2/install/champ_base/share/champ_base/local_setup.sh
[153.388s] -- Installing: /home/t5ai/unitree_go2_ws/src/unitree-go2-ros2/install/champ_base/share/champ_base/local_setup.zsh
[153.388s] -- Installing: /home/t5ai/unitree_go2_ws/src/unitree-go2-ros2/install/champ_base/share/champ_base/local_setup.dsv
[153.389s] -- Installing: /home/t5ai/unitree_go2_ws/src/unitree-go2-ros2/install/champ_base/share/champ_base/package.dsv
[153.389s] -- Installing: /home/t5ai/unitree_go2_ws/src/unitree-go2-ros2/install/champ_base/share/ament_index/resource_index/packages/champ_base
[153.389s] -- Installing: /home/t5ai/unitree_go2_ws/src/unitree-go2-ros2/install/champ_base/share/champ_base/cmake/ament_cmake_export_include_directories-extras.cmake
[153.390s] -- Installing: /home/t5ai/unitree_go2_ws/src/unitree-go2-ros2/install/champ_base/share/champ_base/cmake/ament_cmake_export_dependencies-extras.cmake
[153.390s] -- Installing: /home/t5ai/unitree_go2_ws/src/unitree-go2-ros2/install/champ_base/share/champ_base/cmake/champ_baseConfig.cmake
[153.390s] -- Installing: /home/t5ai/unitree_go2_ws/src/unitree-go2-ros2/install/champ_base/share/champ_base/cmake/champ_baseConfig-version.cmake
[153.390s] -- Installing: /home/t5ai/unitree_go2_ws/src/unitree-go2-ros2/install/champ_base/share/champ_base/package.xml
[153.393s] Invoked command in '/home/t5ai/unitree_go2_ws/src/unitree-go2-ros2/build/champ_base' returned '0': AMENT_PREFIX_PATH=/home/t5ai/unitree_go2_ws/src/unitree-go2-ros2/install/champ_msgs:/home/t5ai/unitree_go2_ws/src/unitree-go2-ros2/install/champ:${AMENT_PREFIX_PATH} CMAKE_PREFIX_PATH=/home/t5ai/unitree_go2_ws/src/unitree-go2-ros2/install/champ_msgs:/home/t5ai/unitree_go2_ws/src/unitree-go2-ros2/install/champ:/home/t5ai/unitree_go2_ws/install/go2_helloworld:/home/t5ai/unitree_go2_ws/install/go2_description:/home/t5ai/unitree_go2_ws/install/go2_config:/home/t5ai/unitree_go2_ws/install/champ_teleop:/home/t5ai/unitree_go2_ws/install/champ_navigation:/home/t5ai/unitree_go2_ws/install/champ_gazebo:/home/t5ai/unitree_go2_ws/install/champ_bringup:/home/t5ai/unitree_go2_ws/install/champ_base:/home/t5ai/unitree_go2_ws/install/champ_msgs:/home/t5ai/unitree_go2_ws/install/champ_description:/home/t5ai/unitree_go2_ws/install/champ_config:/home/t5ai/unitree_go2_ws/install/champ:/home/t5ai/unitree_ros2/cyclonedds_ws/install/unitree_hg:/home/t5ai/unitree_ros2/cyclonedds_ws/install/unitree_go:/home/t5ai/unitree_ros2/cyclonedds_ws/install/unitree_api:/home/t5ai/unitree_ros2/cyclonedds_ws/install/rmw_cyclonedds_cpp:/home/t5ai/unitree_ros2/cyclonedds_ws/install/cyclonedds:/home/t5ai/unitree_go2_ws/install/go2_helloworld_py:/home/t5ai/unitree_go2_ws/install/go2_gait_tools:/opt/ros/humble LD_LIBRARY_PATH=/home/t5ai/unitree_go2_ws/src/unitree-go2-ros2/install/champ_msgs/lib:${LD_LIBRARY_PATH} PYTHONPATH=/home/t5ai/unitree_go2_ws/src/unitree-go2-ros2/install/champ_msgs/local/lib/python3.10/dist-packages:${PYTHONPATH} /usr/bin/cmake --install /home/t5ai/unitree_go2_ws/src/unitree-go2-ros2/build/champ_base
