[0.038s] Invoking command in '/home/t5ai/unitree_go2_ws/src/unitree-go2-ros2/build/go2_config': CMAKE_PREFIX_PATH=${CMAKE_PREFIX_PATH}:/home/t5ai/unitree_go2_ws/install/go2_helloworld_py:/home/t5ai/unitree_go2_ws/install/go2_gait_tools:/opt/ros/humble /usr/bin/cmake /home/t5ai/unitree_go2_ws/src/unitree-go2-ros2/robots/configs/go2_config -DCMAKE_INSTALL_PREFIX=/home/t5ai/unitree_go2_ws/src/unitree-go2-ros2/install/go2_config
[1.686s] -- The C compiler identification is GNU 11.4.0
[1.687s] -- The CXX compiler identification is GNU 11.4.0
[1.687s] -- Detecting C compiler ABI info
[1.687s] -- Detecting C compiler ABI info - done
[1.687s] -- Check for working C compiler: /usr/bin/cc - skipped
[1.687s] -- Detecting C compile features
[1.687s] -- Detecting C compile features - done
[1.687s] -- Detecting CXX compiler ABI info
[1.688s] -- Detecting CXX compiler ABI info - done
[1.688s] -- Check for working CXX compiler: /usr/bin/c++ - skipped
[1.688s] -- Detecting CXX compile features
[1.688s] -- Detecting CXX compile features - done
[1.688s] -- Found ament_cmake: 1.3.11 (/opt/ros/humble/share/ament_cmake/cmake)
[1.688s] -- Found Python3: /usr/bin/python3 (found version "3.10.12") found components: Interpreter 
[1.688s] -- Configuring done
[1.689s] -- Generating done
[1.698s] -- Build files have been written to: /home/t5ai/unitree_go2_ws/src/unitree-go2-ros2/build/go2_config
[1.723s] Invoked command in '/home/t5ai/unitree_go2_ws/src/unitree-go2-ros2/build/go2_config' returned '0': CMAKE_PREFIX_PATH=${CMAKE_PREFIX_PATH}:/home/t5ai/unitree_go2_ws/install/go2_helloworld_py:/home/t5ai/unitree_go2_ws/install/go2_gait_tools:/opt/ros/humble /usr/bin/cmake /home/t5ai/unitree_go2_ws/src/unitree-go2-ros2/robots/configs/go2_config -DCMAKE_INSTALL_PREFIX=/home/t5ai/unitree_go2_ws/src/unitree-go2-ros2/install/go2_config
[1.724s] Invoking command in '/home/t5ai/unitree_go2_ws/src/unitree-go2-ros2/build/go2_config': CMAKE_PREFIX_PATH=${CMAKE_PREFIX_PATH}:/home/t5ai/unitree_go2_ws/install/go2_helloworld_py:/home/t5ai/unitree_go2_ws/install/go2_gait_tools:/opt/ros/humble /usr/bin/cmake --build /home/t5ai/unitree_go2_ws/src/unitree-go2-ros2/build/go2_config -- -j8 -l8
[1.805s] Invoked command in '/home/t5ai/unitree_go2_ws/src/unitree-go2-ros2/build/go2_config' returned '0': CMAKE_PREFIX_PATH=${CMAKE_PREFIX_PATH}:/home/t5ai/unitree_go2_ws/install/go2_helloworld_py:/home/t5ai/unitree_go2_ws/install/go2_gait_tools:/opt/ros/humble /usr/bin/cmake --build /home/t5ai/unitree_go2_ws/src/unitree-go2-ros2/build/go2_config -- -j8 -l8
[1.821s] Invoking command in '/home/t5ai/unitree_go2_ws/src/unitree-go2-ros2/build/go2_config': CMAKE_PREFIX_PATH=${CMAKE_PREFIX_PATH}:/home/t5ai/unitree_go2_ws/install/go2_helloworld_py:/home/t5ai/unitree_go2_ws/install/go2_gait_tools:/opt/ros/humble /usr/bin/cmake --install /home/t5ai/unitree_go2_ws/src/unitree-go2-ros2/build/go2_config
[1.835s] -- Install configuration: ""
[1.835s] -- Installing: /home/t5ai/unitree_go2_ws/src/unitree-go2-ros2/install/go2_config/share/go2_config/launch
[1.835s] -- Installing: /home/t5ai/unitree_go2_ws/src/unitree-go2-ros2/install/go2_config/share/go2_config/launch/gazebo_velodyne.launch.py
[1.836s] -- Installing: /home/t5ai/unitree_go2_ws/src/unitree-go2-ros2/install/go2_config/share/go2_config/launch/bringup.launch.py
[1.836s] -- Installing: /home/t5ai/unitree_go2_ws/src/unitree-go2-ros2/install/go2_config/share/go2_config/launch/gazebo.launch.py
[1.836s] -- Installing: /home/t5ai/unitree_go2_ws/src/unitree-go2-ros2/install/go2_config/share/go2_config/launch/slam.launch.py
[1.839s] -- Installing: /home/t5ai/unitree_go2_ws/src/unitree-go2-ros2/install/go2_config/share/go2_config/launch/navigate.launch.py
[1.839s] -- Installing: /home/t5ai/unitree_go2_ws/src/unitree-go2-ros2/install/go2_config/share/go2_config/config
[1.839s] -- Installing: /home/t5ai/unitree_go2_ws/src/unitree-go2-ros2/install/go2_config/share/go2_config/config/ros_control
[1.839s] -- Installing: /home/t5ai/unitree_go2_ws/src/unitree-go2-ros2/install/go2_config/share/go2_config/config/ros_control/ros_control.yaml
[1.840s] -- Installing: /home/t5ai/unitree_go2_ws/src/unitree-go2-ros2/install/go2_config/share/go2_config/config/links
[1.840s] -- Installing: /home/t5ai/unitree_go2_ws/src/unitree-go2-ros2/install/go2_config/share/go2_config/config/links/links.yaml
[1.840s] -- Installing: /home/t5ai/unitree_go2_ws/src/unitree-go2-ros2/install/go2_config/share/go2_config/config/gait
[1.840s] -- Installing: /home/t5ai/unitree_go2_ws/src/unitree-go2-ros2/install/go2_config/share/go2_config/config/gait/gait.yaml
[1.840s] -- Installing: /home/t5ai/unitree_go2_ws/src/unitree-go2-ros2/install/go2_config/share/go2_config/config/autonomy
[1.843s] -- Installing: /home/t5ai/unitree_go2_ws/src/unitree-go2-ros2/install/go2_config/share/go2_config/config/autonomy/navigation.yaml
[1.851s] -- Installing: /home/t5ai/unitree_go2_ws/src/unitree-go2-ros2/install/go2_config/share/go2_config/config/autonomy/slam.yaml
[1.853s] -- Installing: /home/t5ai/unitree_go2_ws/src/unitree-go2-ros2/install/go2_config/share/go2_config/config/joints
[1.853s] -- Installing: /home/t5ai/unitree_go2_ws/src/unitree-go2-ros2/install/go2_config/share/go2_config/config/joints/joints.yaml
[1.853s] -- Installing: /home/t5ai/unitree_go2_ws/src/unitree-go2-ros2/install/go2_config/share/go2_config/maps
[1.853s] -- Installing: /home/t5ai/unitree_go2_ws/src/unitree-go2-ros2/install/go2_config/share/go2_config/maps/map.pgm
[1.858s] -- Installing: /home/t5ai/unitree_go2_ws/src/unitree-go2-ros2/install/go2_config/share/go2_config/maps/map.yaml
[1.859s] -- Installing: /home/t5ai/unitree_go2_ws/src/unitree-go2-ros2/install/go2_config/share/go2_config/maps/playground.yaml
[1.859s] -- Installing: /home/t5ai/unitree_go2_ws/src/unitree-go2-ros2/install/go2_config/share/go2_config/maps/playground.pgm
[1.861s] -- Installing: /home/t5ai/unitree_go2_ws/src/unitree-go2-ros2/install/go2_config/share/go2_config/worlds
[1.863s] -- Installing: /home/t5ai/unitree_go2_ws/src/unitree-go2-ros2/install/go2_config/share/go2_config/worlds/playground.world
[1.863s] -- Installing: /home/t5ai/unitree_go2_ws/src/unitree-go2-ros2/install/go2_config/share/go2_config/worlds/default.world
[1.863s] -- Installing: /home/t5ai/unitree_go2_ws/src/unitree-go2-ros2/install/go2_config/share/go2_config/worlds/outdoor.world
[1.864s] -- Installing: /home/t5ai/unitree_go2_ws/src/unitree-go2-ros2/install/go2_config/share/ament_index/resource_index/package_run_dependencies/go2_config
[1.864s] -- Installing: /home/t5ai/unitree_go2_ws/src/unitree-go2-ros2/install/go2_config/share/ament_index/resource_index/parent_prefix_path/go2_config
[1.864s] -- Installing: /home/t5ai/unitree_go2_ws/src/unitree-go2-ros2/install/go2_config/share/go2_config/environment/ament_prefix_path.sh
[1.864s] -- Installing: /home/t5ai/unitree_go2_ws/src/unitree-go2-ros2/install/go2_config/share/go2_config/environment/ament_prefix_path.dsv
[1.864s] -- Installing: /home/t5ai/unitree_go2_ws/src/unitree-go2-ros2/install/go2_config/share/go2_config/environment/path.sh
[1.865s] -- Installing: /home/t5ai/unitree_go2_ws/src/unitree-go2-ros2/install/go2_config/share/go2_config/environment/path.dsv
[1.865s] -- Installing: /home/t5ai/unitree_go2_ws/src/unitree-go2-ros2/install/go2_config/share/go2_config/local_setup.bash
[1.865s] -- Installing: /home/t5ai/unitree_go2_ws/src/unitree-go2-ros2/install/go2_config/share/go2_config/local_setup.sh
[1.865s] -- Installing: /home/t5ai/unitree_go2_ws/src/unitree-go2-ros2/install/go2_config/share/go2_config/local_setup.zsh
[1.865s] -- Installing: /home/t5ai/unitree_go2_ws/src/unitree-go2-ros2/install/go2_config/share/go2_config/local_setup.dsv
[1.866s] -- Installing: /home/t5ai/unitree_go2_ws/src/unitree-go2-ros2/install/go2_config/share/go2_config/package.dsv
[1.876s] -- Installing: /home/t5ai/unitree_go2_ws/src/unitree-go2-ros2/install/go2_config/share/ament_index/resource_index/packages/go2_config
[1.876s] -- Installing: /home/t5ai/unitree_go2_ws/src/unitree-go2-ros2/install/go2_config/share/go2_config/cmake/go2_configConfig.cmake
[1.876s] -- Installing: /home/t5ai/unitree_go2_ws/src/unitree-go2-ros2/install/go2_config/share/go2_config/cmake/go2_configConfig-version.cmake
[1.876s] -- Installing: /home/t5ai/unitree_go2_ws/src/unitree-go2-ros2/install/go2_config/share/go2_config/package.xml
[1.913s] Invoked command in '/home/t5ai/unitree_go2_ws/src/unitree-go2-ros2/build/go2_config' returned '0': CMAKE_PREFIX_PATH=${CMAKE_PREFIX_PATH}:/home/t5ai/unitree_go2_ws/install/go2_helloworld_py:/home/t5ai/unitree_go2_ws/install/go2_gait_tools:/opt/ros/humble /usr/bin/cmake --install /home/t5ai/unitree_go2_ws/src/unitree-go2-ros2/build/go2_config
