[0.015s] Invoking command in '/home/t5ai/unitree_go2_ws/src/unitree-go2-ros2/build/champ_gazebo': AMENT_PREFIX_PATH=/home/t5ai/unitree_go2_ws/src/unitree-go2-ros2/install/champ_msgs:/home/t5ai/unitree_go2_ws/src/unitree-go2-ros2/install/champ:${AMENT_PREFIX_PATH} CMAKE_PREFIX_PATH=/home/t5ai/unitree_go2_ws/src/unitree-go2-ros2/install/champ_msgs:/home/t5ai/unitree_go2_ws/src/unitree-go2-ros2/install/champ:/home/t5ai/unitree_go2_ws/install/go2_helloworld:/home/t5ai/unitree_go2_ws/install/go2_description:/home/t5ai/unitree_go2_ws/install/go2_config:/home/t5ai/unitree_go2_ws/install/champ_teleop:/home/t5ai/unitree_go2_ws/install/champ_navigation:/home/t5ai/unitree_go2_ws/install/champ_gazebo:/home/t5ai/unitree_go2_ws/install/champ_bringup:/home/t5ai/unitree_go2_ws/install/champ_base:/home/t5ai/unitree_go2_ws/install/champ_msgs:/home/t5ai/unitree_go2_ws/install/champ_description:/home/t5ai/unitree_go2_ws/install/champ_config:/home/t5ai/unitree_go2_ws/install/champ:/home/t5ai/unitree_ros2/cyclonedds_ws/install/unitree_hg:/home/t5ai/unitree_ros2/cyclonedds_ws/install/unitree_go:/home/t5ai/unitree_ros2/cyclonedds_ws/install/unitree_api:/home/t5ai/unitree_ros2/cyclonedds_ws/install/rmw_cyclonedds_cpp:/home/t5ai/unitree_ros2/cyclonedds_ws/install/cyclonedds:/home/t5ai/unitree_go2_ws/install/go2_helloworld_py:/home/t5ai/unitree_go2_ws/install/go2_gait_tools:/opt/ros/humble LD_LIBRARY_PATH=/home/t5ai/unitree_go2_ws/src/unitree-go2-ros2/install/champ_msgs/lib:${LD_LIBRARY_PATH} PYTHONPATH=/home/t5ai/unitree_go2_ws/src/unitree-go2-ros2/install/champ_msgs/local/lib/python3.10/dist-packages:${PYTHONPATH} /usr/bin/cmake /home/t5ai/unitree_go2_ws/src/unitree-go2-ros2/champ/champ_gazebo -DCMAKE_INSTALL_PREFIX=/home/t5ai/unitree_go2_ws/src/unitree-go2-ros2/install/champ_gazebo
[0.077s] -- The C compiler identification is GNU 11.4.0
[0.141s] -- The CXX compiler identification is GNU 11.4.0
[0.149s] -- Detecting C compiler ABI info
[0.229s] -- Detecting C compiler ABI info - done
[0.239s] -- Check for working C compiler: /usr/bin/cc - skipped
[0.239s] -- Detecting C compile features
[0.239s] -- Detecting C compile features - done
[0.242s] -- Detecting CXX compiler ABI info
[0.331s] -- Detecting CXX compiler ABI info - done
[0.339s] -- Check for working CXX compiler: /usr/bin/c++ - skipped
[0.339s] -- Detecting CXX compile features
[0.340s] -- Detecting CXX compile features - done
[0.344s] -- Found ament_cmake: 1.3.11 (/opt/ros/humble/share/ament_cmake/cmake)
[0.515s] -- Found Python3: /usr/bin/python3 (found version "3.10.12") found components: Interpreter 
[0.682s] -- Found rclcpp: 16.0.12 (/opt/ros/humble/share/rclcpp/cmake)
[0.768s] -- Found rosidl_generator_c: 3.1.6 (/opt/ros/humble/share/rosidl_generator_c/cmake)
[0.779s] -- Found rosidl_adapter: 3.1.6 (/opt/ros/humble/share/rosidl_adapter/cmake)
[0.793s] -- Found rosidl_generator_cpp: 3.1.6 (/opt/ros/humble/share/rosidl_generator_cpp/cmake)
[0.812s] -- Using all available rosidl_typesupport_c: rosidl_typesupport_fastrtps_c;rosidl_typesupport_introspection_c
[0.836s] -- Using all available rosidl_typesupport_cpp: rosidl_typesupport_fastrtps_cpp;rosidl_typesupport_introspection_cpp
[0.907s] -- Found rmw_implementation_cmake: 6.1.2 (/opt/ros/humble/share/rmw_implementation_cmake/cmake)
[0.912s] -- Found rmw_fastrtps_cpp: 6.2.7 (/opt/ros/humble/share/rmw_fastrtps_cpp/cmake)
[1.025s] -- Found OpenSSL: /usr/lib/x86_64-linux-gnu/libcrypto.so (found version "3.0.2")  
[1.062s] -- Found FastRTPS: /opt/ros/humble/include  
[1.113s] -- Using RMW implementation 'rmw_fastrtps_cpp' as default
[1.128s] -- Looking for pthread.h
[1.209s] -- Looking for pthread.h - found
[1.210s] -- Performing Test CMAKE_HAVE_LIBC_PTHREAD
[1.291s] -- Performing Test CMAKE_HAVE_LIBC_PTHREAD - Success
[1.292s] -- Found Threads: TRUE  
[1.362s] -- Found urdf: 2.6.1 (/opt/ros/humble/share/urdf/cmake)
[1.422s] -- Found champ: 0.1.0 (/home/t5ai/unitree_go2_ws/src/unitree-go2-ros2/install/champ/share/champ/cmake)
[1.423s] -- Found champ_msgs: 0.1.0 (/home/t5ai/unitree_go2_ws/src/unitree-go2-ros2/install/champ_msgs/share/champ_msgs/cmake)
[1.461s] -- Found gazebo_ros2_control: 0.4.10 (/opt/ros/humble/share/gazebo_ros2_control/cmake)
[1.714s] -- Found PkgConfig: /usr/bin/pkg-config (found version "0.29.2") 
[1.715s] -- Checking for module 'bullet>=2.82'
[1.731s] --   Found bullet, version 3.05
[1.870s] -- Found fcl: /usr/include (found suitable version "0.7.0", minimum required is "0.5.0") 
[1.936s] -- Found assimp: /usr/include (found version "5.2.0") 
[1.998s] -- Found DART: /usr/include (Required is at least version "6.6") found components: dart 
[2.079s] -- Found Boost: /usr/lib/x86_64-linux-gnu/cmake/Boost-1.74.0/BoostConfig.cmake (found suitable version "1.74.0", minimum required is "1.40.0") found components: thread system filesystem program_options regex iostreams date_time 
[2.118s] -- Found Protobuf: /usr/lib/x86_64-linux-gnu/libprotobuf.so (found version "3.12.4") 
[2.134s] -- Looking for ignition-math6 -- found version 6.15.1
[2.152s] -- Searching for dependencies of ignition-math6
[2.155s] -- Looking for OGRE...
[2.156s] -- OGRE_PREFIX_WATCH changed.
[2.166s] -- Checking for module 'OGRE'
[2.192s] --   Found OGRE, version 1.9.0
[2.252s] -- Found Ogre Ghadamon (1.9.0)
[2.272s] -- Found OGRE: optimized;/usr/lib/x86_64-linux-gnu/libOgreMain.so;debug;/usr/lib/x86_64-linux-gnu/libOgreMain.so
[2.292s] -- Looking for OGRE_Paging...
[2.308s] -- Found OGRE_Paging: optimized;/usr/lib/x86_64-linux-gnu/libOgrePaging.so;debug;/usr/lib/x86_64-linux-gnu/libOgrePaging.so
[2.309s] -- Looking for OGRE_Terrain...
[2.325s] -- Found OGRE_Terrain: optimized;/usr/lib/x86_64-linux-gnu/libOgreTerrain.so;debug;/usr/lib/x86_64-linux-gnu/libOgreTerrain.so
[2.325s] -- Looking for OGRE_Property...
[2.342s] -- Found OGRE_Property: optimized;/usr/lib/x86_64-linux-gnu/libOgreProperty.so;debug;/usr/lib/x86_64-linux-gnu/libOgreProperty.so
[2.342s] -- Looking for OGRE_RTShaderSystem...
[2.358s] -- Found OGRE_RTShaderSystem: optimized;/usr/lib/x86_64-linux-gnu/libOgreRTShaderSystem.so;debug;/usr/lib/x86_64-linux-gnu/libOgreRTShaderSystem.so
[2.359s] -- Looking for OGRE_Volume...
[2.373s] -- Found OGRE_Volume: optimized;/usr/lib/x86_64-linux-gnu/libOgreVolume.so;debug;/usr/lib/x86_64-linux-gnu/libOgreVolume.so
[2.373s] -- Looking for OGRE_Overlay...
[2.388s] -- Found OGRE_Overlay: optimized;/usr/lib/x86_64-linux-gnu/libOgreOverlay.so;debug;/usr/lib/x86_64-linux-gnu/libOgreOverlay.so
[2.823s] -- Looking for ignition-math6 -- found version 6.15.1
[2.838s] -- Looking for ignition-transport8 -- found version 8.2.1
[2.839s] -- Searching for dependencies of ignition-transport8
[2.871s] -- Found Protobuf: /usr/lib/x86_64-linux-gnu/libprotobuf.so (found suitable version "3.12.4", minimum required is "3") 
[2.891s] -- Config-file not installed for ZeroMQ -- checking for pkg-config
[2.900s] -- Checking for module 'libzmq >= 4'
[2.929s] --   Found libzmq , version 4.3.4
[3.002s] -- Found ZeroMQ: TRUE (Required is at least version "4") 
[3.013s] -- Checking for module 'uuid'
[3.040s] --   Found uuid, version 2.37.2
[3.105s] -- Found UUID: TRUE  
[3.112s] -- Looking for ignition-msgs5 -- found version 5.8.1
[3.113s] -- Searching for dependencies of ignition-msgs5
[3.146s] -- Looking for ignition-math6 -- found version 6.15.1
[3.155s] -- Checking for module 'tinyxml2'
[3.182s] --   Found tinyxml2, version 9.0.0
[3.248s] -- Looking for ignition-msgs5 -- found version 5.8.1
[3.257s] -- Looking for ignition-common3 -- found version 3.14.0
[3.257s] -- Searching for dependencies of ignition-common3
[3.258s] -- Looking for dlfcn.h - found
[3.260s] -- Looking for libdl - found
[3.263s] -- Found DL: TRUE  
[3.290s] -- Found tinyobjloader: /usr/lib/x86_64-linux-gnu/cmake/tinyobjloader/tinyobjloader-config.cmake (found version "2.0.0") 
[3.291s] -- Searching for <ignition-common3> component [graphics]
[3.299s] -- Looking for ignition-common3-graphics -- found version 3.14.0
[3.299s] -- Searching for dependencies of ignition-common3-graphics
[3.300s] -- Looking for ignition-math6 -- found version 6.15.1
[3.309s] -- Looking for ignition-fuel_tools4 -- found version 4.4.0
[3.310s] -- Searching for dependencies of ignition-fuel_tools4
[3.470s] -- Found CURL: /usr/lib/x86_64-linux-gnu/libcurl.so (found version "7.81.0")  
[3.496s] -- Checking for module 'jsoncpp'
[3.523s] --   Found jsoncpp, version 1.9.5
[3.588s] -- Found JSONCPP: TRUE  
[3.598s] -- Checking for module 'libzip'
[3.625s] --   Found libzip, version 1.7.3
[3.691s] -- Found ZIP: TRUE  
[3.691s] -- Looking for ignition-common3 -- found version 3.14.0
[3.692s] -- Looking for ignition-math6 -- found version 6.15.1
[3.693s] -- Looking for ignition-msgs5 -- found version 5.8.1
[3.703s] -- Gazebo version: 11.10
[3.703s] -- Checking for module 'tbb'
[3.731s] --   Found tbb, version 2021.5.0
[4.023s] -- Configuring done
[4.165s] -- Generating done
[4.179s] -- Build files have been written to: /home/t5ai/unitree_go2_ws/src/unitree-go2-ros2/build/champ_gazebo
[4.207s] Invoked command in '/home/t5ai/unitree_go2_ws/src/unitree-go2-ros2/build/champ_gazebo' returned '0': AMENT_PREFIX_PATH=/home/t5ai/unitree_go2_ws/src/unitree-go2-ros2/install/champ_msgs:/home/t5ai/unitree_go2_ws/src/unitree-go2-ros2/install/champ:${AMENT_PREFIX_PATH} CMAKE_PREFIX_PATH=/home/t5ai/unitree_go2_ws/src/unitree-go2-ros2/install/champ_msgs:/home/t5ai/unitree_go2_ws/src/unitree-go2-ros2/install/champ:/home/t5ai/unitree_go2_ws/install/go2_helloworld:/home/t5ai/unitree_go2_ws/install/go2_description:/home/t5ai/unitree_go2_ws/install/go2_config:/home/t5ai/unitree_go2_ws/install/champ_teleop:/home/t5ai/unitree_go2_ws/install/champ_navigation:/home/t5ai/unitree_go2_ws/install/champ_gazebo:/home/t5ai/unitree_go2_ws/install/champ_bringup:/home/t5ai/unitree_go2_ws/install/champ_base:/home/t5ai/unitree_go2_ws/install/champ_msgs:/home/t5ai/unitree_go2_ws/install/champ_description:/home/t5ai/unitree_go2_ws/install/champ_config:/home/t5ai/unitree_go2_ws/install/champ:/home/t5ai/unitree_ros2/cyclonedds_ws/install/unitree_hg:/home/t5ai/unitree_ros2/cyclonedds_ws/install/unitree_go:/home/t5ai/unitree_ros2/cyclonedds_ws/install/unitree_api:/home/t5ai/unitree_ros2/cyclonedds_ws/install/rmw_cyclonedds_cpp:/home/t5ai/unitree_ros2/cyclonedds_ws/install/cyclonedds:/home/t5ai/unitree_go2_ws/install/go2_helloworld_py:/home/t5ai/unitree_go2_ws/install/go2_gait_tools:/opt/ros/humble LD_LIBRARY_PATH=/home/t5ai/unitree_go2_ws/src/unitree-go2-ros2/install/champ_msgs/lib:${LD_LIBRARY_PATH} PYTHONPATH=/home/t5ai/unitree_go2_ws/src/unitree-go2-ros2/install/champ_msgs/local/lib/python3.10/dist-packages:${PYTHONPATH} /usr/bin/cmake /home/t5ai/unitree_go2_ws/src/unitree-go2-ros2/champ/champ_gazebo -DCMAKE_INSTALL_PREFIX=/home/t5ai/unitree_go2_ws/src/unitree-go2-ros2/install/champ_gazebo
[4.210s] Invoking command in '/home/t5ai/unitree_go2_ws/src/unitree-go2-ros2/build/champ_gazebo': AMENT_PREFIX_PATH=/home/t5ai/unitree_go2_ws/src/unitree-go2-ros2/install/champ_msgs:/home/t5ai/unitree_go2_ws/src/unitree-go2-ros2/install/champ:${AMENT_PREFIX_PATH} CMAKE_PREFIX_PATH=/home/t5ai/unitree_go2_ws/src/unitree-go2-ros2/install/champ_msgs:/home/t5ai/unitree_go2_ws/src/unitree-go2-ros2/install/champ:/home/t5ai/unitree_go2_ws/install/go2_helloworld:/home/t5ai/unitree_go2_ws/install/go2_description:/home/t5ai/unitree_go2_ws/install/go2_config:/home/t5ai/unitree_go2_ws/install/champ_teleop:/home/t5ai/unitree_go2_ws/install/champ_navigation:/home/t5ai/unitree_go2_ws/install/champ_gazebo:/home/t5ai/unitree_go2_ws/install/champ_bringup:/home/t5ai/unitree_go2_ws/install/champ_base:/home/t5ai/unitree_go2_ws/install/champ_msgs:/home/t5ai/unitree_go2_ws/install/champ_description:/home/t5ai/unitree_go2_ws/install/champ_config:/home/t5ai/unitree_go2_ws/install/champ:/home/t5ai/unitree_ros2/cyclonedds_ws/install/unitree_hg:/home/t5ai/unitree_ros2/cyclonedds_ws/install/unitree_go:/home/t5ai/unitree_ros2/cyclonedds_ws/install/unitree_api:/home/t5ai/unitree_ros2/cyclonedds_ws/install/rmw_cyclonedds_cpp:/home/t5ai/unitree_ros2/cyclonedds_ws/install/cyclonedds:/home/t5ai/unitree_go2_ws/install/go2_helloworld_py:/home/t5ai/unitree_go2_ws/install/go2_gait_tools:/opt/ros/humble LD_LIBRARY_PATH=/home/t5ai/unitree_go2_ws/src/unitree-go2-ros2/install/champ_msgs/lib:${LD_LIBRARY_PATH} PYTHONPATH=/home/t5ai/unitree_go2_ws/src/unitree-go2-ros2/install/champ_msgs/local/lib/python3.10/dist-packages:${PYTHONPATH} /usr/bin/cmake --build /home/t5ai/unitree_go2_ws/src/unitree-go2-ros2/build/champ_gazebo -- -j8 -l8
[4.309s] [ 50%] [32mBuilding CXX object CMakeFiles/contact_sensor.dir/src/contact_sensor.cpp.o[0m
[140.548s] [100%] [32m[1mLinking CXX executable contact_sensor[0m
[142.685s] [100%] Built target contact_sensor
[142.701s] Invoked command in '/home/t5ai/unitree_go2_ws/src/unitree-go2-ros2/build/champ_gazebo' returned '0': AMENT_PREFIX_PATH=/home/t5ai/unitree_go2_ws/src/unitree-go2-ros2/install/champ_msgs:/home/t5ai/unitree_go2_ws/src/unitree-go2-ros2/install/champ:${AMENT_PREFIX_PATH} CMAKE_PREFIX_PATH=/home/t5ai/unitree_go2_ws/src/unitree-go2-ros2/install/champ_msgs:/home/t5ai/unitree_go2_ws/src/unitree-go2-ros2/install/champ:/home/t5ai/unitree_go2_ws/install/go2_helloworld:/home/t5ai/unitree_go2_ws/install/go2_description:/home/t5ai/unitree_go2_ws/install/go2_config:/home/t5ai/unitree_go2_ws/install/champ_teleop:/home/t5ai/unitree_go2_ws/install/champ_navigation:/home/t5ai/unitree_go2_ws/install/champ_gazebo:/home/t5ai/unitree_go2_ws/install/champ_bringup:/home/t5ai/unitree_go2_ws/install/champ_base:/home/t5ai/unitree_go2_ws/install/champ_msgs:/home/t5ai/unitree_go2_ws/install/champ_description:/home/t5ai/unitree_go2_ws/install/champ_config:/home/t5ai/unitree_go2_ws/install/champ:/home/t5ai/unitree_ros2/cyclonedds_ws/install/unitree_hg:/home/t5ai/unitree_ros2/cyclonedds_ws/install/unitree_go:/home/t5ai/unitree_ros2/cyclonedds_ws/install/unitree_api:/home/t5ai/unitree_ros2/cyclonedds_ws/install/rmw_cyclonedds_cpp:/home/t5ai/unitree_ros2/cyclonedds_ws/install/cyclonedds:/home/t5ai/unitree_go2_ws/install/go2_helloworld_py:/home/t5ai/unitree_go2_ws/install/go2_gait_tools:/opt/ros/humble LD_LIBRARY_PATH=/home/t5ai/unitree_go2_ws/src/unitree-go2-ros2/install/champ_msgs/lib:${LD_LIBRARY_PATH} PYTHONPATH=/home/t5ai/unitree_go2_ws/src/unitree-go2-ros2/install/champ_msgs/local/lib/python3.10/dist-packages:${PYTHONPATH} /usr/bin/cmake --build /home/t5ai/unitree_go2_ws/src/unitree-go2-ros2/build/champ_gazebo -- -j8 -l8
[142.704s] Invoking command in '/home/t5ai/unitree_go2_ws/src/unitree-go2-ros2/build/champ_gazebo': AMENT_PREFIX_PATH=/home/t5ai/unitree_go2_ws/src/unitree-go2-ros2/install/champ_msgs:/home/t5ai/unitree_go2_ws/src/unitree-go2-ros2/install/champ:${AMENT_PREFIX_PATH} CMAKE_PREFIX_PATH=/home/t5ai/unitree_go2_ws/src/unitree-go2-ros2/install/champ_msgs:/home/t5ai/unitree_go2_ws/src/unitree-go2-ros2/install/champ:/home/t5ai/unitree_go2_ws/install/go2_helloworld:/home/t5ai/unitree_go2_ws/install/go2_description:/home/t5ai/unitree_go2_ws/install/go2_config:/home/t5ai/unitree_go2_ws/install/champ_teleop:/home/t5ai/unitree_go2_ws/install/champ_navigation:/home/t5ai/unitree_go2_ws/install/champ_gazebo:/home/t5ai/unitree_go2_ws/install/champ_bringup:/home/t5ai/unitree_go2_ws/install/champ_base:/home/t5ai/unitree_go2_ws/install/champ_msgs:/home/t5ai/unitree_go2_ws/install/champ_description:/home/t5ai/unitree_go2_ws/install/champ_config:/home/t5ai/unitree_go2_ws/install/champ:/home/t5ai/unitree_ros2/cyclonedds_ws/install/unitree_hg:/home/t5ai/unitree_ros2/cyclonedds_ws/install/unitree_go:/home/t5ai/unitree_ros2/cyclonedds_ws/install/unitree_api:/home/t5ai/unitree_ros2/cyclonedds_ws/install/rmw_cyclonedds_cpp:/home/t5ai/unitree_ros2/cyclonedds_ws/install/cyclonedds:/home/t5ai/unitree_go2_ws/install/go2_helloworld_py:/home/t5ai/unitree_go2_ws/install/go2_gait_tools:/opt/ros/humble LD_LIBRARY_PATH=/home/t5ai/unitree_go2_ws/src/unitree-go2-ros2/install/champ_msgs/lib:${LD_LIBRARY_PATH} PYTHONPATH=/home/t5ai/unitree_go2_ws/src/unitree-go2-ros2/install/champ_msgs/local/lib/python3.10/dist-packages:${PYTHONPATH} /usr/bin/cmake --install /home/t5ai/unitree_go2_ws/src/unitree-go2-ros2/build/champ_gazebo
[142.714s] -- Install configuration: ""
[142.715s] -- Installing: /home/t5ai/unitree_go2_ws/src/unitree-go2-ros2/install/champ_gazebo/bin/imu_sensor.py
[142.715s] -- Installing: /home/t5ai/unitree_go2_ws/src/unitree-go2-ros2/install/champ_gazebo/bin/odometry_tf.py
[142.715s] -- Installing: /home/t5ai/unitree_go2_ws/src/unitree-go2-ros2/install/champ_gazebo/bin/odometry.py
[142.715s] -- Installing: /home/t5ai/unitree_go2_ws/src/unitree-go2-ros2/install/champ_gazebo/lib/champ_gazebo/contact_sensor
[142.718s] -- Set runtime path of "/home/t5ai/unitree_go2_ws/src/unitree-go2-ros2/install/champ_gazebo/lib/champ_gazebo/contact_sensor" to ""
[142.718s] -- Installing: /home/t5ai/unitree_go2_ws/src/unitree-go2-ros2/install/champ_gazebo/share/champ_gazebo/launch
[142.718s] -- Installing: /home/t5ai/unitree_go2_ws/src/unitree-go2-ros2/install/champ_gazebo/share/champ_gazebo/launch/gazebo.launch.py
[142.718s] -- Installing: /home/t5ai/unitree_go2_ws/src/unitree-go2-ros2/install/champ_gazebo/share/champ_gazebo/launch/spawn_robot.launch
[142.719s] -- Installing: /home/t5ai/unitree_go2_ws/src/unitree-go2-ros2/install/champ_gazebo/share/champ_gazebo/launch/spawn_world.launch
[142.719s] -- Installing: /home/t5ai/unitree_go2_ws/src/unitree-go2-ros2/install/champ_gazebo/share/champ_gazebo/launch/gazebo.launch
[142.719s] -- Installing: /home/t5ai/unitree_go2_ws/src/unitree-go2-ros2/install/champ_gazebo/share/champ_gazebo/config
[142.719s] -- Installing: /home/t5ai/unitree_go2_ws/src/unitree-go2-ros2/install/champ_gazebo/share/champ_gazebo/config/ros_control.yaml
[142.719s] -- Installing: /home/t5ai/unitree_go2_ws/src/unitree-go2-ros2/install/champ_gazebo/share/champ_gazebo/config/gazebo.yaml
[142.719s] -- Installing: /home/t5ai/unitree_go2_ws/src/unitree-go2-ros2/install/champ_gazebo/share/champ_gazebo/worlds
[142.720s] -- Installing: /home/t5ai/unitree_go2_ws/src/unitree-go2-ros2/install/champ_gazebo/share/champ_gazebo/worlds/playground.world
[142.720s] -- Installing: /home/t5ai/unitree_go2_ws/src/unitree-go2-ros2/install/champ_gazebo/share/champ_gazebo/worlds/default.world
[142.720s] -- Installing: /home/t5ai/unitree_go2_ws/src/unitree-go2-ros2/install/champ_gazebo/share/champ_gazebo/worlds/outdoor.world
[142.721s] -- Installing: /home/t5ai/unitree_go2_ws/src/unitree-go2-ros2/install/champ_gazebo/share/ament_index/resource_index/package_run_dependencies/champ_gazebo
[142.722s] -- Installing: /home/t5ai/unitree_go2_ws/src/unitree-go2-ros2/install/champ_gazebo/share/ament_index/resource_index/parent_prefix_path/champ_gazebo
[142.723s] -- Installing: /home/t5ai/unitree_go2_ws/src/unitree-go2-ros2/install/champ_gazebo/share/champ_gazebo/environment/ament_prefix_path.sh
[142.723s] -- Installing: /home/t5ai/unitree_go2_ws/src/unitree-go2-ros2/install/champ_gazebo/share/champ_gazebo/environment/ament_prefix_path.dsv
[142.723s] -- Installing: /home/t5ai/unitree_go2_ws/src/unitree-go2-ros2/install/champ_gazebo/share/champ_gazebo/environment/path.sh
[142.723s] -- Installing: /home/t5ai/unitree_go2_ws/src/unitree-go2-ros2/install/champ_gazebo/share/champ_gazebo/environment/path.dsv
[142.724s] -- Installing: /home/t5ai/unitree_go2_ws/src/unitree-go2-ros2/install/champ_gazebo/share/champ_gazebo/local_setup.bash
[142.724s] -- Installing: /home/t5ai/unitree_go2_ws/src/unitree-go2-ros2/install/champ_gazebo/share/champ_gazebo/local_setup.sh
[142.724s] -- Installing: /home/t5ai/unitree_go2_ws/src/unitree-go2-ros2/install/champ_gazebo/share/champ_gazebo/local_setup.zsh
[142.724s] -- Installing: /home/t5ai/unitree_go2_ws/src/unitree-go2-ros2/install/champ_gazebo/share/champ_gazebo/local_setup.dsv
[142.724s] -- Installing: /home/t5ai/unitree_go2_ws/src/unitree-go2-ros2/install/champ_gazebo/share/champ_gazebo/package.dsv
[142.725s] -- Installing: /home/t5ai/unitree_go2_ws/src/unitree-go2-ros2/install/champ_gazebo/share/ament_index/resource_index/packages/champ_gazebo
[142.725s] -- Installing: /home/t5ai/unitree_go2_ws/src/unitree-go2-ros2/install/champ_gazebo/share/champ_gazebo/cmake/ament_cmake_export_include_directories-extras.cmake
[142.725s] -- Installing: /home/t5ai/unitree_go2_ws/src/unitree-go2-ros2/install/champ_gazebo/share/champ_gazebo/cmake/ament_cmake_export_dependencies-extras.cmake
[142.726s] -- Installing: /home/t5ai/unitree_go2_ws/src/unitree-go2-ros2/install/champ_gazebo/share/champ_gazebo/cmake/champ_gazeboConfig.cmake
[142.726s] -- Installing: /home/t5ai/unitree_go2_ws/src/unitree-go2-ros2/install/champ_gazebo/share/champ_gazebo/cmake/champ_gazeboConfig-version.cmake
[142.726s] -- Installing: /home/t5ai/unitree_go2_ws/src/unitree-go2-ros2/install/champ_gazebo/share/champ_gazebo/package.xml
[142.729s] Invoked command in '/home/t5ai/unitree_go2_ws/src/unitree-go2-ros2/build/champ_gazebo' returned '0': AMENT_PREFIX_PATH=/home/t5ai/unitree_go2_ws/src/unitree-go2-ros2/install/champ_msgs:/home/t5ai/unitree_go2_ws/src/unitree-go2-ros2/install/champ:${AMENT_PREFIX_PATH} CMAKE_PREFIX_PATH=/home/t5ai/unitree_go2_ws/src/unitree-go2-ros2/install/champ_msgs:/home/t5ai/unitree_go2_ws/src/unitree-go2-ros2/install/champ:/home/t5ai/unitree_go2_ws/install/go2_helloworld:/home/t5ai/unitree_go2_ws/install/go2_description:/home/t5ai/unitree_go2_ws/install/go2_config:/home/t5ai/unitree_go2_ws/install/champ_teleop:/home/t5ai/unitree_go2_ws/install/champ_navigation:/home/t5ai/unitree_go2_ws/install/champ_gazebo:/home/t5ai/unitree_go2_ws/install/champ_bringup:/home/t5ai/unitree_go2_ws/install/champ_base:/home/t5ai/unitree_go2_ws/install/champ_msgs:/home/t5ai/unitree_go2_ws/install/champ_description:/home/t5ai/unitree_go2_ws/install/champ_config:/home/t5ai/unitree_go2_ws/install/champ:/home/t5ai/unitree_ros2/cyclonedds_ws/install/unitree_hg:/home/t5ai/unitree_ros2/cyclonedds_ws/install/unitree_go:/home/t5ai/unitree_ros2/cyclonedds_ws/install/unitree_api:/home/t5ai/unitree_ros2/cyclonedds_ws/install/rmw_cyclonedds_cpp:/home/t5ai/unitree_ros2/cyclonedds_ws/install/cyclonedds:/home/t5ai/unitree_go2_ws/install/go2_helloworld_py:/home/t5ai/unitree_go2_ws/install/go2_gait_tools:/opt/ros/humble LD_LIBRARY_PATH=/home/t5ai/unitree_go2_ws/src/unitree-go2-ros2/install/champ_msgs/lib:${LD_LIBRARY_PATH} PYTHONPATH=/home/t5ai/unitree_go2_ws/src/unitree-go2-ros2/install/champ_msgs/local/lib/python3.10/dist-packages:${PYTHONPATH} /usr/bin/cmake --install /home/t5ai/unitree_go2_ws/src/unitree-go2-ros2/build/champ_gazebo
